<?xml version="1.0" encoding="UTF-8"?>
<testng-results skipped="108" failed="1" total="117" passed="8">
  <reporter-output>
  </reporter-output>
  <suite name="Login" duration-ms="34501" started-at="2015-09-09T10:18:53Z" finished-at="2015-09-09T10:19:28Z">
    <groups>
    </groups>
    <test name="Check Runmode of Suite" duration-ms="7" started-at="2015-09-09T10:18:53Z" finished-at="2015-09-09T10:18:53Z">
    </test> <!-- Check Runmode of Suite -->
    <test name="ET Lost Username and Password" duration-ms="18" started-at="2015-09-09T10:18:53Z" finished-at="2015-09-09T10:18:53Z">
      <class name="com.suiteLogin.TestCase_ETLostUserIDPassword">
        <test-method status="SKIP" signature="checkTestSkip()[pri:0, instance:com.suiteLogin.TestCase_ETLostUserIDPassword@5fa5eea1]" name="checkTestSkip" is-config="true" duration-ms="0" started-at="2015-09-09T15:48:53Z" finished-at="2015-09-09T15:48:53Z">
          <exception class="org.testng.SkipException">
            <message>
              <![CDATA[Runmode of 'TestCase_ETLostUserIDPassword' is set to 'NO', hence Skipping it!]]>
            </message>
            <full-stacktrace>
              <![CDATA[org.testng.SkipException: Runmode of 'TestCase_ETLostUserIDPassword' is set to 'NO', hence Skipping it!
	at Util.TestUtil.checkTestSkip(TestUtil.java:157)
	at com.suiteLogin.TestCase_ETLostUserIDPassword.checkTestSkip(TestCase_ETLostUserIDPassword.java:20)
	at sun.reflect.NativeMethodAccessorImpl.invoke0(Native Method)
	at sun.reflect.NativeMethodAccessorImpl.invoke(Unknown Source)
	at sun.reflect.DelegatingMethodAccessorImpl.invoke(Unknown Source)
	at java.lang.reflect.Method.invoke(Unknown Source)
	at org.testng.internal.MethodInvocationHelper.invokeMethod(MethodInvocationHelper.java:84)
	at org.testng.internal.Invoker.invokeConfigurationMethod(Invoker.java:564)
	at org.testng.internal.Invoker.invokeConfigurations(Invoker.java:213)
	at org.testng.internal.Invoker.invokeConfigurations(Invoker.java:138)
	at org.testng.TestRunner.beforeRun(TestRunner.java:641)
	at org.testng.TestRunner.run(TestRunner.java:609)
	at org.testng.SuiteRunner.runTest(SuiteRunner.java:334)
	at org.testng.SuiteRunner.runSequentially(SuiteRunner.java:329)
	at org.testng.SuiteRunner.privateRun(SuiteRunner.java:291)
	at org.testng.SuiteRunner.run(SuiteRunner.java:240)
	at org.testng.SuiteRunnerWorker.runSuite(SuiteRunnerWorker.java:52)
	at org.testng.SuiteRunnerWorker.run(SuiteRunnerWorker.java:86)
	at org.testng.TestNG.runSuitesSequentially(TestNG.java:1224)
	at org.testng.TestNG.runSuitesSequentially(TestNG.java:1220)
	at org.testng.TestNG.runSuitesLocally(TestNG.java:1149)
	at org.testng.TestNG.run(TestNG.java:1057)
	at org.testng.remote.RemoteTestNG.run(RemoteTestNG.java:111)
	at org.testng.remote.RemoteTestNG.initAndRun(RemoteTestNG.java:204)
	at org.testng.remote.RemoteTestNG.main(RemoteTestNG.java:175)
]]>
            </full-stacktrace>
          </exception> <!-- org.testng.SkipException -->
          <reporter-output>
          </reporter-output>
        </test-method> <!-- checkTestSkip -->
        <test-method status="SKIP" signature="TestCaseETLostUserIDPassword()[pri:0, instance:com.suiteLogin.TestCase_ETLostUserIDPassword@5fa5eea1]" name="TestCaseETLostUserIDPassword" duration-ms="1" started-at="2015-09-09T15:48:53Z" finished-at="2015-09-09T15:48:53Z">
          <reporter-output>
          </reporter-output>
        </test-method> <!-- TestCaseETLostUserIDPassword -->
        <test-method status="SKIP" signature="DefaultResult(org.testng.ITestResult)[pri:0, instance:com.suiteLogin.TestCase_ETLostUserIDPassword@5fa5eea1]" name="DefaultResult" is-config="true" duration-ms="0" started-at="2015-09-09T15:48:53Z" finished-at="2015-09-09T15:48:53Z">
          <reporter-output>
          </reporter-output>
        </test-method> <!-- DefaultResult -->
      </class> <!-- com.suiteLogin.TestCase_ETLostUserIDPassword -->
    </test> <!-- ET Lost Username and Password -->
    <test name="Login Test Case" duration-ms="34443" started-at="2015-09-09T10:18:53Z" finished-at="2015-09-09T10:19:28Z">
      <class name="com.suiteLogin.TestSuiteBase">
        <test-method status="PASS" signature="checkSuiteSkip()[pri:0, instance:com.suiteLogin.TestSuiteBase@1aa6a14b]" name="checkSuiteSkip" is-config="true" duration-ms="1654" started-at="2015-09-09T15:48:52Z" finished-at="2015-09-09T15:48:53Z">
          <reporter-output>
          </reporter-output>
        </test-method> <!-- checkSuiteSkip -->
      </class> <!-- com.suiteLogin.TestSuiteBase -->
      <class name="com.suiteLogin.TestCase_Login">
        <test-method status="PASS" signature="checkTestSkip()[pri:0, instance:com.suiteLogin.TestCase_Login@16daece7]" name="checkTestSkip" is-config="true" duration-ms="2" started-at="2015-09-09T15:48:53Z" finished-at="2015-09-09T15:48:53Z">
          <reporter-output>
          </reporter-output>
        </test-method> <!-- checkTestSkip -->
        <test-method status="PASS" signature="TestCaseLogin()[pri:0, instance:com.suiteLogin.TestCase_Login@16daece7]" name="TestCaseLogin" duration-ms="34435" started-at="2015-09-09T15:48:53Z" finished-at="2015-09-09T15:49:28Z">
          <reporter-output>
          </reporter-output>
        </test-method> <!-- TestCaseLogin -->
        <test-method status="PASS" signature="DefaultResult(org.testng.ITestResult)[pri:0, instance:com.suiteLogin.TestCase_Login@16daece7]" name="DefaultResult" is-config="true" duration-ms="2" started-at="2015-09-09T15:49:28Z" finished-at="2015-09-09T15:49:28Z">
          <params>
            <param index="0">
              <value>
                <![CDATA[[TestResult name=TestCaseLogin status=SUCCESS method=TestCase_Login.TestCaseLogin()[pri:0, instance:com.suiteLogin.TestCase_Login@16daece7] output={null}]]]>
              </value>
            </param>
          </params>
          <reporter-output>
          </reporter-output>
        </test-method> <!-- DefaultResult -->
      </class> <!-- com.suiteLogin.TestCase_Login -->
    </test> <!-- Login Test Case -->
  </suite> <!-- Login -->
  <suite name="Users Test Cases" duration-ms="566" started-at="2015-09-09T10:19:30Z" finished-at="2015-09-09T10:19:30Z">
    <groups>
    </groups>
    <test name="Check Runmode of Suite" duration-ms="1" started-at="2015-09-09T10:19:30Z" finished-at="2015-09-09T10:19:30Z">
    </test> <!-- Check Runmode of Suite -->
    <test name="Create New User" duration-ms="3" started-at="2015-09-09T10:19:30Z" finished-at="2015-09-09T10:19:30Z">
      <class name="com.suiteUsers.TestCase_CreateUser">
        <test-method status="SKIP" signature="verifyCreateUser()[pri:0, instance:com.suiteUsers.TestCase_CreateUser@47c72280]" name="verifyCreateUser" duration-ms="1" started-at="2015-09-09T15:49:30Z" finished-at="2015-09-09T15:49:30Z">
          <reporter-output>
          </reporter-output>
        </test-method> <!-- verifyCreateUser -->
        <test-method status="SKIP" signature="checkTestSkip()[pri:0, instance:com.suiteUsers.TestCase_CreateUser@47c72280]" name="checkTestSkip" is-config="true" duration-ms="0" started-at="2015-09-09T15:49:30Z" finished-at="2015-09-09T15:49:30Z">
          <reporter-output>
          </reporter-output>
        </test-method> <!-- checkTestSkip -->
        <test-method status="SKIP" signature="DefaultResult(org.testng.ITestResult)[pri:0, instance:com.suiteUsers.TestCase_CreateUser@47c72280]" name="DefaultResult" is-config="true" duration-ms="0" started-at="2015-09-09T15:49:30Z" finished-at="2015-09-09T15:49:30Z">
          <reporter-output>
          </reporter-output>
        </test-method> <!-- DefaultResult -->
      </class> <!-- com.suiteUsers.TestCase_CreateUser -->
    </test> <!-- Create New User -->
    <test name="Create a Restricted User" duration-ms="5" started-at="2015-09-09T10:19:30Z" finished-at="2015-09-09T10:19:30Z">
      <class name="com.suiteUsers.TestCase_CreateRestrictedUser">
        <test-method status="SKIP" signature="checkTestSkip()[pri:0, instance:com.suiteUsers.TestCase_CreateRestrictedUser@4504f60c]" name="checkTestSkip" is-config="true" duration-ms="0" started-at="2015-09-09T15:49:30Z" finished-at="2015-09-09T15:49:30Z">
          <reporter-output>
          </reporter-output>
        </test-method> <!-- checkTestSkip -->
        <test-method status="SKIP" signature="verifyCreateRestrictedUser()[pri:0, instance:com.suiteUsers.TestCase_CreateRestrictedUser@4504f60c]" name="verifyCreateRestrictedUser" duration-ms="1" started-at="2015-09-09T15:49:30Z" finished-at="2015-09-09T15:49:30Z">
          <reporter-output>
          </reporter-output>
        </test-method> <!-- verifyCreateRestrictedUser -->
        <test-method status="SKIP" signature="DefaultResult(org.testng.ITestResult)[pri:0, instance:com.suiteUsers.TestCase_CreateRestrictedUser@4504f60c]" name="DefaultResult" is-config="true" duration-ms="0" started-at="2015-09-09T15:49:30Z" finished-at="2015-09-09T15:49:30Z">
          <reporter-output>
          </reporter-output>
        </test-method> <!-- DefaultResult -->
      </class> <!-- com.suiteUsers.TestCase_CreateRestrictedUser -->
    </test> <!-- Create a Restricted User -->
    <test name="Check Include grader only account search" duration-ms="472" started-at="2015-09-09T10:19:30Z" finished-at="2015-09-09T10:19:30Z">
      <class name="com.suiteUsers.TestCase_IncludeGraderOnlyAccountsCheck">
        <test-method status="SKIP" signature="checkTestSkip()[pri:0, instance:com.suiteUsers.TestCase_IncludeGraderOnlyAccountsCheck@7729617b]" name="checkTestSkip" is-config="true" duration-ms="0" started-at="2015-09-09T15:49:30Z" finished-at="2015-09-09T15:49:30Z">
          <reporter-output>
          </reporter-output>
        </test-method> <!-- checkTestSkip -->
        <test-method status="SKIP" signature="verifyIncludeGraderOnlyAccountsCheck()[pri:0, instance:com.suiteUsers.TestCase_IncludeGraderOnlyAccountsCheck@7729617b]" name="verifyIncludeGraderOnlyAccountsCheck" duration-ms="1" started-at="2015-09-09T15:49:30Z" finished-at="2015-09-09T15:49:30Z">
          <reporter-output>
          </reporter-output>
        </test-method> <!-- verifyIncludeGraderOnlyAccountsCheck -->
        <test-method status="SKIP" signature="DefaultResult(org.testng.ITestResult)[pri:0, instance:com.suiteUsers.TestCase_IncludeGraderOnlyAccountsCheck@7729617b]" name="DefaultResult" is-config="true" duration-ms="0" started-at="2015-09-09T15:49:30Z" finished-at="2015-09-09T15:49:30Z">
          <reporter-output>
          </reporter-output>
        </test-method> <!-- DefaultResult -->
      </class> <!-- com.suiteUsers.TestCase_IncludeGraderOnlyAccountsCheck -->
    </test> <!-- Check Include grader only account search -->
    <test name="Email a User" duration-ms="19" started-at="2015-09-09T10:19:30Z" finished-at="2015-09-09T10:19:30Z">
      <class name="com.suiteUsers.TestCase_EmailUser">
        <test-method status="SKIP" signature="checkTestSkip()[pri:0, instance:com.suiteUsers.TestCase_EmailUser@56811df]" name="checkTestSkip" is-config="true" duration-ms="0" started-at="2015-09-09T15:49:30Z" finished-at="2015-09-09T15:49:30Z">
          <reporter-output>
          </reporter-output>
        </test-method> <!-- checkTestSkip -->
        <test-method status="SKIP" signature="verifyEmailUser()[pri:0, instance:com.suiteUsers.TestCase_EmailUser@56811df]" name="verifyEmailUser" duration-ms="1" started-at="2015-09-09T15:49:30Z" finished-at="2015-09-09T15:49:30Z">
          <reporter-output>
          </reporter-output>
        </test-method> <!-- verifyEmailUser -->
        <test-method status="SKIP" signature="DefaultResult(org.testng.ITestResult)[pri:0, instance:com.suiteUsers.TestCase_EmailUser@56811df]" name="DefaultResult" is-config="true" duration-ms="0" started-at="2015-09-09T15:49:30Z" finished-at="2015-09-09T15:49:30Z">
          <reporter-output>
          </reporter-output>
        </test-method> <!-- DefaultResult -->
      </class> <!-- com.suiteUsers.TestCase_EmailUser -->
    </test> <!-- Email a User -->
    <test name="Edit a User" duration-ms="4" started-at="2015-09-09T10:19:30Z" finished-at="2015-09-09T10:19:30Z">
      <class name="com.suiteUsers.TestCase_EditUser">
        <test-method status="SKIP" signature="checkTestSkip()[pri:0, instance:com.suiteUsers.TestCase_EditUser@70092adf]" name="checkTestSkip" is-config="true" duration-ms="0" started-at="2015-09-09T15:49:30Z" finished-at="2015-09-09T15:49:30Z">
          <reporter-output>
          </reporter-output>
        </test-method> <!-- checkTestSkip -->
        <test-method status="SKIP" signature="verifyEditUser()[pri:0, instance:com.suiteUsers.TestCase_EditUser@70092adf]" name="verifyEditUser" duration-ms="0" started-at="2015-09-09T15:49:30Z" finished-at="2015-09-09T15:49:30Z">
          <reporter-output>
          </reporter-output>
        </test-method> <!-- verifyEditUser -->
        <test-method status="SKIP" signature="DefaultResult(org.testng.ITestResult)[pri:0, instance:com.suiteUsers.TestCase_EditUser@70092adf]" name="DefaultResult" is-config="true" duration-ms="0" started-at="2015-09-09T15:49:30Z" finished-at="2015-09-09T15:49:30Z">
          <reporter-output>
          </reporter-output>
        </test-method> <!-- DefaultResult -->
      </class> <!-- com.suiteUsers.TestCase_EditUser -->
    </test> <!-- Edit a User -->
    <test name="Delete a User" duration-ms="16" started-at="2015-09-09T10:19:30Z" finished-at="2015-09-09T10:19:30Z">
      <class name="com.suiteUsers.TestSuiteBase">
        <test-method status="SKIP" signature="checkSuiteSkip()[pri:0, instance:com.suiteUsers.TestSuiteBase@37bb2525]" name="checkSuiteSkip" is-config="true" duration-ms="0" started-at="2015-09-09T15:49:30Z" finished-at="2015-09-09T15:49:30Z">
          <exception class="org.testng.SkipException">
            <message>
              <![CDATA[Runmode of 'UsersSuite' is set to 'NO', hence skipping all tests in Suite!]]>
            </message>
            <full-stacktrace>
              <![CDATA[org.testng.SkipException: Runmode of 'UsersSuite' is set to 'NO', hence skipping all tests in Suite!
	at Util.TestUtil.checkSuiteSkip(TestUtil.java:137)
	at com.suiteUsers.TestSuiteBase.checkSuiteSkip(TestSuiteBase.java:13)
	at sun.reflect.NativeMethodAccessorImpl.invoke0(Native Method)
	at sun.reflect.NativeMethodAccessorImpl.invoke(Unknown Source)
	at sun.reflect.DelegatingMethodAccessorImpl.invoke(Unknown Source)
	at java.lang.reflect.Method.invoke(Unknown Source)
	at org.testng.internal.MethodInvocationHelper.invokeMethod(MethodInvocationHelper.java:84)
	at org.testng.internal.Invoker.invokeConfigurationMethod(Invoker.java:564)
	at org.testng.internal.Invoker.invokeConfigurations(Invoker.java:213)
	at org.testng.internal.Invoker.invokeConfigurations(Invoker.java:138)
	at org.testng.SuiteRunner.privateRun(SuiteRunner.java:277)
	at org.testng.SuiteRunner.run(SuiteRunner.java:240)
	at org.testng.SuiteRunnerWorker.runSuite(SuiteRunnerWorker.java:52)
	at org.testng.SuiteRunnerWorker.run(SuiteRunnerWorker.java:86)
	at org.testng.TestNG.runSuitesSequentially(TestNG.java:1224)
	at org.testng.TestNG.runSuitesSequentially(TestNG.java:1220)
	at org.testng.TestNG.runSuitesLocally(TestNG.java:1149)
	at org.testng.TestNG.run(TestNG.java:1057)
	at org.testng.remote.RemoteTestNG.run(RemoteTestNG.java:111)
	at org.testng.remote.RemoteTestNG.initAndRun(RemoteTestNG.java:204)
	at org.testng.remote.RemoteTestNG.main(RemoteTestNG.java:175)
]]>
            </full-stacktrace>
          </exception> <!-- org.testng.SkipException -->
          <reporter-output>
          </reporter-output>
        </test-method> <!-- checkSuiteSkip -->
      </class> <!-- com.suiteUsers.TestSuiteBase -->
      <class name="com.suiteUsers.TestCase_DeleteUser">
        <test-method status="SKIP" signature="checkTestSkip()[pri:0, instance:com.suiteUsers.TestCase_DeleteUser@b240236]" name="checkTestSkip" is-config="true" duration-ms="0" started-at="2015-09-09T15:49:30Z" finished-at="2015-09-09T15:49:30Z">
          <reporter-output>
          </reporter-output>
        </test-method> <!-- checkTestSkip -->
        <test-method status="SKIP" signature="verifyDeleteUser()[pri:0, instance:com.suiteUsers.TestCase_DeleteUser@b240236]" name="verifyDeleteUser" duration-ms="12" started-at="2015-09-09T15:49:30Z" finished-at="2015-09-09T15:49:30Z">
          <reporter-output>
          </reporter-output>
        </test-method> <!-- verifyDeleteUser -->
        <test-method status="SKIP" signature="DefaultResult(org.testng.ITestResult)[pri:0, instance:com.suiteUsers.TestCase_DeleteUser@b240236]" name="DefaultResult" is-config="true" duration-ms="0" started-at="2015-09-09T15:49:30Z" finished-at="2015-09-09T15:49:30Z">
          <reporter-output>
          </reporter-output>
        </test-method> <!-- DefaultResult -->
      </class> <!-- com.suiteUsers.TestCase_DeleteUser -->
    </test> <!-- Delete a User -->
  </suite> <!-- Users Test Cases -->
  <suite name="Assessments Test Cases" duration-ms="679" started-at="2015-09-09T10:19:29Z" finished-at="2015-09-09T10:19:30Z">
    <groups>
    </groups>
    <test name="Check Runmode of Suite" duration-ms="0" started-at="2015-09-09T10:19:29Z" finished-at="2015-09-09T10:19:29Z">
    </test> <!-- Check Runmode of Suite -->
    <test name="New Assessment Custom Notice" duration-ms="6" started-at="2015-09-09T10:19:29Z" finished-at="2015-09-09T10:19:29Z">
      <class name="com.SuiteAssessments.TestCase_NewAssessmentCustomNotice">
        <test-method status="SKIP" signature="checkTestSkip()[pri:0, instance:com.SuiteAssessments.TestCase_NewAssessmentCustomNotice@6a812a5d]" name="checkTestSkip" is-config="true" duration-ms="0" started-at="2015-09-09T15:49:29Z" finished-at="2015-09-09T15:49:29Z">
          <reporter-output>
          </reporter-output>
        </test-method> <!-- checkTestSkip -->
        <test-method status="SKIP" signature="NewAssessmentCustomNotice()[pri:0, instance:com.SuiteAssessments.TestCase_NewAssessmentCustomNotice@6a812a5d]" name="NewAssessmentCustomNotice" duration-ms="1" started-at="2015-09-09T15:49:29Z" finished-at="2015-09-09T15:49:29Z">
          <reporter-output>
          </reporter-output>
        </test-method> <!-- NewAssessmentCustomNotice -->
        <test-method status="SKIP" signature="DefaultResult(org.testng.ITestResult)[pri:0, instance:com.SuiteAssessments.TestCase_NewAssessmentCustomNotice@6a812a5d]" name="DefaultResult" is-config="true" duration-ms="0" started-at="2015-09-09T15:49:29Z" finished-at="2015-09-09T15:49:29Z">
          <reporter-output>
          </reporter-output>
        </test-method> <!-- DefaultResult -->
      </class> <!-- com.SuiteAssessments.TestCase_NewAssessmentCustomNotice -->
    </test> <!-- New Assessment Custom Notice -->
    <test name="New Assessment Notice Template" duration-ms="5" started-at="2015-09-09T10:19:29Z" finished-at="2015-09-09T10:19:29Z">
      <class name="com.SuiteAssessments.TestCase_NewAssessmentNoticeTemplate">
        <test-method status="SKIP" signature="checkTestSkip()[pri:0, instance:com.SuiteAssessments.TestCase_NewAssessmentNoticeTemplate@2223a923]" name="checkTestSkip" is-config="true" duration-ms="0" started-at="2015-09-09T15:49:29Z" finished-at="2015-09-09T15:49:29Z">
          <reporter-output>
          </reporter-output>
        </test-method> <!-- checkTestSkip -->
        <test-method status="SKIP" signature="NewAssessmentNoticeTemplate()[pri:0, instance:com.SuiteAssessments.TestCase_NewAssessmentNoticeTemplate@2223a923]" name="NewAssessmentNoticeTemplate" duration-ms="1" started-at="2015-09-09T15:49:29Z" finished-at="2015-09-09T15:49:29Z">
          <reporter-output>
          </reporter-output>
        </test-method> <!-- NewAssessmentNoticeTemplate -->
        <test-method status="SKIP" signature="DefaultResult(org.testng.ITestResult)[pri:0, instance:com.SuiteAssessments.TestCase_NewAssessmentNoticeTemplate@2223a923]" name="DefaultResult" is-config="true" duration-ms="0" started-at="2015-09-09T15:49:29Z" finished-at="2015-09-09T15:49:29Z">
          <reporter-output>
          </reporter-output>
        </test-method> <!-- DefaultResult -->
      </class> <!-- com.SuiteAssessments.TestCase_NewAssessmentNoticeTemplate -->
    </test> <!-- New Assessment Notice Template -->
    <test name="New Assessment Add Questions" duration-ms="28" started-at="2015-09-09T10:19:29Z" finished-at="2015-09-09T10:19:29Z">
      <class name="com.SuiteAssessments.TestCase_NewAssessmentAddQuestions">
        <test-method status="SKIP" signature="checkTestSkip()[pri:0, instance:com.SuiteAssessments.TestCase_NewAssessmentAddQuestions@45d017d4]" name="checkTestSkip" is-config="true" duration-ms="0" started-at="2015-09-09T15:49:29Z" finished-at="2015-09-09T15:49:29Z">
          <reporter-output>
          </reporter-output>
        </test-method> <!-- checkTestSkip -->
        <test-method status="SKIP" signature="NewAssessmentAddQuestions()[pri:0, instance:com.SuiteAssessments.TestCase_NewAssessmentAddQuestions@45d017d4]" name="NewAssessmentAddQuestions" duration-ms="1" started-at="2015-09-09T15:49:29Z" finished-at="2015-09-09T15:49:29Z">
          <reporter-output>
          </reporter-output>
        </test-method> <!-- NewAssessmentAddQuestions -->
        <test-method status="SKIP" signature="DefaultResult(org.testng.ITestResult)[pri:0, instance:com.SuiteAssessments.TestCase_NewAssessmentAddQuestions@45d017d4]" name="DefaultResult" is-config="true" duration-ms="0" started-at="2015-09-09T15:49:29Z" finished-at="2015-09-09T15:49:29Z">
          <reporter-output>
          </reporter-output>
        </test-method> <!-- DefaultResult -->
      </class> <!-- com.SuiteAssessments.TestCase_NewAssessmentAddQuestions -->
    </test> <!-- New Assessment Add Questions -->
    <test name="Most Recent Revised Assessment" duration-ms="15" started-at="2015-09-09T10:19:29Z" finished-at="2015-09-09T10:19:29Z">
      <class name="com.SuiteAssessments.TestCase_MostReceRevisedAssessment">
        <test-method status="SKIP" signature="checkTestSkip()[pri:0, instance:com.SuiteAssessments.TestCase_MostReceRevisedAssessment@4d56d418]" name="checkTestSkip" is-config="true" duration-ms="0" started-at="2015-09-09T15:49:29Z" finished-at="2015-09-09T15:49:29Z">
          <reporter-output>
          </reporter-output>
        </test-method> <!-- checkTestSkip -->
        <test-method status="SKIP" signature="MostReceRevisedAssessment()[pri:0, instance:com.SuiteAssessments.TestCase_MostReceRevisedAssessment@4d56d418]" name="MostReceRevisedAssessment" duration-ms="1" started-at="2015-09-09T15:49:29Z" finished-at="2015-09-09T15:49:29Z">
          <reporter-output>
          </reporter-output>
        </test-method> <!-- MostReceRevisedAssessment -->
        <test-method status="SKIP" signature="DefaultResult(org.testng.ITestResult)[pri:0, instance:com.SuiteAssessments.TestCase_MostReceRevisedAssessment@4d56d418]" name="DefaultResult" is-config="true" duration-ms="0" started-at="2015-09-09T15:49:29Z" finished-at="2015-09-09T15:49:29Z">
          <reporter-output>
          </reporter-output>
        </test-method> <!-- DefaultResult -->
      </class> <!-- com.SuiteAssessments.TestCase_MostReceRevisedAssessment -->
    </test> <!-- Most Recent Revised Assessment -->
    <test name="New Assessment Saveas Draft" duration-ms="5" started-at="2015-09-09T10:19:29Z" finished-at="2015-09-09T10:19:29Z">
      <class name="com.SuiteAssessments.TestCase_NewAssessmentsaveasDraft">
        <test-method status="SKIP" signature="checkTestSkip()[pri:0, instance:com.SuiteAssessments.TestCase_NewAssessmentsaveasDraft@479401b1]" name="checkTestSkip" is-config="true" duration-ms="0" started-at="2015-09-09T15:49:29Z" finished-at="2015-09-09T15:49:29Z">
          <reporter-output>
          </reporter-output>
        </test-method> <!-- checkTestSkip -->
        <test-method status="SKIP" signature="NewAssessmentsaveasDraft()[pri:0, instance:com.SuiteAssessments.TestCase_NewAssessmentsaveasDraft@479401b1]" name="NewAssessmentsaveasDraft" duration-ms="1" started-at="2015-09-09T15:49:29Z" finished-at="2015-09-09T15:49:29Z">
          <reporter-output>
          </reporter-output>
        </test-method> <!-- NewAssessmentsaveasDraft -->
        <test-method status="SKIP" signature="DefaultResult(org.testng.ITestResult)[pri:0, instance:com.SuiteAssessments.TestCase_NewAssessmentsaveasDraft@479401b1]" name="DefaultResult" is-config="true" duration-ms="0" started-at="2015-09-09T15:49:29Z" finished-at="2015-09-09T15:49:29Z">
          <reporter-output>
          </reporter-output>
        </test-method> <!-- DefaultResult -->
      </class> <!-- com.SuiteAssessments.TestCase_NewAssessmentsaveasDraft -->
    </test> <!-- New Assessment Saveas Draft -->
    <test name="Edit Assessment Export Print" duration-ms="39" started-at="2015-09-09T10:19:29Z" finished-at="2015-09-09T10:19:29Z">
      <class name="com.SuiteAssessments.TestCase_EditAssessmentExportPrint">
        <test-method status="SKIP" signature="checkTestSkip()[pri:0, instance:com.SuiteAssessments.TestCase_EditAssessmentExportPrint@62d56c22]" name="checkTestSkip" is-config="true" duration-ms="0" started-at="2015-09-09T15:49:29Z" finished-at="2015-09-09T15:49:29Z">
          <reporter-output>
          </reporter-output>
        </test-method> <!-- checkTestSkip -->
        <test-method status="SKIP" signature="EditAssessmentExportPrint()[pri:0, instance:com.SuiteAssessments.TestCase_EditAssessmentExportPrint@62d56c22]" name="EditAssessmentExportPrint" duration-ms="1" started-at="2015-09-09T15:49:29Z" finished-at="2015-09-09T15:49:29Z">
          <reporter-output>
          </reporter-output>
        </test-method> <!-- EditAssessmentExportPrint -->
        <test-method status="SKIP" signature="DefaultResult(org.testng.ITestResult)[pri:0, instance:com.SuiteAssessments.TestCase_EditAssessmentExportPrint@62d56c22]" name="DefaultResult" is-config="true" duration-ms="0" started-at="2015-09-09T15:49:29Z" finished-at="2015-09-09T15:49:29Z">
          <reporter-output>
          </reporter-output>
        </test-method> <!-- DefaultResult -->
      </class> <!-- com.SuiteAssessments.TestCase_EditAssessmentExportPrint -->
    </test> <!-- Edit Assessment Export Print -->
    <test name="Edit Assessment Preview " duration-ms="20" started-at="2015-09-09T10:19:29Z" finished-at="2015-09-09T10:19:29Z">
      <class name="com.SuiteAssessments.TestCase_EditAssessmentPreview">
        <test-method status="SKIP" signature="checkTestSkip()[pri:0, instance:com.SuiteAssessments.TestCase_EditAssessmentPreview@7a10b9ed]" name="checkTestSkip" is-config="true" duration-ms="0" started-at="2015-09-09T15:49:29Z" finished-at="2015-09-09T15:49:29Z">
          <reporter-output>
          </reporter-output>
        </test-method> <!-- checkTestSkip -->
        <test-method status="SKIP" signature="EditAssessmentPreview()[pri:0, instance:com.SuiteAssessments.TestCase_EditAssessmentPreview@7a10b9ed]" name="EditAssessmentPreview" duration-ms="15" started-at="2015-09-09T15:49:29Z" finished-at="2015-09-09T15:49:29Z">
          <reporter-output>
          </reporter-output>
        </test-method> <!-- EditAssessmentPreview -->
        <test-method status="SKIP" signature="DefaultResult(org.testng.ITestResult)[pri:0, instance:com.SuiteAssessments.TestCase_EditAssessmentPreview@7a10b9ed]" name="DefaultResult" is-config="true" duration-ms="0" started-at="2015-09-09T15:49:29Z" finished-at="2015-09-09T15:49:29Z">
          <reporter-output>
          </reporter-output>
        </test-method> <!-- DefaultResult -->
      </class> <!-- com.SuiteAssessments.TestCase_EditAssessmentPreview -->
    </test> <!-- Edit Assessment Preview  -->
    <test name="Post Assessment " duration-ms="4" started-at="2015-09-09T10:19:29Z" finished-at="2015-09-09T10:19:29Z">
      <class name="com.SuiteAssessments.TestCase_PostAssessment">
        <test-method status="SKIP" signature="checkTestSkip()[pri:0, instance:com.SuiteAssessments.TestCase_PostAssessment@75007685]" name="checkTestSkip" is-config="true" duration-ms="0" started-at="2015-09-09T15:49:29Z" finished-at="2015-09-09T15:49:29Z">
          <reporter-output>
          </reporter-output>
        </test-method> <!-- checkTestSkip -->
        <test-method status="SKIP" signature="PostAssessment()[pri:0, instance:com.SuiteAssessments.TestCase_PostAssessment@75007685]" name="PostAssessment" duration-ms="1" started-at="2015-09-09T15:49:29Z" finished-at="2015-09-09T15:49:29Z">
          <reporter-output>
          </reporter-output>
        </test-method> <!-- PostAssessment -->
        <test-method status="SKIP" signature="DefaultResult(org.testng.ITestResult)[pri:0, instance:com.SuiteAssessments.TestCase_PostAssessment@75007685]" name="DefaultResult" is-config="true" duration-ms="0" started-at="2015-09-09T15:49:29Z" finished-at="2015-09-09T15:49:29Z">
          <reporter-output>
          </reporter-output>
        </test-method> <!-- DefaultResult -->
      </class> <!-- com.SuiteAssessments.TestCase_PostAssessment -->
    </test> <!-- Post Assessment  -->
    <test name="Post Assessment Preview " duration-ms="4" started-at="2015-09-09T10:19:29Z" finished-at="2015-09-09T10:19:29Z">
      <class name="com.SuiteAssessments.TestCase_PostAssessmentPreview">
        <test-method status="SKIP" signature="checkTestSkip()[pri:0, instance:com.SuiteAssessments.TestCase_PostAssessmentPreview@1d06f08e]" name="checkTestSkip" is-config="true" duration-ms="0" started-at="2015-09-09T15:49:29Z" finished-at="2015-09-09T15:49:29Z">
          <reporter-output>
          </reporter-output>
        </test-method> <!-- checkTestSkip -->
        <test-method status="SKIP" signature="PostAssessmentPreview()[pri:0, instance:com.SuiteAssessments.TestCase_PostAssessmentPreview@1d06f08e]" name="PostAssessmentPreview" duration-ms="1" started-at="2015-09-09T15:49:29Z" finished-at="2015-09-09T15:49:29Z">
          <reporter-output>
          </reporter-output>
        </test-method> <!-- PostAssessmentPreview -->
        <test-method status="SKIP" signature="DefaultResult(org.testng.ITestResult)[pri:0, instance:com.SuiteAssessments.TestCase_PostAssessmentPreview@1d06f08e]" name="DefaultResult" is-config="true" duration-ms="0" started-at="2015-09-09T15:49:29Z" finished-at="2015-09-09T15:49:29Z">
          <reporter-output>
          </reporter-output>
        </test-method> <!-- DefaultResult -->
      </class> <!-- com.SuiteAssessments.TestCase_PostAssessmentPreview -->
    </test> <!-- Post Assessment Preview  -->
    <test name="multiple post" duration-ms="7" started-at="2015-09-09T10:19:29Z" finished-at="2015-09-09T10:19:29Z">
      <class name="com.SuiteAssessments.TestCase_multiplepost">
        <test-method status="SKIP" signature="checkTestSkip()[pri:0, instance:com.SuiteAssessments.TestCase_multiplepost@2124532]" name="checkTestSkip" is-config="true" duration-ms="0" started-at="2015-09-09T15:49:29Z" finished-at="2015-09-09T15:49:29Z">
          <reporter-output>
          </reporter-output>
        </test-method> <!-- checkTestSkip -->
        <test-method status="SKIP" signature="multiplepost()[pri:0, instance:com.SuiteAssessments.TestCase_multiplepost@2124532]" name="multiplepost" duration-ms="1" started-at="2015-09-09T15:49:29Z" finished-at="2015-09-09T15:49:29Z">
          <reporter-output>
          </reporter-output>
        </test-method> <!-- multiplepost -->
        <test-method status="SKIP" signature="DefaultResult(org.testng.ITestResult)[pri:0, instance:com.SuiteAssessments.TestCase_multiplepost@2124532]" name="DefaultResult" is-config="true" duration-ms="0" started-at="2015-09-09T15:49:29Z" finished-at="2015-09-09T15:49:29Z">
          <reporter-output>
          </reporter-output>
        </test-method> <!-- DefaultResult -->
      </class> <!-- com.SuiteAssessments.TestCase_multiplepost -->
    </test> <!-- multiple post -->
    <test name="Unpostposting" duration-ms="18" started-at="2015-09-09T10:19:29Z" finished-at="2015-09-09T10:19:29Z">
      <class name="com.SuiteAssessments.TestCase_Unpostposting">
        <test-method status="SKIP" signature="checkTestSkip()[pri:0, instance:com.SuiteAssessments.TestCase_Unpostposting@65b164f2]" name="checkTestSkip" is-config="true" duration-ms="0" started-at="2015-09-09T15:49:29Z" finished-at="2015-09-09T15:49:29Z">
          <reporter-output>
          </reporter-output>
        </test-method> <!-- checkTestSkip -->
        <test-method status="SKIP" signature="Unpostposting()[pri:0, instance:com.SuiteAssessments.TestCase_Unpostposting@65b164f2]" name="Unpostposting" duration-ms="1" started-at="2015-09-09T15:49:29Z" finished-at="2015-09-09T15:49:29Z">
          <reporter-output>
          </reporter-output>
        </test-method> <!-- Unpostposting -->
        <test-method status="SKIP" signature="DefaultResult(org.testng.ITestResult)[pri:0, instance:com.SuiteAssessments.TestCase_Unpostposting@65b164f2]" name="DefaultResult" is-config="true" duration-ms="0" started-at="2015-09-09T15:49:29Z" finished-at="2015-09-09T15:49:29Z">
          <reporter-output>
          </reporter-output>
        </test-method> <!-- DefaultResult -->
      </class> <!-- com.SuiteAssessments.TestCase_Unpostposting -->
    </test> <!-- Unpostposting -->
    <test name="Duplicate posting" duration-ms="9" started-at="2015-09-09T10:19:29Z" finished-at="2015-09-09T10:19:29Z">
      <class name="com.SuiteAssessments.TestCase_Duplicateposting">
        <test-method status="SKIP" signature="checkTestSkip()[pri:0, instance:com.SuiteAssessments.TestCase_Duplicateposting@11d13e]" name="checkTestSkip" is-config="true" duration-ms="0" started-at="2015-09-09T15:49:29Z" finished-at="2015-09-09T15:49:29Z">
          <reporter-output>
          </reporter-output>
        </test-method> <!-- checkTestSkip -->
        <test-method status="SKIP" signature="Duplicateposting()[pri:0, instance:com.SuiteAssessments.TestCase_Duplicateposting@11d13e]" name="Duplicateposting" duration-ms="1" started-at="2015-09-09T15:49:29Z" finished-at="2015-09-09T15:49:29Z">
          <reporter-output>
          </reporter-output>
        </test-method> <!-- Duplicateposting -->
        <test-method status="SKIP" signature="DefaultResult(org.testng.ITestResult)[pri:0, instance:com.SuiteAssessments.TestCase_Duplicateposting@11d13e]" name="DefaultResult" is-config="true" duration-ms="0" started-at="2015-09-09T15:49:29Z" finished-at="2015-09-09T15:49:29Z">
          <reporter-output>
          </reporter-output>
        </test-method> <!-- DefaultResult -->
      </class> <!-- com.SuiteAssessments.TestCase_Duplicateposting -->
    </test> <!-- Duplicate posting -->
    <test name="Retire posting" duration-ms="5" started-at="2015-09-09T10:19:29Z" finished-at="2015-09-09T10:19:29Z">
      <class name="com.SuiteAssessments.TestCase_Retireposting">
        <test-method status="SKIP" signature="checkTestSkip()[pri:0, instance:com.SuiteAssessments.TestCase_Retireposting@328ae1fb]" name="checkTestSkip" is-config="true" duration-ms="0" started-at="2015-09-09T15:49:29Z" finished-at="2015-09-09T15:49:29Z">
          <reporter-output>
          </reporter-output>
        </test-method> <!-- checkTestSkip -->
        <test-method status="SKIP" signature="PostAssessment()[pri:0, instance:com.SuiteAssessments.TestCase_Retireposting@328ae1fb]" name="PostAssessment" duration-ms="1" started-at="2015-09-09T15:49:29Z" finished-at="2015-09-09T15:49:29Z">
          <reporter-output>
          </reporter-output>
        </test-method> <!-- PostAssessment -->
        <test-method status="SKIP" signature="DefaultResult(org.testng.ITestResult)[pri:0, instance:com.SuiteAssessments.TestCase_Retireposting@328ae1fb]" name="DefaultResult" is-config="true" duration-ms="0" started-at="2015-09-09T15:49:29Z" finished-at="2015-09-09T15:49:29Z">
          <reporter-output>
          </reporter-output>
        </test-method> <!-- DefaultResult -->
      </class> <!-- com.SuiteAssessments.TestCase_Retireposting -->
    </test> <!-- Retire posting -->
    <test name="Create New folder" duration-ms="3" started-at="2015-09-09T10:19:29Z" finished-at="2015-09-09T10:19:29Z">
      <class name="com.SuiteAssessments.TestCase_NewAssessmentfolder">
        <test-method status="SKIP" signature="newAssessmentfolder()[pri:0, instance:com.SuiteAssessments.TestCase_NewAssessmentfolder@2194ca49]" name="newAssessmentfolder" duration-ms="1" started-at="2015-09-09T15:49:29Z" finished-at="2015-09-09T15:49:29Z">
          <reporter-output>
          </reporter-output>
        </test-method> <!-- newAssessmentfolder -->
        <test-method status="SKIP" signature="checkTestSkip()[pri:0, instance:com.SuiteAssessments.TestCase_NewAssessmentfolder@2194ca49]" name="checkTestSkip" is-config="true" duration-ms="0" started-at="2015-09-09T15:49:29Z" finished-at="2015-09-09T15:49:29Z">
          <reporter-output>
          </reporter-output>
        </test-method> <!-- checkTestSkip -->
        <test-method status="SKIP" signature="DefaultResult(org.testng.ITestResult)[pri:0, instance:com.SuiteAssessments.TestCase_NewAssessmentfolder@2194ca49]" name="DefaultResult" is-config="true" duration-ms="0" started-at="2015-09-09T15:49:29Z" finished-at="2015-09-09T15:49:29Z">
          <reporter-output>
          </reporter-output>
        </test-method> <!-- DefaultResult -->
      </class> <!-- com.SuiteAssessments.TestCase_NewAssessmentfolder -->
    </test> <!-- Create New folder -->
    <test name="Edit created assessment folder" duration-ms="331" started-at="2015-09-09T10:19:29Z" finished-at="2015-09-09T10:19:30Z">
      <class name="com.SuiteAssessments.TestCase_EditAssessmentfolder">
        <test-method status="SKIP" signature="checkTestSkip()[pri:0, instance:com.SuiteAssessments.TestCase_EditAssessmentfolder@1cd65428]" name="checkTestSkip" is-config="true" duration-ms="0" started-at="2015-09-09T15:49:29Z" finished-at="2015-09-09T15:49:29Z">
          <reporter-output>
          </reporter-output>
        </test-method> <!-- checkTestSkip -->
        <test-method status="SKIP" signature="editAssessmentfolder()[pri:0, instance:com.SuiteAssessments.TestCase_EditAssessmentfolder@1cd65428]" name="editAssessmentfolder" duration-ms="0" started-at="2015-09-09T15:49:29Z" finished-at="2015-09-09T15:49:29Z">
          <reporter-output>
          </reporter-output>
        </test-method> <!-- editAssessmentfolder -->
        <test-method status="SKIP" signature="DefaultResult(org.testng.ITestResult)[pri:0, instance:com.SuiteAssessments.TestCase_EditAssessmentfolder@1cd65428]" name="DefaultResult" is-config="true" duration-ms="0" started-at="2015-09-09T15:49:30Z" finished-at="2015-09-09T15:49:30Z">
          <reporter-output>
          </reporter-output>
        </test-method> <!-- DefaultResult -->
      </class> <!-- com.SuiteAssessments.TestCase_EditAssessmentfolder -->
    </test> <!-- Edit created assessment folder -->
    <test name="Share created assessment folder" duration-ms="3" started-at="2015-09-09T10:19:30Z" finished-at="2015-09-09T10:19:30Z">
      <class name="com.SuiteAssessments.TestCase_ShareAssessmentfolder">
        <test-method status="SKIP" signature="checkTestSkip()[pri:0, instance:com.SuiteAssessments.TestCase_ShareAssessmentfolder@70f881ed]" name="checkTestSkip" is-config="true" duration-ms="0" started-at="2015-09-09T15:49:30Z" finished-at="2015-09-09T15:49:30Z">
          <reporter-output>
          </reporter-output>
        </test-method> <!-- checkTestSkip -->
        <test-method status="SKIP" signature="shareAssessmentfolder()[pri:0, instance:com.SuiteAssessments.TestCase_ShareAssessmentfolder@70f881ed]" name="shareAssessmentfolder" duration-ms="1" started-at="2015-09-09T15:49:30Z" finished-at="2015-09-09T15:49:30Z">
          <reporter-output>
          </reporter-output>
        </test-method> <!-- shareAssessmentfolder -->
        <test-method status="SKIP" signature="DefaultResult(org.testng.ITestResult)[pri:0, instance:com.SuiteAssessments.TestCase_ShareAssessmentfolder@70f881ed]" name="DefaultResult" is-config="true" duration-ms="0" started-at="2015-09-09T15:49:30Z" finished-at="2015-09-09T15:49:30Z">
          <reporter-output>
          </reporter-output>
        </test-method> <!-- DefaultResult -->
      </class> <!-- com.SuiteAssessments.TestCase_ShareAssessmentfolder -->
    </test> <!-- Share created assessment folder -->
    <test name="Delete Created folder" duration-ms="28" started-at="2015-09-09T10:19:30Z" finished-at="2015-09-09T10:19:30Z">
      <class name="com.SuiteAssessments.TestCase_DeleteAssessmentfolder">
        <test-method status="SKIP" signature="checkSuiteSkip()[pri:0, instance:com.SuiteAssessments.TestCase_DeleteAssessmentfolder@76d45adb]" name="checkSuiteSkip" is-config="true" duration-ms="0" started-at="2015-09-09T15:49:29Z" finished-at="2015-09-09T15:49:29Z">
          <exception class="org.testng.SkipException">
            <message>
              <![CDATA[Runmode of 'AssessmentsSuite' is set to 'NO', hence skipping all tests in Suite!]]>
            </message>
            <full-stacktrace>
              <![CDATA[org.testng.SkipException: Runmode of 'AssessmentsSuite' is set to 'NO', hence skipping all tests in Suite!
	at Util.TestUtil.checkSuiteSkip(TestUtil.java:137)
	at com.SuiteAssessments.TestSuiteBase.checkSuiteSkip(TestSuiteBase.java:13)
	at sun.reflect.NativeMethodAccessorImpl.invoke0(Native Method)
	at sun.reflect.NativeMethodAccessorImpl.invoke(Unknown Source)
	at sun.reflect.DelegatingMethodAccessorImpl.invoke(Unknown Source)
	at java.lang.reflect.Method.invoke(Unknown Source)
	at org.testng.internal.MethodInvocationHelper.invokeMethod(MethodInvocationHelper.java:84)
	at org.testng.internal.Invoker.invokeConfigurationMethod(Invoker.java:564)
	at org.testng.internal.Invoker.invokeConfigurations(Invoker.java:213)
	at org.testng.internal.Invoker.invokeConfigurations(Invoker.java:138)
	at org.testng.SuiteRunner.privateRun(SuiteRunner.java:277)
	at org.testng.SuiteRunner.run(SuiteRunner.java:240)
	at org.testng.SuiteRunnerWorker.runSuite(SuiteRunnerWorker.java:52)
	at org.testng.SuiteRunnerWorker.run(SuiteRunnerWorker.java:86)
	at org.testng.TestNG.runSuitesSequentially(TestNG.java:1224)
	at org.testng.TestNG.runSuitesSequentially(TestNG.java:1220)
	at org.testng.TestNG.runSuitesLocally(TestNG.java:1149)
	at org.testng.TestNG.run(TestNG.java:1057)
	at org.testng.remote.RemoteTestNG.run(RemoteTestNG.java:111)
	at org.testng.remote.RemoteTestNG.initAndRun(RemoteTestNG.java:204)
	at org.testng.remote.RemoteTestNG.main(RemoteTestNG.java:175)
]]>
            </full-stacktrace>
          </exception> <!-- org.testng.SkipException -->
          <reporter-output>
          </reporter-output>
        </test-method> <!-- checkSuiteSkip -->
        <test-method status="SKIP" signature="checkTestSkip()[pri:0, instance:com.SuiteAssessments.TestCase_DeleteAssessmentfolder@76d45adb]" name="checkTestSkip" is-config="true" duration-ms="0" started-at="2015-09-09T15:49:30Z" finished-at="2015-09-09T15:49:30Z">
          <reporter-output>
          </reporter-output>
        </test-method> <!-- checkTestSkip -->
        <test-method status="SKIP" signature="deleteAssessmentfolder()[pri:0, instance:com.SuiteAssessments.TestCase_DeleteAssessmentfolder@76d45adb]" name="deleteAssessmentfolder" duration-ms="1" started-at="2015-09-09T15:49:30Z" finished-at="2015-09-09T15:49:30Z">
          <reporter-output>
          </reporter-output>
        </test-method> <!-- deleteAssessmentfolder -->
        <test-method status="SKIP" signature="DefaultResult(org.testng.ITestResult)[pri:0, instance:com.SuiteAssessments.TestCase_DeleteAssessmentfolder@76d45adb]" name="DefaultResult" is-config="true" duration-ms="0" started-at="2015-09-09T15:49:30Z" finished-at="2015-09-09T15:49:30Z">
          <reporter-output>
          </reporter-output>
        </test-method> <!-- DefaultResult -->
        <test-method status="SKIP" signature="cleanUp()[pri:0, instance:com.SuiteAssessments.TestCase_DeleteAssessmentfolder@76d45adb]" name="cleanUp" is-config="true" duration-ms="0" started-at="2015-09-09T15:49:30Z" finished-at="2015-09-09T15:49:30Z">
          <reporter-output>
          </reporter-output>
        </test-method> <!-- cleanUp -->
      </class> <!-- com.SuiteAssessments.TestCase_DeleteAssessmentfolder -->
    </test> <!-- Delete Created folder -->
  </suite> <!-- Assessments Test Cases -->
  <suite name="Reports Settings" duration-ms="1026" started-at="2015-09-09T10:19:32Z" finished-at="2015-09-09T10:19:33Z">
    <groups>
    </groups>
    <test name="Check Runmode of Suite" duration-ms="0" started-at="2015-09-09T10:19:32Z" finished-at="2015-09-09T10:19:32Z">
    </test> <!-- Check Runmode of Suite -->
    <test name="CheckETResults" duration-ms="4" started-at="2015-09-09T10:19:32Z" finished-at="2015-09-09T10:19:32Z">
      <class name="com.SuiteReports.TestCase_CheckETResults">
        <test-method status="SKIP" signature="checkTestSkip()[pri:0, instance:com.SuiteReports.TestCase_CheckETResults@5f4c39d]" name="checkTestSkip" is-config="true" duration-ms="0" started-at="2015-09-09T15:49:32Z" finished-at="2015-09-09T15:49:32Z">
          <reporter-output>
          </reporter-output>
        </test-method> <!-- checkTestSkip -->
        <test-method status="SKIP" signature="CheckETResults()[pri:0, instance:com.SuiteReports.TestCase_CheckETResults@5f4c39d]" name="CheckETResults" duration-ms="0" started-at="2015-09-09T15:49:32Z" finished-at="2015-09-09T15:49:32Z">
          <reporter-output>
          </reporter-output>
        </test-method> <!-- CheckETResults -->
        <test-method status="SKIP" signature="DefaultResutl(org.testng.ITestResult)[pri:0, instance:com.SuiteReports.TestCase_CheckETResults@5f4c39d]" name="DefaultResutl" is-config="true" duration-ms="0" started-at="2015-09-09T15:49:32Z" finished-at="2015-09-09T15:49:32Z">
          <reporter-output>
          </reporter-output>
        </test-method> <!-- DefaultResutl -->
      </class> <!-- com.SuiteReports.TestCase_CheckETResults -->
    </test> <!-- CheckETResults -->
    <test name="CheckSummaryReports" duration-ms="21" started-at="2015-09-09T10:19:32Z" finished-at="2015-09-09T10:19:32Z">
      <class name="com.SuiteReports.TestCase_CheckSummaryReport">
        <test-method status="SKIP" signature="checkTestSkip()[pri:0, instance:com.SuiteReports.TestCase_CheckSummaryReport@4136b690]" name="checkTestSkip" is-config="true" duration-ms="0" started-at="2015-09-09T15:49:32Z" finished-at="2015-09-09T15:49:32Z">
          <reporter-output>
          </reporter-output>
        </test-method> <!-- checkTestSkip -->
        <test-method status="SKIP" signature="CheckSummaryReports()[pri:0, instance:com.SuiteReports.TestCase_CheckSummaryReport@4136b690]" name="CheckSummaryReports" duration-ms="1" started-at="2015-09-09T15:49:32Z" finished-at="2015-09-09T15:49:32Z">
          <reporter-output>
          </reporter-output>
        </test-method> <!-- CheckSummaryReports -->
        <test-method status="SKIP" signature="DefaultResutl(org.testng.ITestResult)[pri:0, instance:com.SuiteReports.TestCase_CheckSummaryReport@4136b690]" name="DefaultResutl" is-config="true" duration-ms="0" started-at="2015-09-09T15:49:32Z" finished-at="2015-09-09T15:49:32Z">
          <reporter-output>
          </reporter-output>
        </test-method> <!-- DefaultResutl -->
      </class> <!-- com.SuiteReports.TestCase_CheckSummaryReport -->
    </test> <!-- CheckSummaryReports -->
    <test name="CheckReleaseETResults" duration-ms="15" started-at="2015-09-09T10:19:32Z" finished-at="2015-09-09T10:19:32Z">
      <class name="com.SuiteReports.TestCase_CheckReleaseETResults">
        <test-method status="SKIP" signature="checkTestSkip()[pri:0, instance:com.SuiteReports.TestCase_CheckReleaseETResults@7bc9a682]" name="checkTestSkip" is-config="true" duration-ms="0" started-at="2015-09-09T15:49:32Z" finished-at="2015-09-09T15:49:32Z">
          <reporter-output>
          </reporter-output>
        </test-method> <!-- checkTestSkip -->
        <test-method status="SKIP" signature="CheckReleaseResults()[pri:0, instance:com.SuiteReports.TestCase_CheckReleaseETResults@7bc9a682]" name="CheckReleaseResults" duration-ms="11" started-at="2015-09-09T15:49:32Z" finished-at="2015-09-09T15:49:32Z">
          <reporter-output>
          </reporter-output>
        </test-method> <!-- CheckReleaseResults -->
        <test-method status="SKIP" signature="DefaultResutl(org.testng.ITestResult)[pri:0, instance:com.SuiteReports.TestCase_CheckReleaseETResults@7bc9a682]" name="DefaultResutl" is-config="true" duration-ms="0" started-at="2015-09-09T15:49:32Z" finished-at="2015-09-09T15:49:32Z">
          <reporter-output>
          </reporter-output>
        </test-method> <!-- DefaultResutl -->
      </class> <!-- com.SuiteReports.TestCase_CheckReleaseETResults -->
    </test> <!-- CheckReleaseETResults -->
    <test name="CheckReleaseETResultsSendEmail" duration-ms="4" started-at="2015-09-09T10:19:32Z" finished-at="2015-09-09T10:19:32Z">
      <class name="com.SuiteReports.TestCase_CheckReleaseETResults_PostEmail">
        <test-method status="SKIP" signature="checkTestSkip()[pri:0, instance:com.SuiteReports.TestCase_CheckReleaseETResults_PostEmail@5b40c349]" name="checkTestSkip" is-config="true" duration-ms="0" started-at="2015-09-09T15:49:32Z" finished-at="2015-09-09T15:49:32Z">
          <reporter-output>
          </reporter-output>
        </test-method> <!-- checkTestSkip -->
        <test-method status="SKIP" signature="CheckReleaseETResultsPostEmail()[pri:0, instance:com.SuiteReports.TestCase_CheckReleaseETResults_PostEmail@5b40c349]" name="CheckReleaseETResultsPostEmail" duration-ms="1" started-at="2015-09-09T15:49:32Z" finished-at="2015-09-09T15:49:32Z">
          <reporter-output>
          </reporter-output>
        </test-method> <!-- CheckReleaseETResultsPostEmail -->
        <test-method status="SKIP" signature="DefaultResutl(org.testng.ITestResult)[pri:0, instance:com.SuiteReports.TestCase_CheckReleaseETResults_PostEmail@5b40c349]" name="DefaultResutl" is-config="true" duration-ms="0" started-at="2015-09-09T15:49:32Z" finished-at="2015-09-09T15:49:32Z">
          <reporter-output>
          </reporter-output>
        </test-method> <!-- DefaultResutl -->
      </class> <!-- com.SuiteReports.TestCase_CheckReleaseETResults_PostEmail -->
    </test> <!-- CheckReleaseETResultsSendEmail -->
    <test name="SandOReports" duration-ms="6" started-at="2015-09-09T10:19:33Z" finished-at="2015-09-09T10:19:33Z">
      <class name="com.SuiteReports.TestCase_CheckSandOReports">
        <test-method status="SKIP" signature="checkTestSkip()[pri:0, instance:com.SuiteReports.TestCase_CheckSandOReports@455f1fa0]" name="checkTestSkip" is-config="true" duration-ms="1" started-at="2015-09-09T15:49:33Z" finished-at="2015-09-09T15:49:33Z">
          <reporter-output>
          </reporter-output>
        </test-method> <!-- checkTestSkip -->
        <test-method status="SKIP" signature="CheckSNOReports()[pri:0, instance:com.SuiteReports.TestCase_CheckSandOReports@455f1fa0]" name="CheckSNOReports" duration-ms="1" started-at="2015-09-09T15:49:33Z" finished-at="2015-09-09T15:49:33Z">
          <reporter-output>
          </reporter-output>
        </test-method> <!-- CheckSNOReports -->
        <test-method status="SKIP" signature="DefaultResutl(org.testng.ITestResult)[pri:0, instance:com.SuiteReports.TestCase_CheckSandOReports@455f1fa0]" name="DefaultResutl" is-config="true" duration-ms="0" started-at="2015-09-09T15:49:33Z" finished-at="2015-09-09T15:49:33Z">
          <reporter-output>
          </reporter-output>
        </test-method> <!-- DefaultResutl -->
      </class> <!-- com.SuiteReports.TestCase_CheckSandOReports -->
    </test> <!-- SandOReports -->
    <test name="CategoryReports" duration-ms="784" started-at="2015-09-09T10:19:33Z" finished-at="2015-09-09T10:19:33Z">
      <class name="com.SuiteReports.TestCase_CheckCategoryReports">
        <test-method status="SKIP" signature="checkSuiteSkip()[pri:0, instance:com.SuiteReports.TestCase_CheckCategoryReports@65b60b98]" name="checkSuiteSkip" is-config="true" duration-ms="0" started-at="2015-09-09T15:49:32Z" finished-at="2015-09-09T15:49:32Z">
          <exception class="org.testng.SkipException">
            <message>
              <![CDATA[Runmode of 'ReportsSuite' is set to 'NO', hence skipping all tests in Suite!]]>
            </message>
            <full-stacktrace>
              <![CDATA[org.testng.SkipException: Runmode of 'ReportsSuite' is set to 'NO', hence skipping all tests in Suite!
	at Util.TestUtil.checkSuiteSkip(TestUtil.java:137)
	at com.SuiteReports.TestSuiteBase.checkSuiteSkip(TestSuiteBase.java:13)
	at sun.reflect.NativeMethodAccessorImpl.invoke0(Native Method)
	at sun.reflect.NativeMethodAccessorImpl.invoke(Unknown Source)
	at sun.reflect.DelegatingMethodAccessorImpl.invoke(Unknown Source)
	at java.lang.reflect.Method.invoke(Unknown Source)
	at org.testng.internal.MethodInvocationHelper.invokeMethod(MethodInvocationHelper.java:84)
	at org.testng.internal.Invoker.invokeConfigurationMethod(Invoker.java:564)
	at org.testng.internal.Invoker.invokeConfigurations(Invoker.java:213)
	at org.testng.internal.Invoker.invokeConfigurations(Invoker.java:138)
	at org.testng.SuiteRunner.privateRun(SuiteRunner.java:277)
	at org.testng.SuiteRunner.run(SuiteRunner.java:240)
	at org.testng.SuiteRunnerWorker.runSuite(SuiteRunnerWorker.java:52)
	at org.testng.SuiteRunnerWorker.run(SuiteRunnerWorker.java:86)
	at org.testng.TestNG.runSuitesSequentially(TestNG.java:1224)
	at org.testng.TestNG.runSuitesSequentially(TestNG.java:1220)
	at org.testng.TestNG.runSuitesLocally(TestNG.java:1149)
	at org.testng.TestNG.run(TestNG.java:1057)
	at org.testng.remote.RemoteTestNG.run(RemoteTestNG.java:111)
	at org.testng.remote.RemoteTestNG.initAndRun(RemoteTestNG.java:204)
	at org.testng.remote.RemoteTestNG.main(RemoteTestNG.java:175)
]]>
            </full-stacktrace>
          </exception> <!-- org.testng.SkipException -->
          <reporter-output>
          </reporter-output>
        </test-method> <!-- checkSuiteSkip -->
        <test-method status="SKIP" signature="checkTestSkip()[pri:0, instance:com.SuiteReports.TestCase_CheckCategoryReports@65b60b98]" name="checkTestSkip" is-config="true" duration-ms="0" started-at="2015-09-09T15:49:33Z" finished-at="2015-09-09T15:49:33Z">
          <reporter-output>
          </reporter-output>
        </test-method> <!-- checkTestSkip -->
        <test-method status="SKIP" signature="CheckCategoryReports()[pri:0, instance:com.SuiteReports.TestCase_CheckCategoryReports@65b60b98]" name="CheckCategoryReports" duration-ms="1" started-at="2015-09-09T15:49:33Z" finished-at="2015-09-09T15:49:33Z">
          <reporter-output>
          </reporter-output>
        </test-method> <!-- CheckCategoryReports -->
        <test-method status="SKIP" signature="DefaultResutl(org.testng.ITestResult)[pri:0, instance:com.SuiteReports.TestCase_CheckCategoryReports@65b60b98]" name="DefaultResutl" is-config="true" duration-ms="0" started-at="2015-09-09T15:49:33Z" finished-at="2015-09-09T15:49:33Z">
          <reporter-output>
          </reporter-output>
        </test-method> <!-- DefaultResutl -->
      </class> <!-- com.SuiteReports.TestCase_CheckCategoryReports -->
    </test> <!-- CategoryReports -->
  </suite> <!-- Reports Settings -->
  <suite name="Questions" duration-ms="651" started-at="2015-09-09T10:19:28Z" finished-at="2015-09-09T10:19:29Z">
    <groups>
    </groups>
    <test name="Check Runmode of Suite" duration-ms="1" started-at="2015-09-09T10:19:28Z" finished-at="2015-09-09T10:19:28Z">
    </test> <!-- Check Runmode of Suite -->
    <test name="Verify CreateQSLinks Test Case" duration-ms="4" started-at="2015-09-09T10:19:28Z" finished-at="2015-09-09T10:19:28Z">
      <class name="com.suiteQuestions.TestCase_CreateQSLinks">
        <test-method status="SKIP" signature="checkTestSkip()[pri:0, instance:com.suiteQuestions.TestCase_CreateQSLinks@2b2cc880]" name="checkTestSkip" is-config="true" duration-ms="0" started-at="2015-09-09T15:49:28Z" finished-at="2015-09-09T15:49:28Z">
          <reporter-output>
          </reporter-output>
        </test-method> <!-- checkTestSkip -->
        <test-method status="SKIP" signature="verifyCreateQSLinkTest()[pri:0, instance:com.suiteQuestions.TestCase_CreateQSLinks@2b2cc880]" name="verifyCreateQSLinkTest" duration-ms="0" started-at="2015-09-09T15:49:28Z" finished-at="2015-09-09T15:49:28Z">
          <reporter-output>
          </reporter-output>
        </test-method> <!-- verifyCreateQSLinkTest -->
        <test-method status="SKIP" signature="DefaultResult(org.testng.ITestResult)[pri:0, instance:com.suiteQuestions.TestCase_CreateQSLinks@2b2cc880]" name="DefaultResult" is-config="true" duration-ms="0" started-at="2015-09-09T15:49:28Z" finished-at="2015-09-09T15:49:28Z">
          <reporter-output>
          </reporter-output>
        </test-method> <!-- DefaultResult -->
      </class> <!-- com.suiteQuestions.TestCase_CreateQSLinks -->
    </test> <!-- Verify CreateQSLinks Test Case -->
    <test name="Verify DefaultQSbyFolder Test Case" duration-ms="5" started-at="2015-09-09T10:19:28Z" finished-at="2015-09-09T10:19:28Z">
      <class name="com.suiteQuestions.TestCase_DefaultQSbyFolder">
        <test-method status="SKIP" signature="checkTestSkip()[pri:0, instance:com.suiteQuestions.TestCase_DefaultQSbyFolder@614ac733]" name="checkTestSkip" is-config="true" duration-ms="0" started-at="2015-09-09T15:49:28Z" finished-at="2015-09-09T15:49:28Z">
          <reporter-output>
          </reporter-output>
        </test-method> <!-- checkTestSkip -->
        <test-method status="SKIP" signature="verifydefaultQSbyFolderLinkTest()[pri:0, instance:com.suiteQuestions.TestCase_DefaultQSbyFolder@614ac733]" name="verifydefaultQSbyFolderLinkTest" duration-ms="1" started-at="2015-09-09T15:49:28Z" finished-at="2015-09-09T15:49:28Z">
          <reporter-output>
          </reporter-output>
        </test-method> <!-- verifydefaultQSbyFolderLinkTest -->
        <test-method status="SKIP" signature="DefaultResult(org.testng.ITestResult)[pri:0, instance:com.suiteQuestions.TestCase_DefaultQSbyFolder@614ac733]" name="DefaultResult" is-config="true" duration-ms="0" started-at="2015-09-09T15:49:28Z" finished-at="2015-09-09T15:49:28Z">
          <reporter-output>
          </reporter-output>
        </test-method> <!-- DefaultResult -->
      </class> <!-- com.suiteQuestions.TestCase_DefaultQSbyFolder -->
    </test> <!-- Verify DefaultQSbyFolder Test Case -->
    <test name="Verify CreateFolder Test Case" duration-ms="5" started-at="2015-09-09T10:19:28Z" finished-at="2015-09-09T10:19:28Z">
      <class name="com.suiteQuestions.TestCase_CreateFolder">
        <test-method status="SKIP" signature="checkTestSkip()[pri:0, instance:com.suiteQuestions.TestCase_CreateFolder@3dddc4d1]" name="checkTestSkip" is-config="true" duration-ms="0" started-at="2015-09-09T15:49:28Z" finished-at="2015-09-09T15:49:28Z">
          <reporter-output>
          </reporter-output>
        </test-method> <!-- checkTestSkip -->
        <test-method status="SKIP" signature="verifyCreateQSFolderTest()[pri:0, instance:com.suiteQuestions.TestCase_CreateFolder@3dddc4d1]" name="verifyCreateQSFolderTest" duration-ms="1" started-at="2015-09-09T15:49:28Z" finished-at="2015-09-09T15:49:28Z">
          <reporter-output>
          </reporter-output>
        </test-method> <!-- verifyCreateQSFolderTest -->
        <test-method status="SKIP" signature="DefaultResult(org.testng.ITestResult)[pri:0, instance:com.suiteQuestions.TestCase_CreateFolder@3dddc4d1]" name="DefaultResult" is-config="true" duration-ms="0" started-at="2015-09-09T15:49:28Z" finished-at="2015-09-09T15:49:28Z">
          <reporter-output>
          </reporter-output>
        </test-method> <!-- DefaultResult -->
      </class> <!-- com.suiteQuestions.TestCase_CreateFolder -->
    </test> <!-- Verify CreateFolder Test Case -->
    <test name="Verify Create New Category Test Case" duration-ms="6" started-at="2015-09-09T10:19:28Z" finished-at="2015-09-09T10:19:28Z">
      <class name="com.suiteQuestions.TestCase_CreateNewCategory">
        <test-method status="SKIP" signature="checkTestSkip()[pri:0, instance:com.suiteQuestions.TestCase_CreateNewCategory@1ce95431]" name="checkTestSkip" is-config="true" duration-ms="0" started-at="2015-09-09T15:49:28Z" finished-at="2015-09-09T15:49:28Z">
          <reporter-output>
          </reporter-output>
        </test-method> <!-- checkTestSkip -->
        <test-method status="SKIP" signature="verifyCreateCategoryTest()[pri:0, instance:com.suiteQuestions.TestCase_CreateNewCategory@1ce95431]" name="verifyCreateCategoryTest" duration-ms="1" started-at="2015-09-09T15:49:28Z" finished-at="2015-09-09T15:49:28Z">
          <reporter-output>
          </reporter-output>
        </test-method> <!-- verifyCreateCategoryTest -->
        <test-method status="SKIP" signature="DefaultResult(org.testng.ITestResult)[pri:0, instance:com.suiteQuestions.TestCase_CreateNewCategory@1ce95431]" name="DefaultResult" is-config="true" duration-ms="0" started-at="2015-09-09T15:49:28Z" finished-at="2015-09-09T15:49:28Z">
          <reporter-output>
          </reporter-output>
        </test-method> <!-- DefaultResult -->
      </class> <!-- com.suiteQuestions.TestCase_CreateNewCategory -->
    </test> <!-- Verify Create New Category Test Case -->
    <test name="Verify Create MC Questions Test Case" duration-ms="6" started-at="2015-09-09T10:19:28Z" finished-at="2015-09-09T10:19:28Z">
      <class name="com.suiteQuestions.TestCase_CreateMCQuestions">
        <test-method status="SKIP" signature="checkTestSkip()[pri:0, instance:com.suiteQuestions.TestCase_CreateMCQuestions@3cecc1e1]" name="checkTestSkip" is-config="true" duration-ms="0" started-at="2015-09-09T15:49:28Z" finished-at="2015-09-09T15:49:28Z">
          <reporter-output>
          </reporter-output>
        </test-method> <!-- checkTestSkip -->
        <test-method status="SKIP" signature="verifyCreateMCQuestionsTest()[pri:0, instance:com.suiteQuestions.TestCase_CreateMCQuestions@3cecc1e1]" name="verifyCreateMCQuestionsTest" duration-ms="1" started-at="2015-09-09T15:49:28Z" finished-at="2015-09-09T15:49:28Z">
          <reporter-output>
          </reporter-output>
        </test-method> <!-- verifyCreateMCQuestionsTest -->
        <test-method status="SKIP" signature="DefaultResult(org.testng.ITestResult)[pri:0, instance:com.suiteQuestions.TestCase_CreateMCQuestions@3cecc1e1]" name="DefaultResult" is-config="true" duration-ms="0" started-at="2015-09-09T15:49:28Z" finished-at="2015-09-09T15:49:28Z">
          <reporter-output>
          </reporter-output>
        </test-method> <!-- DefaultResult -->
      </class> <!-- com.suiteQuestions.TestCase_CreateMCQuestions -->
    </test> <!-- Verify Create MC Questions Test Case -->
    <test name="Verify Create TrueFalse Questions Test Case" duration-ms="5" started-at="2015-09-09T10:19:28Z" finished-at="2015-09-09T10:19:28Z">
      <class name="com.suiteQuestions.TestCase_CreateTFQuestions">
        <test-method status="SKIP" signature="checkTestSkip()[pri:0, instance:com.suiteQuestions.TestCase_CreateTFQuestions@735a5cd5]" name="checkTestSkip" is-config="true" duration-ms="0" started-at="2015-09-09T15:49:28Z" finished-at="2015-09-09T15:49:28Z">
          <reporter-output>
          </reporter-output>
        </test-method> <!-- checkTestSkip -->
        <test-method status="SKIP" signature="verifyCreateTFQuestionsTest()[pri:0, instance:com.suiteQuestions.TestCase_CreateTFQuestions@735a5cd5]" name="verifyCreateTFQuestionsTest" duration-ms="1" started-at="2015-09-09T15:49:28Z" finished-at="2015-09-09T15:49:28Z">
          <reporter-output>
          </reporter-output>
        </test-method> <!-- verifyCreateTFQuestionsTest -->
        <test-method status="SKIP" signature="DefaultResult(org.testng.ITestResult)[pri:0, instance:com.suiteQuestions.TestCase_CreateTFQuestions@735a5cd5]" name="DefaultResult" is-config="true" duration-ms="0" started-at="2015-09-09T15:49:28Z" finished-at="2015-09-09T15:49:28Z">
          <reporter-output>
          </reporter-output>
        </test-method> <!-- DefaultResult -->
      </class> <!-- com.suiteQuestions.TestCase_CreateTFQuestions -->
    </test> <!-- Verify Create TrueFalse Questions Test Case -->
    <test name="Verify Create Essay Questions Test Case" duration-ms="4" started-at="2015-09-09T10:19:28Z" finished-at="2015-09-09T10:19:28Z">
      <class name="com.suiteQuestions.TestCase_CreateEassyQuestions">
        <test-method status="SKIP" signature="checkTestSkip()[pri:0, instance:com.suiteQuestions.TestCase_CreateEassyQuestions@7c3b761]" name="checkTestSkip" is-config="true" duration-ms="0" started-at="2015-09-09T15:49:28Z" finished-at="2015-09-09T15:49:28Z">
          <reporter-output>
          </reporter-output>
        </test-method> <!-- checkTestSkip -->
        <test-method status="SKIP" signature="verifyCreateEssayQuestionsTest()[pri:0, instance:com.suiteQuestions.TestCase_CreateEassyQuestions@7c3b761]" name="verifyCreateEssayQuestionsTest" duration-ms="0" started-at="2015-09-09T15:49:28Z" finished-at="2015-09-09T15:49:28Z">
          <reporter-output>
          </reporter-output>
        </test-method> <!-- verifyCreateEssayQuestionsTest -->
        <test-method status="SKIP" signature="DefaultResult(org.testng.ITestResult)[pri:0, instance:com.suiteQuestions.TestCase_CreateEassyQuestions@7c3b761]" name="DefaultResult" is-config="true" duration-ms="0" started-at="2015-09-09T15:49:28Z" finished-at="2015-09-09T15:49:28Z">
          <reporter-output>
          </reporter-output>
        </test-method> <!-- DefaultResult -->
      </class> <!-- com.suiteQuestions.TestCase_CreateEassyQuestions -->
    </test> <!-- Verify Create Essay Questions Test Case -->
    <test name="Verify Create FITB Questions Test Case" duration-ms="7" started-at="2015-09-09T10:19:28Z" finished-at="2015-09-09T10:19:28Z">
      <class name="com.suiteQuestions.TestCase_CreateFITBQuestions">
        <test-method status="SKIP" signature="checkTestSkip()[pri:0, instance:com.suiteQuestions.TestCase_CreateFITBQuestions@3aacbf34]" name="checkTestSkip" is-config="true" duration-ms="0" started-at="2015-09-09T15:49:28Z" finished-at="2015-09-09T15:49:28Z">
          <reporter-output>
          </reporter-output>
        </test-method> <!-- checkTestSkip -->
        <test-method status="SKIP" signature="verifyCreateFITBQuestionsTest()[pri:0, instance:com.suiteQuestions.TestCase_CreateFITBQuestions@3aacbf34]" name="verifyCreateFITBQuestionsTest" duration-ms="1" started-at="2015-09-09T15:49:28Z" finished-at="2015-09-09T15:49:28Z">
          <reporter-output>
          </reporter-output>
        </test-method> <!-- verifyCreateFITBQuestionsTest -->
        <test-method status="SKIP" signature="DefaultResult(org.testng.ITestResult)[pri:0, instance:com.suiteQuestions.TestCase_CreateFITBQuestions@3aacbf34]" name="DefaultResult" is-config="true" duration-ms="0" started-at="2015-09-09T15:49:28Z" finished-at="2015-09-09T15:49:28Z">
          <reporter-output>
          </reporter-output>
        </test-method> <!-- DefaultResult -->
      </class> <!-- com.suiteQuestions.TestCase_CreateFITBQuestions -->
    </test> <!-- Verify Create FITB Questions Test Case -->
    <test name="Verify SelectCategoryFolder Test Case" duration-ms="4" started-at="2015-09-09T10:19:28Z" finished-at="2015-09-09T10:19:28Z">
      <class name="com.suiteQuestions.TestCase_SelectCategoryFolder">
        <test-method status="SKIP" signature="checkTestSkip()[pri:0, instance:com.suiteQuestions.TestCase_SelectCategoryFolder@737797b1]" name="checkTestSkip" is-config="true" duration-ms="0" started-at="2015-09-09T15:49:28Z" finished-at="2015-09-09T15:49:28Z">
          <reporter-output>
          </reporter-output>
        </test-method> <!-- checkTestSkip -->
        <test-method status="SKIP" signature="verifySelectCategoryFolder()[pri:0, instance:com.suiteQuestions.TestCase_SelectCategoryFolder@737797b1]" name="verifySelectCategoryFolder" duration-ms="0" started-at="2015-09-09T15:49:28Z" finished-at="2015-09-09T15:49:28Z">
          <reporter-output>
          </reporter-output>
        </test-method> <!-- verifySelectCategoryFolder -->
        <test-method status="SKIP" signature="DefaultResult(org.testng.ITestResult)[pri:0, instance:com.suiteQuestions.TestCase_SelectCategoryFolder@737797b1]" name="DefaultResult" is-config="true" duration-ms="0" started-at="2015-09-09T15:49:28Z" finished-at="2015-09-09T15:49:28Z">
          <reporter-output>
          </reporter-output>
        </test-method> <!-- DefaultResult -->
      </class> <!-- com.suiteQuestions.TestCase_SelectCategoryFolder -->
    </test> <!-- Verify SelectCategoryFolder Test Case -->
    <test name="Verify Search By Id Test Case" duration-ms="5" started-at="2015-09-09T10:19:28Z" finished-at="2015-09-09T10:19:28Z">
      <class name="com.suiteQuestions.TestCase_SearchQuestionsById">
        <test-method status="SKIP" signature="checkTestSkip()[pri:0, instance:com.suiteQuestions.TestCase_SearchQuestionsById@3ab5b182]" name="checkTestSkip" is-config="true" duration-ms="0" started-at="2015-09-09T15:49:28Z" finished-at="2015-09-09T15:49:28Z">
          <reporter-output>
          </reporter-output>
        </test-method> <!-- checkTestSkip -->
        <test-method status="SKIP" signature="verifySearchQuestionsByIdTest()[pri:0, instance:com.suiteQuestions.TestCase_SearchQuestionsById@3ab5b182]" name="verifySearchQuestionsByIdTest" duration-ms="1" started-at="2015-09-09T15:49:28Z" finished-at="2015-09-09T15:49:28Z">
          <reporter-output>
          </reporter-output>
        </test-method> <!-- verifySearchQuestionsByIdTest -->
        <test-method status="SKIP" signature="DefaultResult(org.testng.ITestResult)[pri:0, instance:com.suiteQuestions.TestCase_SearchQuestionsById@3ab5b182]" name="DefaultResult" is-config="true" duration-ms="0" started-at="2015-09-09T15:49:28Z" finished-at="2015-09-09T15:49:28Z">
          <reporter-output>
          </reporter-output>
        </test-method> <!-- DefaultResult -->
      </class> <!-- com.suiteQuestions.TestCase_SearchQuestionsById -->
    </test> <!-- Verify Search By Id Test Case -->
    <test name="Verify Search By Name Test Case" duration-ms="6" started-at="2015-09-09T10:19:28Z" finished-at="2015-09-09T10:19:28Z">
      <class name="com.suiteQuestions.TestCase_SearchQuestionsByName">
        <test-method status="SKIP" signature="checkTestSkip()[pri:0, instance:com.suiteQuestions.TestCase_SearchQuestionsByName@40a8d1e4]" name="checkTestSkip" is-config="true" duration-ms="0" started-at="2015-09-09T15:49:28Z" finished-at="2015-09-09T15:49:28Z">
          <reporter-output>
          </reporter-output>
        </test-method> <!-- checkTestSkip -->
        <test-method status="SKIP" signature="verifySearchQuestionsByNameTest()[pri:0, instance:com.suiteQuestions.TestCase_SearchQuestionsByName@40a8d1e4]" name="verifySearchQuestionsByNameTest" duration-ms="1" started-at="2015-09-09T15:49:28Z" finished-at="2015-09-09T15:49:28Z">
          <reporter-output>
          </reporter-output>
        </test-method> <!-- verifySearchQuestionsByNameTest -->
        <test-method status="SKIP" signature="DefaultResult(org.testng.ITestResult)[pri:0, instance:com.suiteQuestions.TestCase_SearchQuestionsByName@40a8d1e4]" name="DefaultResult" is-config="true" duration-ms="0" started-at="2015-09-09T15:49:28Z" finished-at="2015-09-09T15:49:28Z">
          <reporter-output>
          </reporter-output>
        </test-method> <!-- DefaultResult -->
      </class> <!-- com.suiteQuestions.TestCase_SearchQuestionsByName -->
    </test> <!-- Verify Search By Name Test Case -->
    <test name="Verify SelectAnyFolder Test Case" duration-ms="6" started-at="2015-09-09T10:19:28Z" finished-at="2015-09-09T10:19:28Z">
      <class name="com.suiteQuestions.TestCase_SelectAnyFolder">
        <test-method status="SKIP" signature="checkTestSkip()[pri:0, instance:com.suiteQuestions.TestCase_SelectAnyFolder@1bba6451]" name="checkTestSkip" is-config="true" duration-ms="0" started-at="2015-09-09T15:49:28Z" finished-at="2015-09-09T15:49:28Z">
          <reporter-output>
          </reporter-output>
        </test-method> <!-- checkTestSkip -->
        <test-method status="SKIP" signature="verifySelectionOfQSFolderTest()[pri:0, instance:com.suiteQuestions.TestCase_SelectAnyFolder@1bba6451]" name="verifySelectionOfQSFolderTest" duration-ms="1" started-at="2015-09-09T15:49:28Z" finished-at="2015-09-09T15:49:28Z">
          <reporter-output>
          </reporter-output>
        </test-method> <!-- verifySelectionOfQSFolderTest -->
        <test-method status="SKIP" signature="DefaultResult(org.testng.ITestResult)[pri:0, instance:com.suiteQuestions.TestCase_SelectAnyFolder@1bba6451]" name="DefaultResult" is-config="true" duration-ms="0" started-at="2015-09-09T15:49:28Z" finished-at="2015-09-09T15:49:28Z">
          <reporter-output>
          </reporter-output>
        </test-method> <!-- DefaultResult -->
      </class> <!-- com.suiteQuestions.TestCase_SelectAnyFolder -->
    </test> <!-- Verify SelectAnyFolder Test Case -->
    <test name="Verify Bulk Approve Test Case" duration-ms="4" started-at="2015-09-09T10:19:28Z" finished-at="2015-09-09T10:19:28Z">
      <class name="com.suiteQuestions.TestCase_CreateBulkApproveQuestions">
        <test-method status="SKIP" signature="checkTestSkip()[pri:0, instance:com.suiteQuestions.TestCase_CreateBulkApproveQuestions@15be3a66]" name="checkTestSkip" is-config="true" duration-ms="0" started-at="2015-09-09T15:49:28Z" finished-at="2015-09-09T15:49:28Z">
          <reporter-output>
          </reporter-output>
        </test-method> <!-- checkTestSkip -->
        <test-method status="SKIP" signature="verifyCreateBulkApproveQuestionsTest()[pri:0, instance:com.suiteQuestions.TestCase_CreateBulkApproveQuestions@15be3a66]" name="verifyCreateBulkApproveQuestionsTest" duration-ms="1" started-at="2015-09-09T15:49:28Z" finished-at="2015-09-09T15:49:28Z">
          <reporter-output>
          </reporter-output>
        </test-method> <!-- verifyCreateBulkApproveQuestionsTest -->
        <test-method status="SKIP" signature="DefaultResult(org.testng.ITestResult)[pri:0, instance:com.suiteQuestions.TestCase_CreateBulkApproveQuestions@15be3a66]" name="DefaultResult" is-config="true" duration-ms="0" started-at="2015-09-09T15:49:28Z" finished-at="2015-09-09T15:49:28Z">
          <reporter-output>
          </reporter-output>
        </test-method> <!-- DefaultResult -->
      </class> <!-- com.suiteQuestions.TestCase_CreateBulkApproveQuestions -->
    </test> <!-- Verify Bulk Approve Test Case -->
    <test name="Verify Delete Questions in Folder Test Case" duration-ms="6" started-at="2015-09-09T10:19:28Z" finished-at="2015-09-09T10:19:28Z">
      <class name="com.suiteQuestions.TestCase_DeleteQSInFolder">
        <test-method status="SKIP" signature="checkTestSkip()[pri:0, instance:com.suiteQuestions.TestCase_DeleteQSInFolder@52cc3e77]" name="checkTestSkip" is-config="true" duration-ms="0" started-at="2015-09-09T15:49:28Z" finished-at="2015-09-09T15:49:28Z">
          <reporter-output>
          </reporter-output>
        </test-method> <!-- checkTestSkip -->
        <test-method status="SKIP" signature="verifyDeleteQSInFolderTest()[pri:0, instance:com.suiteQuestions.TestCase_DeleteQSInFolder@52cc3e77]" name="verifyDeleteQSInFolderTest" duration-ms="2" started-at="2015-09-09T15:49:28Z" finished-at="2015-09-09T15:49:28Z">
          <reporter-output>
          </reporter-output>
        </test-method> <!-- verifyDeleteQSInFolderTest -->
        <test-method status="SKIP" signature="DefaultResult(org.testng.ITestResult)[pri:0, instance:com.suiteQuestions.TestCase_DeleteQSInFolder@52cc3e77]" name="DefaultResult" is-config="true" duration-ms="0" started-at="2015-09-09T15:49:28Z" finished-at="2015-09-09T15:49:28Z">
          <reporter-output>
          </reporter-output>
        </test-method> <!-- DefaultResult -->
      </class> <!-- com.suiteQuestions.TestCase_DeleteQSInFolder -->
    </test> <!-- Verify Delete Questions in Folder Test Case -->
    <test name="Verify Import RTF format Test Case" duration-ms="4" started-at="2015-09-09T10:19:28Z" finished-at="2015-09-09T10:19:28Z">
      <class name="com.suiteQuestions.TestCase_ImportQuestionsRFTFormat">
        <test-method status="SKIP" signature="checkTestSkip()[pri:0, instance:com.suiteQuestions.TestCase_ImportQuestionsRFTFormat@67808ae8]" name="checkTestSkip" is-config="true" duration-ms="0" started-at="2015-09-09T15:49:28Z" finished-at="2015-09-09T15:49:28Z">
          <reporter-output>
          </reporter-output>
        </test-method> <!-- checkTestSkip -->
        <test-method status="SKIP" signature="verifyImportQuestionsRFTFormatTest()[pri:0, instance:com.suiteQuestions.TestCase_ImportQuestionsRFTFormat@67808ae8]" name="verifyImportQuestionsRFTFormatTest" duration-ms="0" started-at="2015-09-09T15:49:28Z" finished-at="2015-09-09T15:49:28Z">
          <reporter-output>
          </reporter-output>
        </test-method> <!-- verifyImportQuestionsRFTFormatTest -->
        <test-method status="SKIP" signature="DefaultResult(org.testng.ITestResult)[pri:0, instance:com.suiteQuestions.TestCase_ImportQuestionsRFTFormat@67808ae8]" name="DefaultResult" is-config="true" duration-ms="0" started-at="2015-09-09T15:49:28Z" finished-at="2015-09-09T15:49:28Z">
          <reporter-output>
          </reporter-output>
        </test-method> <!-- DefaultResult -->
      </class> <!-- com.suiteQuestions.TestCase_ImportQuestionsRFTFormat -->
    </test> <!-- Verify Import RTF format Test Case -->
    <test name="Verify Import Tab Seperated format Test Case" duration-ms="6" started-at="2015-09-09T10:19:28Z" finished-at="2015-09-09T10:19:28Z">
      <class name="com.suiteQuestions.TestCase_ImportQuestionsTabSeperated">
        <test-method status="SKIP" signature="checkTestSkip()[pri:0, instance:com.suiteQuestions.TestCase_ImportQuestionsTabSeperated@2e378b91]" name="checkTestSkip" is-config="true" duration-ms="0" started-at="2015-09-09T15:49:28Z" finished-at="2015-09-09T15:49:28Z">
          <reporter-output>
          </reporter-output>
        </test-method> <!-- checkTestSkip -->
        <test-method status="SKIP" signature="verifyImportQuestionsTabSeperatedTest()[pri:0, instance:com.suiteQuestions.TestCase_ImportQuestionsTabSeperated@2e378b91]" name="verifyImportQuestionsTabSeperatedTest" duration-ms="1" started-at="2015-09-09T15:49:28Z" finished-at="2015-09-09T15:49:28Z">
          <reporter-output>
          </reporter-output>
        </test-method> <!-- verifyImportQuestionsTabSeperatedTest -->
        <test-method status="SKIP" signature="DefaultResult(org.testng.ITestResult)[pri:0, instance:com.suiteQuestions.TestCase_ImportQuestionsTabSeperated@2e378b91]" name="DefaultResult" is-config="true" duration-ms="0" started-at="2015-09-09T15:49:28Z" finished-at="2015-09-09T15:49:28Z">
          <reporter-output>
          </reporter-output>
        </test-method> <!-- DefaultResult -->
      </class> <!-- com.suiteQuestions.TestCase_ImportQuestionsTabSeperated -->
    </test> <!-- Verify Import Tab Seperated format Test Case -->
    <test name="Verify Question used by Exam should not be deleted" duration-ms="4" started-at="2015-09-09T10:19:28Z" finished-at="2015-09-09T10:19:28Z">
      <class name="com.suiteQuestions.TestCase_DeleteQSUsedByExam">
        <test-method status="SKIP" signature="checkTestSkip()[pri:0, instance:com.suiteQuestions.TestCase_DeleteQSUsedByExam@7d19979e]" name="checkTestSkip" is-config="true" duration-ms="0" started-at="2015-09-09T15:49:28Z" finished-at="2015-09-09T15:49:28Z">
          <reporter-output>
          </reporter-output>
        </test-method> <!-- checkTestSkip -->
        <test-method status="SKIP" signature="verifyDeleteQSUsedByExam()[pri:0, instance:com.suiteQuestions.TestCase_DeleteQSUsedByExam@7d19979e]" name="verifyDeleteQSUsedByExam" duration-ms="1" started-at="2015-09-09T15:49:28Z" finished-at="2015-09-09T15:49:28Z">
          <reporter-output>
          </reporter-output>
        </test-method> <!-- verifyDeleteQSUsedByExam -->
        <test-method status="SKIP" signature="DefaultResult(org.testng.ITestResult)[pri:0, instance:com.suiteQuestions.TestCase_DeleteQSUsedByExam@7d19979e]" name="DefaultResult" is-config="true" duration-ms="0" started-at="2015-09-09T15:49:28Z" finished-at="2015-09-09T15:49:28Z">
          <reporter-output>
          </reporter-output>
        </test-method> <!-- DefaultResult -->
      </class> <!-- com.suiteQuestions.TestCase_DeleteQSUsedByExam -->
    </test> <!-- Verify Question used by Exam should not be deleted -->
    <test name="Verify Share Folder Test Case" duration-ms="7" started-at="2015-09-09T10:19:28Z" finished-at="2015-09-09T10:19:28Z">
      <class name="com.suiteQuestions.TestCase_ShareFolder">
        <test-method status="SKIP" signature="checkTestSkip()[pri:0, instance:com.suiteQuestions.TestCase_ShareFolder@efc0830]" name="checkTestSkip" is-config="true" duration-ms="0" started-at="2015-09-09T15:49:28Z" finished-at="2015-09-09T15:49:28Z">
          <reporter-output>
          </reporter-output>
        </test-method> <!-- checkTestSkip -->
        <test-method status="SKIP" signature="verifyShareFolderTest()[pri:0, instance:com.suiteQuestions.TestCase_ShareFolder@efc0830]" name="verifyShareFolderTest" duration-ms="1" started-at="2015-09-09T15:49:28Z" finished-at="2015-09-09T15:49:28Z">
          <reporter-output>
          </reporter-output>
        </test-method> <!-- verifyShareFolderTest -->
        <test-method status="SKIP" signature="DefaultResult(org.testng.ITestResult)[pri:0, instance:com.suiteQuestions.TestCase_ShareFolder@efc0830]" name="DefaultResult" is-config="true" duration-ms="0" started-at="2015-09-09T15:49:28Z" finished-at="2015-09-09T15:49:28Z">
          <reporter-output>
          </reporter-output>
        </test-method> <!-- DefaultResult -->
      </class> <!-- com.suiteQuestions.TestCase_ShareFolder -->
    </test> <!-- Verify Share Folder Test Case -->
    <test name="Verify QSbyCategories Test Case" duration-ms="5" started-at="2015-09-09T10:19:28Z" finished-at="2015-09-09T10:19:28Z">
      <class name="com.suiteQuestions.TestCase_QSbyCategories">
        <test-method status="SKIP" signature="checkTestSkip()[pri:0, instance:com.suiteQuestions.TestCase_QSbyCategories@3775f532]" name="checkTestSkip" is-config="true" duration-ms="0" started-at="2015-09-09T15:49:28Z" finished-at="2015-09-09T15:49:28Z">
          <reporter-output>
          </reporter-output>
        </test-method> <!-- checkTestSkip -->
        <test-method status="SKIP" signature="verifyQSbyCategories()[pri:0, instance:com.suiteQuestions.TestCase_QSbyCategories@3775f532]" name="verifyQSbyCategories" duration-ms="1" started-at="2015-09-09T15:49:28Z" finished-at="2015-09-09T15:49:28Z">
          <reporter-output>
          </reporter-output>
        </test-method> <!-- verifyQSbyCategories -->
        <test-method status="SKIP" signature="DefaultResult(org.testng.ITestResult)[pri:0, instance:com.suiteQuestions.TestCase_QSbyCategories@3775f532]" name="DefaultResult" is-config="true" duration-ms="0" started-at="2015-09-09T15:49:28Z" finished-at="2015-09-09T15:49:28Z">
          <reporter-output>
          </reporter-output>
        </test-method> <!-- DefaultResult -->
      </class> <!-- com.suiteQuestions.TestCase_QSbyCategories -->
    </test> <!-- Verify QSbyCategories Test Case -->
    <test name="Verify EditFolder Test Case" duration-ms="7" started-at="2015-09-09T10:19:28Z" finished-at="2015-09-09T10:19:28Z">
      <class name="com.suiteQuestions.TestCase_EditFolder">
        <test-method status="SKIP" signature="checkTestSkip()[pri:0, instance:com.suiteQuestions.TestCase_EditFolder@740887b6]" name="checkTestSkip" is-config="true" duration-ms="0" started-at="2015-09-09T15:49:28Z" finished-at="2015-09-09T15:49:28Z">
          <reporter-output>
          </reporter-output>
        </test-method> <!-- checkTestSkip -->
        <test-method status="SKIP" signature="verifyEditQSFolderTest()[pri:0, instance:com.suiteQuestions.TestCase_EditFolder@740887b6]" name="verifyEditQSFolderTest" duration-ms="1" started-at="2015-09-09T15:49:28Z" finished-at="2015-09-09T15:49:28Z">
          <reporter-output>
          </reporter-output>
        </test-method> <!-- verifyEditQSFolderTest -->
        <test-method status="SKIP" signature="DefaultResult(org.testng.ITestResult)[pri:0, instance:com.suiteQuestions.TestCase_EditFolder@740887b6]" name="DefaultResult" is-config="true" duration-ms="0" started-at="2015-09-09T15:49:28Z" finished-at="2015-09-09T15:49:28Z">
          <reporter-output>
          </reporter-output>
        </test-method> <!-- DefaultResult -->
      </class> <!-- com.suiteQuestions.TestCase_EditFolder -->
    </test> <!-- Verify EditFolder Test Case -->
    <test name="Verify DeleteFolder Test Case" duration-ms="5" started-at="2015-09-09T10:19:28Z" finished-at="2015-09-09T10:19:28Z">
      <class name="com.suiteQuestions.TestCase_DeleteFolder">
        <test-method status="SKIP" signature="checkTestSkip()[pri:0, instance:com.suiteQuestions.TestCase_DeleteFolder@45cf6814]" name="checkTestSkip" is-config="true" duration-ms="0" started-at="2015-09-09T15:49:28Z" finished-at="2015-09-09T15:49:28Z">
          <reporter-output>
          </reporter-output>
        </test-method> <!-- checkTestSkip -->
        <test-method status="SKIP" signature="verifyDeleteQSFolderTest()[pri:0, instance:com.suiteQuestions.TestCase_DeleteFolder@45cf6814]" name="verifyDeleteQSFolderTest" duration-ms="1" started-at="2015-09-09T15:49:28Z" finished-at="2015-09-09T15:49:28Z">
          <reporter-output>
          </reporter-output>
        </test-method> <!-- verifyDeleteQSFolderTest -->
        <test-method status="SKIP" signature="DefaultResult(org.testng.ITestResult)[pri:0, instance:com.suiteQuestions.TestCase_DeleteFolder@45cf6814]" name="DefaultResult" is-config="true" duration-ms="0" started-at="2015-09-09T15:49:28Z" finished-at="2015-09-09T15:49:28Z">
          <reporter-output>
          </reporter-output>
        </test-method> <!-- DefaultResult -->
      </class> <!-- com.suiteQuestions.TestCase_DeleteFolder -->
    </test> <!-- Verify DeleteFolder Test Case -->
    <test name="Verify Question&#039;s page breadcrum and heading" duration-ms="5" started-at="2015-09-09T10:19:28Z" finished-at="2015-09-09T10:19:28Z">
      <class name="com.suiteQuestions.TestCase_BreadcrumAndHeading">
        <test-method status="SKIP" signature="checkTestSkip()[pri:0, instance:com.suiteQuestions.TestCase_BreadcrumAndHeading@fba3c49]" name="checkTestSkip" is-config="true" duration-ms="0" started-at="2015-09-09T15:49:28Z" finished-at="2015-09-09T15:49:28Z">
          <reporter-output>
          </reporter-output>
        </test-method> <!-- checkTestSkip -->
        <test-method status="SKIP" signature="verifyBreadcrumAndHeading()[pri:0, instance:com.suiteQuestions.TestCase_BreadcrumAndHeading@fba3c49]" name="verifyBreadcrumAndHeading" duration-ms="1" started-at="2015-09-09T15:49:28Z" finished-at="2015-09-09T15:49:28Z">
          <reporter-output>
          </reporter-output>
        </test-method> <!-- verifyBreadcrumAndHeading -->
        <test-method status="SKIP" signature="DefaultResult(org.testng.ITestResult)[pri:0, instance:com.suiteQuestions.TestCase_BreadcrumAndHeading@fba3c49]" name="DefaultResult" is-config="true" duration-ms="0" started-at="2015-09-09T15:49:28Z" finished-at="2015-09-09T15:49:28Z">
          <reporter-output>
          </reporter-output>
        </test-method> <!-- DefaultResult -->
      </class> <!-- com.suiteQuestions.TestCase_BreadcrumAndHeading -->
    </test> <!-- Verify Question's page breadcrum and heading -->
    <test name="Check search and reset option under side bar grids" duration-ms="7" started-at="2015-09-09T10:19:28Z" finished-at="2015-09-09T10:19:28Z">
      <class name="com.suiteQuestions.TestCase_FolderAndCategorySearch">
        <test-method status="SKIP" signature="checkTestSkip()[pri:0, instance:com.suiteQuestions.TestCase_FolderAndCategorySearch@24e0a659]" name="checkTestSkip" is-config="true" duration-ms="0" started-at="2015-09-09T15:49:28Z" finished-at="2015-09-09T15:49:28Z">
          <reporter-output>
          </reporter-output>
        </test-method> <!-- checkTestSkip -->
        <test-method status="SKIP" signature="verifyFolderAndCategorySearch()[pri:0, instance:com.suiteQuestions.TestCase_FolderAndCategorySearch@24e0a659]" name="verifyFolderAndCategorySearch" duration-ms="1" started-at="2015-09-09T15:49:28Z" finished-at="2015-09-09T15:49:28Z">
          <reporter-output>
          </reporter-output>
        </test-method> <!-- verifyFolderAndCategorySearch -->
        <test-method status="SKIP" signature="DefaultResult(org.testng.ITestResult)[pri:0, instance:com.suiteQuestions.TestCase_FolderAndCategorySearch@24e0a659]" name="DefaultResult" is-config="true" duration-ms="0" started-at="2015-09-09T15:49:28Z" finished-at="2015-09-09T15:49:28Z">
          <reporter-output>
          </reporter-output>
        </test-method> <!-- DefaultResult -->
      </class> <!-- com.suiteQuestions.TestCase_FolderAndCategorySearch -->
    </test> <!-- Check search and reset option under side bar grids -->
    <test name="Check Folder question count on LHS and RHS grids" duration-ms="5" started-at="2015-09-09T10:19:28Z" finished-at="2015-09-09T10:19:28Z">
      <class name="com.suiteQuestions.TestCase_FolderQuestionCount_LHS_RHS_Grid">
        <test-method status="SKIP" signature="checkTestSkip()[pri:0, instance:com.suiteQuestions.TestCase_FolderQuestionCount_LHS_RHS_Grid@496419dc]" name="checkTestSkip" is-config="true" duration-ms="0" started-at="2015-09-09T15:49:28Z" finished-at="2015-09-09T15:49:28Z">
          <reporter-output>
          </reporter-output>
        </test-method> <!-- checkTestSkip -->
        <test-method status="SKIP" signature="verifyFolderQuestionCount_LHS_RHS_Grid()[pri:0, instance:com.suiteQuestions.TestCase_FolderQuestionCount_LHS_RHS_Grid@496419dc]" name="verifyFolderQuestionCount_LHS_RHS_Grid" duration-ms="1" started-at="2015-09-09T15:49:28Z" finished-at="2015-09-09T15:49:28Z">
          <reporter-output>
          </reporter-output>
        </test-method> <!-- verifyFolderQuestionCount_LHS_RHS_Grid -->
        <test-method status="SKIP" signature="DefaultResult(org.testng.ITestResult)[pri:0, instance:com.suiteQuestions.TestCase_FolderQuestionCount_LHS_RHS_Grid@496419dc]" name="DefaultResult" is-config="true" duration-ms="0" started-at="2015-09-09T15:49:28Z" finished-at="2015-09-09T15:49:28Z">
          <reporter-output>
          </reporter-output>
        </test-method> <!-- DefaultResult -->
      </class> <!-- com.suiteQuestions.TestCase_FolderQuestionCount_LHS_RHS_Grid -->
    </test> <!-- Check Folder question count on LHS and RHS grids -->
    <test name="Verify &#039;Community&#039; and &#039;Help Guide&#039; links are appearing and their corressponding popups are opening or not." duration-ms="11" started-at="2015-09-09T10:19:28Z" finished-at="2015-09-09T10:19:28Z">
      <class name="com.suiteQuestions.TestCase_Community_HelpGuide_Links">
        <test-method status="SKIP" signature="checkTestSkip()[pri:0, instance:com.suiteQuestions.TestCase_Community_HelpGuide_Links@11d8f879]" name="checkTestSkip" is-config="true" duration-ms="0" started-at="2015-09-09T15:49:28Z" finished-at="2015-09-09T15:49:28Z">
          <reporter-output>
          </reporter-output>
        </test-method> <!-- checkTestSkip -->
        <test-method status="SKIP" signature="verifyCommunity_HelpGuide_Links()[pri:0, instance:com.suiteQuestions.TestCase_Community_HelpGuide_Links@11d8f879]" name="verifyCommunity_HelpGuide_Links" duration-ms="1" started-at="2015-09-09T15:49:28Z" finished-at="2015-09-09T15:49:28Z">
          <reporter-output>
          </reporter-output>
        </test-method> <!-- verifyCommunity_HelpGuide_Links -->
        <test-method status="SKIP" signature="DefaultResult(org.testng.ITestResult)[pri:0, instance:com.suiteQuestions.TestCase_Community_HelpGuide_Links@11d8f879]" name="DefaultResult" is-config="true" duration-ms="0" started-at="2015-09-09T15:49:28Z" finished-at="2015-09-09T15:49:28Z">
          <reporter-output>
          </reporter-output>
        </test-method> <!-- DefaultResult -->
      </class> <!-- com.suiteQuestions.TestCase_Community_HelpGuide_Links -->
    </test> <!-- Verify 'Community' and 'Help Guide' links are appearing and their corressponding popups are opening or not. -->
    <test name="Verify user is able to export grid results to excel and CSV files." duration-ms="16" started-at="2015-09-09T10:19:28Z" finished-at="2015-09-09T10:19:28Z">
      <class name="com.suiteQuestions.TestCase_ExportResults_Excel_CSV">
        <test-method status="SKIP" signature="checkTestSkip()[pri:0, instance:com.suiteQuestions.TestCase_ExportResults_Excel_CSV@4c5d7f90]" name="checkTestSkip" is-config="true" duration-ms="0" started-at="2015-09-09T15:49:28Z" finished-at="2015-09-09T15:49:28Z">
          <reporter-output>
          </reporter-output>
        </test-method> <!-- checkTestSkip -->
        <test-method status="SKIP" signature="verifyExportResults_Excel_CSV()[pri:0, instance:com.suiteQuestions.TestCase_ExportResults_Excel_CSV@4c5d7f90]" name="verifyExportResults_Excel_CSV" duration-ms="1" started-at="2015-09-09T15:49:28Z" finished-at="2015-09-09T15:49:28Z">
          <reporter-output>
          </reporter-output>
        </test-method> <!-- verifyExportResults_Excel_CSV -->
        <test-method status="SKIP" signature="DefaultResult(org.testng.ITestResult)[pri:0, instance:com.suiteQuestions.TestCase_ExportResults_Excel_CSV@4c5d7f90]" name="DefaultResult" is-config="true" duration-ms="0" started-at="2015-09-09T15:49:28Z" finished-at="2015-09-09T15:49:28Z">
          <reporter-output>
          </reporter-output>
        </test-method> <!-- DefaultResult -->
      </class> <!-- com.suiteQuestions.TestCase_ExportResults_Excel_CSV -->
    </test> <!-- Verify user is able to export grid results to excel and CSV files. -->
    <test name="Verify whether Expand/Shrink Results link is working properly." duration-ms="4" started-at="2015-09-09T10:19:28Z" finished-at="2015-09-09T10:19:28Z">
      <class name="com.suiteQuestions.TestCase_ExpandShrinkResultsLink">
        <test-method status="SKIP" signature="checkTestSkip()[pri:0, instance:com.suiteQuestions.TestCase_ExpandShrinkResultsLink@3de817d1]" name="checkTestSkip" is-config="true" duration-ms="0" started-at="2015-09-09T15:49:28Z" finished-at="2015-09-09T15:49:28Z">
          <reporter-output>
          </reporter-output>
        </test-method> <!-- checkTestSkip -->
        <test-method status="SKIP" signature="verifyExpandShrinkResultsLink()[pri:0, instance:com.suiteQuestions.TestCase_ExpandShrinkResultsLink@3de817d1]" name="verifyExpandShrinkResultsLink" duration-ms="0" started-at="2015-09-09T15:49:28Z" finished-at="2015-09-09T15:49:28Z">
          <reporter-output>
          </reporter-output>
        </test-method> <!-- verifyExpandShrinkResultsLink -->
        <test-method status="SKIP" signature="DefaultResult(org.testng.ITestResult)[pri:0, instance:com.suiteQuestions.TestCase_ExpandShrinkResultsLink@3de817d1]" name="DefaultResult" is-config="true" duration-ms="0" started-at="2015-09-09T15:49:28Z" finished-at="2015-09-09T15:49:28Z">
          <reporter-output>
          </reporter-output>
        </test-method> <!-- DefaultResult -->
      </class> <!-- com.suiteQuestions.TestCase_ExpandShrinkResultsLink -->
    </test> <!-- Verify whether Expand/Shrink Results link is working properly. -->
    <test name="Check user is able to duplicate bulk selected questions to a particular folder." duration-ms="205" started-at="2015-09-09T10:19:28Z" finished-at="2015-09-09T10:19:29Z">
      <class name="com.suiteQuestions.TestCase_BulkDuplicate">
        <test-method status="SKIP" signature="checkTestSkip()[pri:0, instance:com.suiteQuestions.TestCase_BulkDuplicate@4319b06e]" name="checkTestSkip" is-config="true" duration-ms="0" started-at="2015-09-09T15:49:28Z" finished-at="2015-09-09T15:49:28Z">
          <reporter-output>
          </reporter-output>
        </test-method> <!-- checkTestSkip -->
        <test-method status="SKIP" signature="verifyBulkDuplicate()[pri:0, instance:com.suiteQuestions.TestCase_BulkDuplicate@4319b06e]" name="verifyBulkDuplicate" duration-ms="1" started-at="2015-09-09T15:49:29Z" finished-at="2015-09-09T15:49:29Z">
          <reporter-output>
          </reporter-output>
        </test-method> <!-- verifyBulkDuplicate -->
        <test-method status="SKIP" signature="DefaultResult(org.testng.ITestResult)[pri:0, instance:com.suiteQuestions.TestCase_BulkDuplicate@4319b06e]" name="DefaultResult" is-config="true" duration-ms="0" started-at="2015-09-09T15:49:29Z" finished-at="2015-09-09T15:49:29Z">
          <reporter-output>
          </reporter-output>
        </test-method> <!-- DefaultResult -->
      </class> <!-- com.suiteQuestions.TestCase_BulkDuplicate -->
    </test> <!-- Check user is able to duplicate bulk selected questions to a particular folder. -->
    <test name="Check user is able to move questions to another folder for bulk selected questions from question listing grid." duration-ms="12" started-at="2015-09-09T10:19:29Z" finished-at="2015-09-09T10:19:29Z">
      <class name="com.suiteQuestions.TestCase_BulkMoveToAnotherFolder">
        <test-method status="SKIP" signature="checkTestSkip()[pri:0, instance:com.suiteQuestions.TestCase_BulkMoveToAnotherFolder@6ea43ee0]" name="checkTestSkip" is-config="true" duration-ms="0" started-at="2015-09-09T15:49:29Z" finished-at="2015-09-09T15:49:29Z">
          <reporter-output>
          </reporter-output>
        </test-method> <!-- checkTestSkip -->
        <test-method status="SKIP" signature="verifyBulkMoveToAnotherFolder()[pri:0, instance:com.suiteQuestions.TestCase_BulkMoveToAnotherFolder@6ea43ee0]" name="verifyBulkMoveToAnotherFolder" duration-ms="9" started-at="2015-09-09T15:49:29Z" finished-at="2015-09-09T15:49:29Z">
          <reporter-output>
          </reporter-output>
        </test-method> <!-- verifyBulkMoveToAnotherFolder -->
        <test-method status="SKIP" signature="DefaultResult(org.testng.ITestResult)[pri:0, instance:com.suiteQuestions.TestCase_BulkMoveToAnotherFolder@6ea43ee0]" name="DefaultResult" is-config="true" duration-ms="0" started-at="2015-09-09T15:49:29Z" finished-at="2015-09-09T15:49:29Z">
          <reporter-output>
          </reporter-output>
        </test-method> <!-- DefaultResult -->
      </class> <!-- com.suiteQuestions.TestCase_BulkMoveToAnotherFolder -->
    </test> <!-- Check user is able to move questions to another folder for bulk selected questions from question listing grid. -->
    <test name="Check user is able to remove bulk selected questions which are not used in any assignments from question listing grid." duration-ms="17" started-at="2015-09-09T10:19:29Z" finished-at="2015-09-09T10:19:29Z">
      <class name="com.suiteQuestions.TestCase_BulkRemoveItems">
        <test-method status="SKIP" signature="checkTestSkip()[pri:0, instance:com.suiteQuestions.TestCase_BulkRemoveItems@56a896fa]" name="checkTestSkip" is-config="true" duration-ms="0" started-at="2015-09-09T15:49:29Z" finished-at="2015-09-09T15:49:29Z">
          <reporter-output>
          </reporter-output>
        </test-method> <!-- checkTestSkip -->
        <test-method status="SKIP" signature="verifyBulkMoveToAnotherFolder()[pri:0, instance:com.suiteQuestions.TestCase_BulkRemoveItems@56a896fa]" name="verifyBulkMoveToAnotherFolder" duration-ms="1" started-at="2015-09-09T15:49:29Z" finished-at="2015-09-09T15:49:29Z">
          <reporter-output>
          </reporter-output>
        </test-method> <!-- verifyBulkMoveToAnotherFolder -->
        <test-method status="SKIP" signature="DefaultResult(org.testng.ITestResult)[pri:0, instance:com.suiteQuestions.TestCase_BulkRemoveItems@56a896fa]" name="DefaultResult" is-config="true" duration-ms="0" started-at="2015-09-09T15:49:29Z" finished-at="2015-09-09T15:49:29Z">
          <reporter-output>
          </reporter-output>
        </test-method> <!-- DefaultResult -->
      </class> <!-- com.suiteQuestions.TestCase_BulkRemoveItems -->
      <class name="com.suiteQuestions.QuestionSuiteBase">
        <test-method status="SKIP" signature="checkSuiteSkip()[pri:0, instance:com.suiteQuestions.QuestionSuiteBase@5a7f56f8]" name="checkSuiteSkip" is-config="true" duration-ms="0" started-at="2015-09-09T15:49:28Z" finished-at="2015-09-09T15:49:28Z">
          <exception class="org.testng.SkipException">
            <message>
              <![CDATA[Runmode of 'QuestionsSuite' is set to 'NO', hence skipping all tests in Suite!]]>
            </message>
            <full-stacktrace>
              <![CDATA[org.testng.SkipException: Runmode of 'QuestionsSuite' is set to 'NO', hence skipping all tests in Suite!
	at Util.TestUtil.checkSuiteSkip(TestUtil.java:137)
	at com.suiteQuestions.QuestionSuiteBase.checkSuiteSkip(QuestionSuiteBase.java:13)
	at sun.reflect.NativeMethodAccessorImpl.invoke0(Native Method)
	at sun.reflect.NativeMethodAccessorImpl.invoke(Unknown Source)
	at sun.reflect.DelegatingMethodAccessorImpl.invoke(Unknown Source)
	at java.lang.reflect.Method.invoke(Unknown Source)
	at org.testng.internal.MethodInvocationHelper.invokeMethod(MethodInvocationHelper.java:84)
	at org.testng.internal.Invoker.invokeConfigurationMethod(Invoker.java:564)
	at org.testng.internal.Invoker.invokeConfigurations(Invoker.java:213)
	at org.testng.internal.Invoker.invokeConfigurations(Invoker.java:138)
	at org.testng.SuiteRunner.privateRun(SuiteRunner.java:277)
	at org.testng.SuiteRunner.run(SuiteRunner.java:240)
	at org.testng.SuiteRunnerWorker.runSuite(SuiteRunnerWorker.java:52)
	at org.testng.SuiteRunnerWorker.run(SuiteRunnerWorker.java:86)
	at org.testng.TestNG.runSuitesSequentially(TestNG.java:1224)
	at org.testng.TestNG.runSuitesSequentially(TestNG.java:1220)
	at org.testng.TestNG.runSuitesLocally(TestNG.java:1149)
	at org.testng.TestNG.run(TestNG.java:1057)
	at org.testng.remote.RemoteTestNG.run(RemoteTestNG.java:111)
	at org.testng.remote.RemoteTestNG.initAndRun(RemoteTestNG.java:204)
	at org.testng.remote.RemoteTestNG.main(RemoteTestNG.java:175)
]]>
            </full-stacktrace>
          </exception> <!-- org.testng.SkipException -->
          <reporter-output>
          </reporter-output>
        </test-method> <!-- checkSuiteSkip -->
      </class> <!-- com.suiteQuestions.QuestionSuiteBase -->
    </test> <!-- Check user is able to remove bulk selected questions which are not used in any assignments from question listing grid. -->
  </suite> <!-- Questions -->
  <suite name="Logout" duration-ms="16641" started-at="2015-09-09T10:26:12Z" finished-at="2015-09-09T10:26:29Z">
    <groups>
    </groups>
    <test name="Check Runmode of Suite" duration-ms="1" started-at="2015-09-09T10:26:12Z" finished-at="2015-09-09T10:26:12Z">
    </test> <!-- Check Runmode of Suite -->
    <test name="Logout Test Case" duration-ms="16633" started-at="2015-09-09T10:26:12Z" finished-at="2015-09-09T10:26:29Z">
      <class name="com.suiteLogout.TestSuiteBase">
        <test-method status="PASS" signature="checkSuiteSkip()[pri:0, instance:com.suiteLogout.TestSuiteBase@3ddca028]" name="checkSuiteSkip" is-config="true" duration-ms="3" started-at="2015-09-09T15:56:12Z" finished-at="2015-09-09T15:56:12Z">
          <reporter-output>
          </reporter-output>
        </test-method> <!-- checkSuiteSkip -->
      </class> <!-- com.suiteLogout.TestSuiteBase -->
      <class name="com.suiteLogout.TestCase_Logout">
        <test-method status="PASS" signature="checkTestSkip()[pri:0, instance:com.suiteLogout.TestCase_Logout@522305c2]" name="checkTestSkip" is-config="true" duration-ms="2" started-at="2015-09-09T15:56:12Z" finished-at="2015-09-09T15:56:12Z">
          <reporter-output>
          </reporter-output>
        </test-method> <!-- checkTestSkip -->
        <test-method status="FAIL" signature="LogOutTest()[pri:0, instance:com.suiteLogout.TestCase_Logout@522305c2]" name="LogOutTest" duration-ms="16107" started-at="2015-09-09T15:56:12Z" finished-at="2015-09-09T15:56:29Z">
          <exception class="org.openqa.selenium.NoSuchElementException">
            <message>
              <![CDATA[Unable to locate element: {"method":"xpath","selector":"//*[@id='accountbar']/ul[1]/li/a"}
Command duration or timeout: 10.10 seconds
For documentation on this error, please visit: http://seleniumhq.org/exceptions/no_such_element.html
Build info: version: '2.41.0', revision: '3192d8a', time: '2014-03-27 17:18:15'
System info: host: 'ULTP_284', ip: '10.6.1.222', os.name: 'Windows 7', os.arch: 'amd64', os.version: '6.1', java.version: '1.7.0_45'
Session ID: 8bec7a9e-eec1-4502-8b42-f54f06f3babb
Driver info: org.openqa.selenium.firefox.FirefoxDriver
Capabilities [{platform=XP, databaseEnabled=true, cssSelectorsEnabled=true, javascriptEnabled=true, acceptSslCerts=true, handlesAlerts=true, browserName=firefox, webStorageEnabled=true, nativeEvents=false, rotatable=false, locationContextEnabled=true, applicationCacheEnabled=true, takesScreenshot=true, version=31.0}]]]>
            </message>
            <full-stacktrace>
              <![CDATA[org.openqa.selenium.NoSuchElementException: Unable to locate element: {"method":"xpath","selector":"//*[@id='accountbar']/ul[1]/li/a"}
Command duration or timeout: 10.10 seconds
For documentation on this error, please visit: http://seleniumhq.org/exceptions/no_such_element.html
Build info: version: '2.41.0', revision: '3192d8a', time: '2014-03-27 17:18:15'
System info: host: 'ULTP_284', ip: '10.6.1.222', os.name: 'Windows 7', os.arch: 'amd64', os.version: '6.1', java.version: '1.7.0_45'
Session ID: 8bec7a9e-eec1-4502-8b42-f54f06f3babb
Driver info: org.openqa.selenium.firefox.FirefoxDriver
Capabilities [{platform=XP, databaseEnabled=true, cssSelectorsEnabled=true, javascriptEnabled=true, acceptSslCerts=true, handlesAlerts=true, browserName=firefox, webStorageEnabled=true, nativeEvents=false, rotatable=false, locationContextEnabled=true, applicationCacheEnabled=true, takesScreenshot=true, version=31.0}]
	at sun.reflect.NativeConstructorAccessorImpl.newInstance0(Native Method)
	at sun.reflect.NativeConstructorAccessorImpl.newInstance(Unknown Source)
	at sun.reflect.DelegatingConstructorAccessorImpl.newInstance(Unknown Source)
	at java.lang.reflect.Constructor.newInstance(Unknown Source)
	at org.openqa.selenium.remote.ErrorHandler.createThrowable(ErrorHandler.java:193)
	at org.openqa.selenium.remote.ErrorHandler.throwIfResponseFailed(ErrorHandler.java:145)
	at org.openqa.selenium.remote.RemoteWebDriver.execute(RemoteWebDriver.java:595)
	at org.openqa.selenium.remote.RemoteWebDriver.findElement(RemoteWebDriver.java:348)
	at org.openqa.selenium.remote.RemoteWebDriver.findElementByXPath(RemoteWebDriver.java:445)
	at org.openqa.selenium.By$ByXPath.findElement(By.java:357)
	at org.openqa.selenium.remote.RemoteWebDriver.findElement(RemoteWebDriver.java:340)
	at Util.TestUtil.doLogout(TestUtil.java:445)
	at com.suiteLogout.TestCase_Logout.LogOutTest(TestCase_Logout.java:26)
	at sun.reflect.NativeMethodAccessorImpl.invoke0(Native Method)
	at sun.reflect.NativeMethodAccessorImpl.invoke(Unknown Source)
	at sun.reflect.DelegatingMethodAccessorImpl.invoke(Unknown Source)
	at java.lang.reflect.Method.invoke(Unknown Source)
	at org.testng.internal.MethodInvocationHelper.invokeMethod(MethodInvocationHelper.java:84)
	at org.testng.internal.Invoker.invokeMethod(Invoker.java:714)
	at org.testng.internal.Invoker.invokeTestMethod(Invoker.java:901)
	at org.testng.internal.Invoker.invokeTestMethods(Invoker.java:1231)
	at org.testng.internal.TestMethodWorker.invokeTestMethods(TestMethodWorker.java:127)
	at org.testng.internal.TestMethodWorker.run(TestMethodWorker.java:111)
	at org.testng.TestRunner.privateRun(TestRunner.java:767)
	at org.testng.TestRunner.run(TestRunner.java:617)
	at org.testng.SuiteRunner.runTest(SuiteRunner.java:334)
	at org.testng.SuiteRunner.runSequentially(SuiteRunner.java:329)
	at org.testng.SuiteRunner.privateRun(SuiteRunner.java:291)
	at org.testng.SuiteRunner.run(SuiteRunner.java:240)
	at org.testng.SuiteRunnerWorker.runSuite(SuiteRunnerWorker.java:52)
	at org.testng.SuiteRunnerWorker.run(SuiteRunnerWorker.java:86)
	at org.testng.TestNG.runSuitesSequentially(TestNG.java:1224)
	at org.testng.TestNG.runSuitesSequentially(TestNG.java:1220)
	at org.testng.TestNG.runSuitesLocally(TestNG.java:1149)
	at org.testng.TestNG.run(TestNG.java:1057)
	at org.testng.remote.RemoteTestNG.run(RemoteTestNG.java:111)
	at org.testng.remote.RemoteTestNG.initAndRun(RemoteTestNG.java:204)
	at org.testng.remote.RemoteTestNG.main(RemoteTestNG.java:175)
Caused by: org.openqa.selenium.remote.ErrorHandler$UnknownServerException: Unable to locate element: {"method":"xpath","selector":"//*[@id='accountbar']/ul[1]/li/a"}
Build info: version: '2.41.0', revision: '3192d8a', time: '2014-03-27 17:18:15'
System info: host: 'ULTP_284', ip: '10.6.1.222', os.name: 'Windows 7', os.arch: 'amd64', os.version: '6.1', java.version: '1.7.0_45'
Driver info: driver.version: unknown
	at <anonymous class>.FirefoxDriver.prototype.findElementInternal_(file:///C:/Users/harik/AppData/Local/Temp/anonymous7645669721832744278webdriver-profile/extensions/fxdriver@googlecode.com/components/driver_component.js:8905:133)
	at <anonymous class>.fxdriver.Timer.prototype.setTimeout/<.notify(file:///C:/Users/harik/AppData/Local/Temp/anonymous7645669721832744278webdriver-profile/extensions/fxdriver@googlecode.com/components/driver_component.js:396:5)
]]>
            </full-stacktrace>
          </exception> <!-- org.openqa.selenium.NoSuchElementException -->
          <reporter-output>
          </reporter-output>
        </test-method> <!-- LogOutTest -->
        <test-method status="PASS" signature="DefaultResult(org.testng.ITestResult)[pri:0, instance:com.suiteLogout.TestCase_Logout@522305c2]" name="DefaultResult" is-config="true" duration-ms="514" started-at="2015-09-09T15:56:29Z" finished-at="2015-09-09T15:56:29Z">
          <params>
            <param index="0">
              <value>
                <![CDATA[[TestResult name=LogOutTest status=FAILURE method=TestCase_Logout.LogOutTest()[pri:0, instance:com.suiteLogout.TestCase_Logout@522305c2] output={null}]]]>
              </value>
            </param>
          </params>
          <reporter-output>
          </reporter-output>
        </test-method> <!-- DefaultResult -->
      </class> <!-- com.suiteLogout.TestCase_Logout -->
    </test> <!-- Logout Test Case -->
  </suite> <!-- Logout -->
  <suite name="ExamTaker" duration-ms="1459" started-at="2015-09-09T10:19:31Z" finished-at="2015-09-09T10:19:32Z">
    <groups>
    </groups>
    <test name="Check Runmode of ExamTakerSuite" duration-ms="0" started-at="2015-09-09T10:19:31Z" finished-at="2015-09-09T10:19:31Z">
    </test> <!-- Check Runmode of ExamTakerSuite -->
    <test name="ExamTaker-CreateExamTaker" duration-ms="8" started-at="2015-09-09T10:19:31Z" finished-at="2015-09-09T10:19:31Z">
      <class name="com.SuiteExamTaker.TestCase_CreateExamTaker">
        <test-method status="SKIP" signature="checkTestSkip()[pri:0, instance:com.SuiteExamTaker.TestCase_CreateExamTaker@60413157]" name="checkTestSkip" is-config="true" duration-ms="0" started-at="2015-09-09T15:49:31Z" finished-at="2015-09-09T15:49:31Z">
          <reporter-output>
          </reporter-output>
        </test-method> <!-- checkTestSkip -->
        <test-method status="SKIP" signature="CreateNewET()[pri:0, instance:com.SuiteExamTaker.TestCase_CreateExamTaker@60413157]" name="CreateNewET" duration-ms="1" started-at="2015-09-09T15:49:31Z" finished-at="2015-09-09T15:49:31Z">
          <reporter-output>
          </reporter-output>
        </test-method> <!-- CreateNewET -->
        <test-method status="SKIP" signature="DefaultResult(org.testng.ITestResult)[pri:0, instance:com.SuiteExamTaker.TestCase_CreateExamTaker@60413157]" name="DefaultResult" is-config="true" duration-ms="0" started-at="2015-09-09T15:49:31Z" finished-at="2015-09-09T15:49:31Z">
          <reporter-output>
          </reporter-output>
        </test-method> <!-- DefaultResult -->
      </class> <!-- com.SuiteExamTaker.TestCase_CreateExamTaker -->
    </test> <!-- ExamTaker-CreateExamTaker -->
    <test name="ExamTaker-CancelCreateExamTaker" duration-ms="29" started-at="2015-09-09T10:19:31Z" finished-at="2015-09-09T10:19:31Z">
      <class name="com.SuiteExamTaker.TestCase_CancelCreateExamTaker">
        <test-method status="SKIP" signature="checkTestSkip()[pri:0, instance:com.SuiteExamTaker.TestCase_CancelCreateExamTaker@69960c9e]" name="checkTestSkip" is-config="true" duration-ms="0" started-at="2015-09-09T15:49:31Z" finished-at="2015-09-09T15:49:31Z">
          <reporter-output>
          </reporter-output>
        </test-method> <!-- checkTestSkip -->
        <test-method status="SKIP" signature="CancelCreateNewET()[pri:0, instance:com.SuiteExamTaker.TestCase_CancelCreateExamTaker@69960c9e]" name="CancelCreateNewET" duration-ms="0" started-at="2015-09-09T15:49:31Z" finished-at="2015-09-09T15:49:31Z">
          <reporter-output>
          </reporter-output>
        </test-method> <!-- CancelCreateNewET -->
        <test-method status="SKIP" signature="DefaultResult(org.testng.ITestResult)[pri:0, instance:com.SuiteExamTaker.TestCase_CancelCreateExamTaker@69960c9e]" name="DefaultResult" is-config="true" duration-ms="0" started-at="2015-09-09T15:49:31Z" finished-at="2015-09-09T15:49:31Z">
          <reporter-output>
          </reporter-output>
        </test-method> <!-- DefaultResult -->
      </class> <!-- com.SuiteExamTaker.TestCase_CancelCreateExamTaker -->
    </test> <!-- ExamTaker-CancelCreateExamTaker -->
    <test name="ExamTaker-VerifyErrorMsg1_CreateExamTaker" duration-ms="5" started-at="2015-09-09T10:19:31Z" finished-at="2015-09-09T10:19:31Z">
      <class name="com.SuiteExamTaker.TestCase_VerifyErrorMsg1_CreateExamTaker">
        <test-method status="SKIP" signature="checkTestSkip()[pri:0, instance:com.SuiteExamTaker.TestCase_VerifyErrorMsg1_CreateExamTaker@2e55d1ef]" name="checkTestSkip" is-config="true" duration-ms="0" started-at="2015-09-09T15:49:31Z" finished-at="2015-09-09T15:49:31Z">
          <reporter-output>
          </reporter-output>
        </test-method> <!-- checkTestSkip -->
        <test-method status="SKIP" signature="CreateNewETwithoutFname()[pri:0, instance:com.SuiteExamTaker.TestCase_VerifyErrorMsg1_CreateExamTaker@2e55d1ef]" name="CreateNewETwithoutFname" duration-ms="1" started-at="2015-09-09T15:49:31Z" finished-at="2015-09-09T15:49:31Z">
          <reporter-output>
          </reporter-output>
        </test-method> <!-- CreateNewETwithoutFname -->
        <test-method status="SKIP" signature="DefaultResult(org.testng.ITestResult)[pri:0, instance:com.SuiteExamTaker.TestCase_VerifyErrorMsg1_CreateExamTaker@2e55d1ef]" name="DefaultResult" is-config="true" duration-ms="0" started-at="2015-09-09T15:49:31Z" finished-at="2015-09-09T15:49:31Z">
          <reporter-output>
          </reporter-output>
        </test-method> <!-- DefaultResult -->
      </class> <!-- com.SuiteExamTaker.TestCase_VerifyErrorMsg1_CreateExamTaker -->
    </test> <!-- ExamTaker-VerifyErrorMsg1_CreateExamTaker -->
    <test name="ExamTaker-VerifyErrorMsg2_CreateExamTaker" duration-ms="12" started-at="2015-09-09T10:19:31Z" finished-at="2015-09-09T10:19:31Z">
      <class name="com.SuiteExamTaker.TestCase_VerifyErrorMsg2_CreateExamTaker">
        <test-method status="SKIP" signature="checkTestSkip()[pri:0, instance:com.SuiteExamTaker.TestCase_VerifyErrorMsg2_CreateExamTaker@31c74456]" name="checkTestSkip" is-config="true" duration-ms="0" started-at="2015-09-09T15:49:31Z" finished-at="2015-09-09T15:49:31Z">
          <reporter-output>
          </reporter-output>
        </test-method> <!-- checkTestSkip -->
        <test-method status="SKIP" signature="CreateNewETwithoutName()[pri:0, instance:com.SuiteExamTaker.TestCase_VerifyErrorMsg2_CreateExamTaker@31c74456]" name="CreateNewETwithoutName" duration-ms="1" started-at="2015-09-09T15:49:31Z" finished-at="2015-09-09T15:49:31Z">
          <reporter-output>
          </reporter-output>
        </test-method> <!-- CreateNewETwithoutName -->
        <test-method status="SKIP" signature="DefaultResult(org.testng.ITestResult)[pri:0, instance:com.SuiteExamTaker.TestCase_VerifyErrorMsg2_CreateExamTaker@31c74456]" name="DefaultResult" is-config="true" duration-ms="0" started-at="2015-09-09T15:49:31Z" finished-at="2015-09-09T15:49:31Z">
          <reporter-output>
          </reporter-output>
        </test-method> <!-- DefaultResult -->
      </class> <!-- com.SuiteExamTaker.TestCase_VerifyErrorMsg2_CreateExamTaker -->
    </test> <!-- ExamTaker-VerifyErrorMsg2_CreateExamTaker -->
    <test name="ExamTaker-VerifyErrorMsg3_CreateExamTaker" duration-ms="16" started-at="2015-09-09T10:19:31Z" finished-at="2015-09-09T10:19:31Z">
      <class name="com.SuiteExamTaker.TestCase_VerifyErrorMsg3_CreateExamTaker">
        <test-method status="SKIP" signature="checkTestSkip()[pri:0, instance:com.SuiteExamTaker.TestCase_VerifyErrorMsg3_CreateExamTaker@bd5c7a1]" name="checkTestSkip" is-config="true" duration-ms="0" started-at="2015-09-09T15:49:31Z" finished-at="2015-09-09T15:49:31Z">
          <reporter-output>
          </reporter-output>
        </test-method> <!-- checkTestSkip -->
        <test-method status="SKIP" signature="CreateNewETwithoutStudentID()[pri:0, instance:com.SuiteExamTaker.TestCase_VerifyErrorMsg3_CreateExamTaker@bd5c7a1]" name="CreateNewETwithoutStudentID" duration-ms="12" started-at="2015-09-09T15:49:31Z" finished-at="2015-09-09T15:49:31Z">
          <reporter-output>
          </reporter-output>
        </test-method> <!-- CreateNewETwithoutStudentID -->
        <test-method status="SKIP" signature="DefaultResult(org.testng.ITestResult)[pri:0, instance:com.SuiteExamTaker.TestCase_VerifyErrorMsg3_CreateExamTaker@bd5c7a1]" name="DefaultResult" is-config="true" duration-ms="0" started-at="2015-09-09T15:49:31Z" finished-at="2015-09-09T15:49:31Z">
          <reporter-output>
          </reporter-output>
        </test-method> <!-- DefaultResult -->
      </class> <!-- com.SuiteExamTaker.TestCase_VerifyErrorMsg3_CreateExamTaker -->
    </test> <!-- ExamTaker-VerifyErrorMsg3_CreateExamTaker -->
    <test name="ExamTaker-VerifyErrorMsg4_CreateExamTaker" duration-ms="26" started-at="2015-09-09T10:19:31Z" finished-at="2015-09-09T10:19:31Z">
      <class name="com.SuiteExamTaker.TestCase_VerifyErrorMsg4_CreateExamTaker">
        <test-method status="SKIP" signature="checkTestSkip()[pri:0, instance:com.SuiteExamTaker.TestCase_VerifyErrorMsg4_CreateExamTaker@732e8a41]" name="checkTestSkip" is-config="true" duration-ms="0" started-at="2015-09-09T15:49:31Z" finished-at="2015-09-09T15:49:31Z">
          <reporter-output>
          </reporter-output>
        </test-method> <!-- checkTestSkip -->
        <test-method status="SKIP" signature="CreateNewETwithoutEmailID()[pri:0, instance:com.SuiteExamTaker.TestCase_VerifyErrorMsg4_CreateExamTaker@732e8a41]" name="CreateNewETwithoutEmailID" duration-ms="1" started-at="2015-09-09T15:49:31Z" finished-at="2015-09-09T15:49:31Z">
          <reporter-output>
          </reporter-output>
        </test-method> <!-- CreateNewETwithoutEmailID -->
        <test-method status="SKIP" signature="DefaultResult(org.testng.ITestResult)[pri:0, instance:com.SuiteExamTaker.TestCase_VerifyErrorMsg4_CreateExamTaker@732e8a41]" name="DefaultResult" is-config="true" duration-ms="0" started-at="2015-09-09T15:49:31Z" finished-at="2015-09-09T15:49:31Z">
          <reporter-output>
          </reporter-output>
        </test-method> <!-- DefaultResult -->
      </class> <!-- com.SuiteExamTaker.TestCase_VerifyErrorMsg4_CreateExamTaker -->
    </test> <!-- ExamTaker-VerifyErrorMsg4_CreateExamTaker -->
    <test name="ExamTaker-VerifyErrorMsg5_CreateExamTaker" duration-ms="15" started-at="2015-09-09T10:19:31Z" finished-at="2015-09-09T10:19:31Z">
      <class name="com.SuiteExamTaker.TestCase_VerifyErrorMsg5_CreateExamTaker">
        <test-method status="SKIP" signature="checkTestSkip()[pri:0, instance:com.SuiteExamTaker.TestCase_VerifyErrorMsg5_CreateExamTaker@3b5fd4a3]" name="checkTestSkip" is-config="true" duration-ms="0" started-at="2015-09-09T15:49:31Z" finished-at="2015-09-09T15:49:31Z">
          <reporter-output>
          </reporter-output>
        </test-method> <!-- checkTestSkip -->
        <test-method status="SKIP" signature="CreateNewETwithoutAnyField()[pri:0, instance:com.SuiteExamTaker.TestCase_VerifyErrorMsg5_CreateExamTaker@3b5fd4a3]" name="CreateNewETwithoutAnyField" duration-ms="1" started-at="2015-09-09T15:49:31Z" finished-at="2015-09-09T15:49:31Z">
          <reporter-output>
          </reporter-output>
        </test-method> <!-- CreateNewETwithoutAnyField -->
        <test-method status="SKIP" signature="DefaultResult(org.testng.ITestResult)[pri:0, instance:com.SuiteExamTaker.TestCase_VerifyErrorMsg5_CreateExamTaker@3b5fd4a3]" name="DefaultResult" is-config="true" duration-ms="0" started-at="2015-09-09T15:49:31Z" finished-at="2015-09-09T15:49:31Z">
          <reporter-output>
          </reporter-output>
        </test-method> <!-- DefaultResult -->
      </class> <!-- com.SuiteExamTaker.TestCase_VerifyErrorMsg5_CreateExamTaker -->
    </test> <!-- ExamTaker-VerifyErrorMsg5_CreateExamTaker -->
    <test name="ExamTaker-SearchExamTaker" duration-ms="3" started-at="2015-09-09T10:19:31Z" finished-at="2015-09-09T10:19:31Z">
      <class name="com.SuiteExamTaker.TestCase_SearchExamTaker">
        <test-method status="SKIP" signature="checkTestSkip()[pri:0, instance:com.SuiteExamTaker.TestCase_SearchExamTaker@67ac55ac]" name="checkTestSkip" is-config="true" duration-ms="0" started-at="2015-09-09T15:49:31Z" finished-at="2015-09-09T15:49:31Z">
          <reporter-output>
          </reporter-output>
        </test-method> <!-- checkTestSkip -->
        <test-method status="SKIP" signature="SearchET()[pri:0, instance:com.SuiteExamTaker.TestCase_SearchExamTaker@67ac55ac]" name="SearchET" duration-ms="0" started-at="2015-09-09T15:49:31Z" finished-at="2015-09-09T15:49:31Z">
          <reporter-output>
          </reporter-output>
        </test-method> <!-- SearchET -->
        <test-method status="SKIP" signature="DefaultResult(org.testng.ITestResult)[pri:0, instance:com.SuiteExamTaker.TestCase_SearchExamTaker@67ac55ac]" name="DefaultResult" is-config="true" duration-ms="0" started-at="2015-09-09T15:49:31Z" finished-at="2015-09-09T15:49:31Z">
          <reporter-output>
          </reporter-output>
        </test-method> <!-- DefaultResult -->
      </class> <!-- com.SuiteExamTaker.TestCase_SearchExamTaker -->
    </test> <!-- ExamTaker-SearchExamTaker -->
    <test name="ExamTaker-EditExamTaker" duration-ms="652" started-at="2015-09-09T10:19:31Z" finished-at="2015-09-09T10:19:32Z">
      <class name="com.SuiteExamTaker.TestCase_EditExamTaker">
        <test-method status="SKIP" signature="checkTestSkip()[pri:0, instance:com.SuiteExamTaker.TestCase_EditExamTaker@1d3d58a1]" name="checkTestSkip" is-config="true" duration-ms="0" started-at="2015-09-09T15:49:31Z" finished-at="2015-09-09T15:49:31Z">
          <reporter-output>
          </reporter-output>
        </test-method> <!-- checkTestSkip -->
        <test-method status="SKIP" signature="EditET()[pri:0, instance:com.SuiteExamTaker.TestCase_EditExamTaker@1d3d58a1]" name="EditET" duration-ms="0" started-at="2015-09-09T15:49:31Z" finished-at="2015-09-09T15:49:31Z">
          <reporter-output>
          </reporter-output>
        </test-method> <!-- EditET -->
        <test-method status="SKIP" signature="DefaultResult(org.testng.ITestResult)[pri:0, instance:com.SuiteExamTaker.TestCase_EditExamTaker@1d3d58a1]" name="DefaultResult" is-config="true" duration-ms="0" started-at="2015-09-09T15:49:32Z" finished-at="2015-09-09T15:49:32Z">
          <reporter-output>
          </reporter-output>
        </test-method> <!-- DefaultResult -->
      </class> <!-- com.SuiteExamTaker.TestCase_EditExamTaker -->
    </test> <!-- ExamTaker-EditExamTaker -->
    <test name="ExamTaker-EmailExamTaker" duration-ms="16" started-at="2015-09-09T10:19:32Z" finished-at="2015-09-09T10:19:32Z">
      <class name="com.SuiteExamTaker.TestCase_EmailExamTaker">
        <test-method status="SKIP" signature="checkTestSkip()[pri:0, instance:com.SuiteExamTaker.TestCase_EmailExamTaker@7a4eac67]" name="checkTestSkip" is-config="true" duration-ms="0" started-at="2015-09-09T15:49:32Z" finished-at="2015-09-09T15:49:32Z">
          <reporter-output>
          </reporter-output>
        </test-method> <!-- checkTestSkip -->
        <test-method status="SKIP" signature="EmailET()[pri:0, instance:com.SuiteExamTaker.TestCase_EmailExamTaker@7a4eac67]" name="EmailET" duration-ms="1" started-at="2015-09-09T15:49:32Z" finished-at="2015-09-09T15:49:32Z">
          <reporter-output>
          </reporter-output>
        </test-method> <!-- EmailET -->
        <test-method status="SKIP" signature="DefaultResult(org.testng.ITestResult)[pri:0, instance:com.SuiteExamTaker.TestCase_EmailExamTaker@7a4eac67]" name="DefaultResult" is-config="true" duration-ms="0" started-at="2015-09-09T15:49:32Z" finished-at="2015-09-09T15:49:32Z">
          <reporter-output>
          </reporter-output>
        </test-method> <!-- DefaultResult -->
      </class> <!-- com.SuiteExamTaker.TestCase_EmailExamTaker -->
    </test> <!-- ExamTaker-EmailExamTaker -->
    <test name="ExamTaker-DeleteExamTaker" duration-ms="3" started-at="2015-09-09T10:19:32Z" finished-at="2015-09-09T10:19:32Z">
      <class name="com.SuiteExamTaker.TestCase_DeleteExamTaker">
        <test-method status="SKIP" signature="checkTestSkip()[pri:0, instance:com.SuiteExamTaker.TestCase_DeleteExamTaker@43496354]" name="checkTestSkip" is-config="true" duration-ms="0" started-at="2015-09-09T15:49:32Z" finished-at="2015-09-09T15:49:32Z">
          <reporter-output>
          </reporter-output>
        </test-method> <!-- checkTestSkip -->
        <test-method status="SKIP" signature="DeleteET()[pri:0, instance:com.SuiteExamTaker.TestCase_DeleteExamTaker@43496354]" name="DeleteET" duration-ms="1" started-at="2015-09-09T15:49:32Z" finished-at="2015-09-09T15:49:32Z">
          <reporter-output>
          </reporter-output>
        </test-method> <!-- DeleteET -->
        <test-method status="SKIP" signature="DefaultResult(org.testng.ITestResult)[pri:0, instance:com.SuiteExamTaker.TestCase_DeleteExamTaker@43496354]" name="DefaultResult" is-config="true" duration-ms="0" started-at="2015-09-09T15:49:32Z" finished-at="2015-09-09T15:49:32Z">
          <reporter-output>
          </reporter-output>
        </test-method> <!-- DefaultResult -->
      </class> <!-- com.SuiteExamTaker.TestCase_DeleteExamTaker -->
    </test> <!-- ExamTaker-DeleteExamTaker -->
    <test name="ExamTaker-ExamTakerHistory" duration-ms="24" started-at="2015-09-09T10:19:32Z" finished-at="2015-09-09T10:19:32Z">
      <class name="com.SuiteExamTaker.TestCase_ExamTakerHistory">
        <test-method status="SKIP" signature="checkTestSkip()[pri:0, instance:com.SuiteExamTaker.TestCase_ExamTakerHistory@172036a1]" name="checkTestSkip" is-config="true" duration-ms="0" started-at="2015-09-09T15:49:32Z" finished-at="2015-09-09T15:49:32Z">
          <reporter-output>
          </reporter-output>
        </test-method> <!-- checkTestSkip -->
        <test-method status="SKIP" signature="ETHistory()[pri:0, instance:com.SuiteExamTaker.TestCase_ExamTakerHistory@172036a1]" name="ETHistory" duration-ms="20" started-at="2015-09-09T15:49:32Z" finished-at="2015-09-09T15:49:32Z">
          <reporter-output>
          </reporter-output>
        </test-method> <!-- ETHistory -->
        <test-method status="SKIP" signature="DefaultResult(org.testng.ITestResult)[pri:0, instance:com.SuiteExamTaker.TestCase_ExamTakerHistory@172036a1]" name="DefaultResult" is-config="true" duration-ms="0" started-at="2015-09-09T15:49:32Z" finished-at="2015-09-09T15:49:32Z">
          <reporter-output>
          </reporter-output>
        </test-method> <!-- DefaultResult -->
      </class> <!-- com.SuiteExamTaker.TestCase_ExamTakerHistory -->
    </test> <!-- ExamTaker-ExamTakerHistory -->
    <test name="ExamTaker-BULKDeleteExamTaker" duration-ms="15" started-at="2015-09-09T10:19:32Z" finished-at="2015-09-09T10:19:32Z">
      <class name="com.SuiteExamTaker.TestCase_BULKDeleteExamTaker">
        <test-method status="SKIP" signature="checkTestSkip()[pri:0, instance:com.SuiteExamTaker.TestCase_BULKDeleteExamTaker@1799e2e2]" name="checkTestSkip" is-config="true" duration-ms="0" started-at="2015-09-09T15:49:32Z" finished-at="2015-09-09T15:49:32Z">
          <reporter-output>
          </reporter-output>
        </test-method> <!-- checkTestSkip -->
        <test-method status="SKIP" signature="BULKDeleteET()[pri:0, instance:com.SuiteExamTaker.TestCase_BULKDeleteExamTaker@1799e2e2]" name="BULKDeleteET" duration-ms="11" started-at="2015-09-09T15:49:32Z" finished-at="2015-09-09T15:49:32Z">
          <reporter-output>
          </reporter-output>
        </test-method> <!-- BULKDeleteET -->
        <test-method status="SKIP" signature="DefaultResult(org.testng.ITestResult)[pri:0, instance:com.SuiteExamTaker.TestCase_BULKDeleteExamTaker@1799e2e2]" name="DefaultResult" is-config="true" duration-ms="0" started-at="2015-09-09T15:49:32Z" finished-at="2015-09-09T15:49:32Z">
          <reporter-output>
          </reporter-output>
        </test-method> <!-- DefaultResult -->
      </class> <!-- com.SuiteExamTaker.TestCase_BULKDeleteExamTaker -->
    </test> <!-- ExamTaker-BULKDeleteExamTaker -->
    <test name="ExamTaker-BULKEditExamTaker" duration-ms="5" started-at="2015-09-09T10:19:32Z" finished-at="2015-09-09T10:19:32Z">
      <class name="com.SuiteExamTaker.TestCase_BULKEditExamTaker">
        <test-method status="SKIP" signature="checkTestSkip()[pri:0, instance:com.SuiteExamTaker.TestCase_BULKEditExamTaker@43d8add3]" name="checkTestSkip" is-config="true" duration-ms="0" started-at="2015-09-09T15:49:32Z" finished-at="2015-09-09T15:49:32Z">
          <reporter-output>
          </reporter-output>
        </test-method> <!-- checkTestSkip -->
        <test-method status="SKIP" signature="BULKEditET()[pri:0, instance:com.SuiteExamTaker.TestCase_BULKEditExamTaker@43d8add3]" name="BULKEditET" duration-ms="1" started-at="2015-09-09T15:49:32Z" finished-at="2015-09-09T15:49:32Z">
          <reporter-output>
          </reporter-output>
        </test-method> <!-- BULKEditET -->
        <test-method status="SKIP" signature="DefaultResult(org.testng.ITestResult)[pri:0, instance:com.SuiteExamTaker.TestCase_BULKEditExamTaker@43d8add3]" name="DefaultResult" is-config="true" duration-ms="0" started-at="2015-09-09T15:49:32Z" finished-at="2015-09-09T15:49:32Z">
          <reporter-output>
          </reporter-output>
        </test-method> <!-- DefaultResult -->
      </class> <!-- com.SuiteExamTaker.TestCase_BULKEditExamTaker -->
    </test> <!-- ExamTaker-BULKEditExamTaker -->
    <test name="ExamTaker-AdvanceSearchExamTaker" duration-ms="506" started-at="2015-09-09T10:19:32Z" finished-at="2015-09-09T10:19:32Z">
      <class name="com.SuiteExamTaker.TestCase_AdvanceSearchExamTaker">
        <test-method status="SKIP" signature="checkSuiteSkip()[pri:0, instance:com.SuiteExamTaker.TestCase_AdvanceSearchExamTaker@7ce6de16]" name="checkSuiteSkip" is-config="true" duration-ms="0" started-at="2015-09-09T15:49:31Z" finished-at="2015-09-09T15:49:31Z">
          <exception class="org.testng.SkipException">
            <message>
              <![CDATA[Runmode of 'ExamTakerSuite' is set to 'NO', hence skipping all tests in Suite!]]>
            </message>
            <full-stacktrace>
              <![CDATA[org.testng.SkipException: Runmode of 'ExamTakerSuite' is set to 'NO', hence skipping all tests in Suite!
	at Util.TestUtil.checkSuiteSkip(TestUtil.java:137)
	at com.SuiteExamTaker.TestSuiteBase.checkSuiteSkip(TestSuiteBase.java:11)
	at sun.reflect.NativeMethodAccessorImpl.invoke0(Native Method)
	at sun.reflect.NativeMethodAccessorImpl.invoke(Unknown Source)
	at sun.reflect.DelegatingMethodAccessorImpl.invoke(Unknown Source)
	at java.lang.reflect.Method.invoke(Unknown Source)
	at org.testng.internal.MethodInvocationHelper.invokeMethod(MethodInvocationHelper.java:84)
	at org.testng.internal.Invoker.invokeConfigurationMethod(Invoker.java:564)
	at org.testng.internal.Invoker.invokeConfigurations(Invoker.java:213)
	at org.testng.internal.Invoker.invokeConfigurations(Invoker.java:138)
	at org.testng.SuiteRunner.privateRun(SuiteRunner.java:277)
	at org.testng.SuiteRunner.run(SuiteRunner.java:240)
	at org.testng.SuiteRunnerWorker.runSuite(SuiteRunnerWorker.java:52)
	at org.testng.SuiteRunnerWorker.run(SuiteRunnerWorker.java:86)
	at org.testng.TestNG.runSuitesSequentially(TestNG.java:1224)
	at org.testng.TestNG.runSuitesSequentially(TestNG.java:1220)
	at org.testng.TestNG.runSuitesLocally(TestNG.java:1149)
	at org.testng.TestNG.run(TestNG.java:1057)
	at org.testng.remote.RemoteTestNG.run(RemoteTestNG.java:111)
	at org.testng.remote.RemoteTestNG.initAndRun(RemoteTestNG.java:204)
	at org.testng.remote.RemoteTestNG.main(RemoteTestNG.java:175)
]]>
            </full-stacktrace>
          </exception> <!-- org.testng.SkipException -->
          <reporter-output>
          </reporter-output>
        </test-method> <!-- checkSuiteSkip -->
        <test-method status="SKIP" signature="checkTestSkip()[pri:0, instance:com.SuiteExamTaker.TestCase_AdvanceSearchExamTaker@7ce6de16]" name="checkTestSkip" is-config="true" duration-ms="0" started-at="2015-09-09T15:49:32Z" finished-at="2015-09-09T15:49:32Z">
          <reporter-output>
          </reporter-output>
        </test-method> <!-- checkTestSkip -->
        <test-method status="SKIP" signature="AdvanceSearchET()[pri:0, instance:com.SuiteExamTaker.TestCase_AdvanceSearchExamTaker@7ce6de16]" name="AdvanceSearchET" duration-ms="1" started-at="2015-09-09T15:49:32Z" finished-at="2015-09-09T15:49:32Z">
          <reporter-output>
          </reporter-output>
        </test-method> <!-- AdvanceSearchET -->
        <test-method status="SKIP" signature="DefaultResult(org.testng.ITestResult)[pri:0, instance:com.SuiteExamTaker.TestCase_AdvanceSearchExamTaker@7ce6de16]" name="DefaultResult" is-config="true" duration-ms="0" started-at="2015-09-09T15:49:32Z" finished-at="2015-09-09T15:49:32Z">
          <reporter-output>
          </reporter-output>
        </test-method> <!-- DefaultResult -->
      </class> <!-- com.SuiteExamTaker.TestCase_AdvanceSearchExamTaker -->
    </test> <!-- ExamTaker-AdvanceSearchExamTaker -->
  </suite> <!-- ExamTaker -->
  <suite name="SofTeach" duration-ms="0" started-at="2015-09-09T10:26:33Z" finished-at="2015-09-09T10:26:33Z">
    <groups>
    </groups>
  </suite> <!-- SofTeach -->
  <suite name="PageCheck Settings" duration-ms="399045" started-at="2015-09-09T10:19:33Z" finished-at="2015-09-09T10:26:12Z">
    <groups>
    </groups>
    <test name="Check Runmode of Suite" duration-ms="1" started-at="2015-09-09T10:19:33Z" finished-at="2015-09-09T10:19:33Z">
    </test> <!-- Check Runmode of Suite -->
    <test name="PageCheckCategoryReport" duration-ms="56897" started-at="2015-09-09T10:19:33Z" finished-at="2015-09-09T10:20:30Z">
      <class name="com.SuitePageCheck.TestCase_PageCheckCategoryReports">
        <test-method status="PASS" signature="checkTestSkip()[pri:0, instance:com.SuitePageCheck.TestCase_PageCheckCategoryReports@69f34dad]" name="checkTestSkip" is-config="true" duration-ms="9" started-at="2015-09-09T15:49:33Z" finished-at="2015-09-09T15:49:33Z">
          <reporter-output>
          </reporter-output>
        </test-method> <!-- checkTestSkip -->
        <test-method status="PASS" signature="PageCheckCategoryReports()[pri:0, instance:com.SuitePageCheck.TestCase_PageCheckCategoryReports@69f34dad]" name="PageCheckCategoryReports" duration-ms="56884" started-at="2015-09-09T15:49:33Z" finished-at="2015-09-09T15:50:30Z">
          <reporter-output>
          </reporter-output>
        </test-method> <!-- PageCheckCategoryReports -->
        <test-method status="PASS" signature="DefaultResutl(org.testng.ITestResult)[pri:0, instance:com.SuitePageCheck.TestCase_PageCheckCategoryReports@69f34dad]" name="DefaultResutl" is-config="true" duration-ms="0" started-at="2015-09-09T15:50:30Z" finished-at="2015-09-09T15:50:30Z">
          <params>
            <param index="0">
              <value>
                <![CDATA[[TestResult name=PageCheckCategoryReports status=SUCCESS method=TestCase_PageCheckCategoryReports.PageCheckCategoryReports()[pri:0, instance:com.SuitePageCheck.TestCase_PageCheckCategoryReports@69f34dad] output={null}]]]>
              </value>
            </param>
          </params>
          <reporter-output>
          </reporter-output>
        </test-method> <!-- DefaultResutl -->
      </class> <!-- com.SuitePageCheck.TestCase_PageCheckCategoryReports -->
    </test> <!-- PageCheckCategoryReport -->
    <test name="PageCheckETReport" duration-ms="52803" started-at="2015-09-09T10:20:30Z" finished-at="2015-09-09T10:21:23Z">
      <class name="com.SuitePageCheck.TestCase_PageCheckETReports">
        <test-method status="PASS" signature="checkTestSkip()[pri:0, instance:com.SuitePageCheck.TestCase_PageCheckETReports@ed03465]" name="checkTestSkip" is-config="true" duration-ms="5" started-at="2015-09-09T15:50:30Z" finished-at="2015-09-09T15:50:30Z">
          <reporter-output>
          </reporter-output>
        </test-method> <!-- checkTestSkip -->
        <test-method status="PASS" signature="PageCheckETReports()[pri:0, instance:com.SuitePageCheck.TestCase_PageCheckETReports@ed03465]" name="PageCheckETReports" duration-ms="52795" started-at="2015-09-09T15:50:30Z" finished-at="2015-09-09T15:51:23Z">
          <reporter-output>
          </reporter-output>
        </test-method> <!-- PageCheckETReports -->
        <test-method status="PASS" signature="DefaultResutl(org.testng.ITestResult)[pri:0, instance:com.SuitePageCheck.TestCase_PageCheckETReports@ed03465]" name="DefaultResutl" is-config="true" duration-ms="0" started-at="2015-09-09T15:51:23Z" finished-at="2015-09-09T15:51:23Z">
          <params>
            <param index="0">
              <value>
                <![CDATA[[TestResult name=PageCheckETReports status=SUCCESS method=TestCase_PageCheckETReports.PageCheckETReports()[pri:0, instance:com.SuitePageCheck.TestCase_PageCheckETReports@ed03465] output={null}]]]>
              </value>
            </param>
          </params>
          <reporter-output>
          </reporter-output>
        </test-method> <!-- DefaultResutl -->
      </class> <!-- com.SuitePageCheck.TestCase_PageCheckETReports -->
    </test> <!-- PageCheckETReport -->
    <test name="PageCheckReleaseResult" duration-ms="54417" started-at="2015-09-09T10:21:23Z" finished-at="2015-09-09T10:22:17Z">
      <class name="com.SuitePageCheck.TestCase_PageCheckReleaseResult">
        <test-method status="PASS" signature="checkTestSkip()[pri:0, instance:com.SuitePageCheck.TestCase_PageCheckReleaseResult@5ad2ee0f]" name="checkTestSkip" is-config="true" duration-ms="2" started-at="2015-09-09T15:51:23Z" finished-at="2015-09-09T15:51:23Z">
          <reporter-output>
          </reporter-output>
        </test-method> <!-- checkTestSkip -->
        <test-method status="PASS" signature="PageCheckReleaseResult()[pri:0, instance:com.SuitePageCheck.TestCase_PageCheckReleaseResult@5ad2ee0f]" name="PageCheckReleaseResult" duration-ms="54412" started-at="2015-09-09T15:51:23Z" finished-at="2015-09-09T15:52:17Z">
          <reporter-output>
          </reporter-output>
        </test-method> <!-- PageCheckReleaseResult -->
        <test-method status="PASS" signature="DefaultResutl(org.testng.ITestResult)[pri:0, instance:com.SuitePageCheck.TestCase_PageCheckReleaseResult@5ad2ee0f]" name="DefaultResutl" is-config="true" duration-ms="0" started-at="2015-09-09T15:52:17Z" finished-at="2015-09-09T15:52:17Z">
          <params>
            <param index="0">
              <value>
                <![CDATA[[TestResult name=PageCheckReleaseResult status=SUCCESS method=TestCase_PageCheckReleaseResult.PageCheckReleaseResult()[pri:0, instance:com.SuitePageCheck.TestCase_PageCheckReleaseResult@5ad2ee0f] output={null}]]]>
              </value>
            </param>
          </params>
          <reporter-output>
          </reporter-output>
        </test-method> <!-- DefaultResutl -->
      </class> <!-- com.SuitePageCheck.TestCase_PageCheckReleaseResult -->
    </test> <!-- PageCheckReleaseResult -->
    <test name="PageCheckSandOReport" duration-ms="55014" started-at="2015-09-09T10:22:18Z" finished-at="2015-09-09T10:23:13Z">
      <class name="com.SuitePageCheck.TestCase_PageCheckSandOReport">
        <test-method status="PASS" signature="checkTestSkip()[pri:0, instance:com.SuitePageCheck.TestCase_PageCheckSandOReport@42b9f649]" name="checkTestSkip" is-config="true" duration-ms="4" started-at="2015-09-09T15:52:18Z" finished-at="2015-09-09T15:52:18Z">
          <reporter-output>
          </reporter-output>
        </test-method> <!-- checkTestSkip -->
        <test-method status="PASS" signature="PageCheckSandOReport()[pri:0, instance:com.SuitePageCheck.TestCase_PageCheckSandOReport@42b9f649]" name="PageCheckSandOReport" duration-ms="55008" started-at="2015-09-09T15:52:18Z" finished-at="2015-09-09T15:53:13Z">
          <reporter-output>
          </reporter-output>
        </test-method> <!-- PageCheckSandOReport -->
        <test-method status="PASS" signature="DefaultResutl(org.testng.ITestResult)[pri:0, instance:com.SuitePageCheck.TestCase_PageCheckSandOReport@42b9f649]" name="DefaultResutl" is-config="true" duration-ms="1" started-at="2015-09-09T15:53:13Z" finished-at="2015-09-09T15:53:13Z">
          <params>
            <param index="0">
              <value>
                <![CDATA[[TestResult name=PageCheckSandOReport status=SUCCESS method=TestCase_PageCheckSandOReport.PageCheckSandOReport()[pri:0, instance:com.SuitePageCheck.TestCase_PageCheckSandOReport@42b9f649] output={null}]]]>
              </value>
            </param>
          </params>
          <reporter-output>
          </reporter-output>
        </test-method> <!-- DefaultResutl -->
      </class> <!-- com.SuitePageCheck.TestCase_PageCheckSandOReport -->
    </test> <!-- PageCheckSandOReport -->
    <test name="PageCheckSummaryReport" duration-ms="66330" started-at="2015-09-09T10:23:13Z" finished-at="2015-09-09T10:24:19Z">
      <class name="com.SuitePageCheck.TestCase_PageCheckSummaryReport">
        <test-method status="PASS" signature="checkTestSkip()[pri:0, instance:com.SuitePageCheck.TestCase_PageCheckSummaryReport@40c444cf]" name="checkTestSkip" is-config="true" duration-ms="3" started-at="2015-09-09T15:53:13Z" finished-at="2015-09-09T15:53:13Z">
          <reporter-output>
          </reporter-output>
        </test-method> <!-- checkTestSkip -->
        <test-method status="PASS" signature="PageCheckSummaryReport()[pri:0, instance:com.SuitePageCheck.TestCase_PageCheckSummaryReport@40c444cf]" name="PageCheckSummaryReport" duration-ms="66323" started-at="2015-09-09T15:53:13Z" finished-at="2015-09-09T15:54:19Z">
          <reporter-output>
          </reporter-output>
        </test-method> <!-- PageCheckSummaryReport -->
        <test-method status="PASS" signature="DefaultResutl(org.testng.ITestResult)[pri:0, instance:com.SuitePageCheck.TestCase_PageCheckSummaryReport@40c444cf]" name="DefaultResutl" is-config="true" duration-ms="1" started-at="2015-09-09T15:54:19Z" finished-at="2015-09-09T15:54:19Z">
          <params>
            <param index="0">
              <value>
                <![CDATA[[TestResult name=PageCheckSummaryReport status=SUCCESS method=TestCase_PageCheckSummaryReport.PageCheckSummaryReport()[pri:0, instance:com.SuitePageCheck.TestCase_PageCheckSummaryReport@40c444cf] output={null}]]]>
              </value>
            </param>
          </params>
          <reporter-output>
          </reporter-output>
        </test-method> <!-- DefaultResutl -->
      </class> <!-- com.SuitePageCheck.TestCase_PageCheckSummaryReport -->
    </test> <!-- PageCheckSummaryReport -->
    <test name="PageCheckItemAnalysisReport" duration-ms="56839" started-at="2015-09-09T10:24:19Z" finished-at="2015-09-09T10:25:16Z">
      <class name="com.SuitePageCheck.TestCase_PageCheckItemAnalysisReport">
        <test-method status="PASS" signature="checkTestSkip()[pri:0, instance:com.SuitePageCheck.TestCase_PageCheckItemAnalysisReport@6c4a4ece]" name="checkTestSkip" is-config="true" duration-ms="3" started-at="2015-09-09T15:54:19Z" finished-at="2015-09-09T15:54:19Z">
          <reporter-output>
          </reporter-output>
        </test-method> <!-- checkTestSkip -->
        <test-method status="PASS" signature="PageCheckItemAnalysisReport()[pri:0, instance:com.SuitePageCheck.TestCase_PageCheckItemAnalysisReport@6c4a4ece]" name="PageCheckItemAnalysisReport" duration-ms="56833" started-at="2015-09-09T15:54:19Z" finished-at="2015-09-09T15:55:16Z">
          <reporter-output>
          </reporter-output>
        </test-method> <!-- PageCheckItemAnalysisReport -->
        <test-method status="PASS" signature="DefaultResutl(org.testng.ITestResult)[pri:0, instance:com.SuitePageCheck.TestCase_PageCheckItemAnalysisReport@6c4a4ece]" name="DefaultResutl" is-config="true" duration-ms="1" started-at="2015-09-09T15:55:16Z" finished-at="2015-09-09T15:55:16Z">
          <params>
            <param index="0">
              <value>
                <![CDATA[[TestResult name=PageCheckItemAnalysisReport status=SUCCESS method=TestCase_PageCheckItemAnalysisReport.PageCheckItemAnalysisReport()[pri:0, instance:com.SuitePageCheck.TestCase_PageCheckItemAnalysisReport@6c4a4ece] output={null}]]]>
              </value>
            </param>
          </params>
          <reporter-output>
          </reporter-output>
        </test-method> <!-- DefaultResutl -->
      </class> <!-- com.SuitePageCheck.TestCase_PageCheckItemAnalysisReport -->
    </test> <!-- PageCheckItemAnalysisReport -->
    <test name="PageCheckDUReports" duration-ms="56676" started-at="2015-09-09T10:25:16Z" finished-at="2015-09-09T10:26:12Z">
      <class name="com.SuitePageCheck.TestCase_PageCheckDUReports">
        <test-method status="PASS" signature="checkSuiteSkip()[pri:0, instance:com.SuitePageCheck.TestCase_PageCheckDUReports@a4920bc]" name="checkSuiteSkip" is-config="true" duration-ms="4" started-at="2015-09-09T15:49:33Z" finished-at="2015-09-09T15:49:33Z">
          <reporter-output>
          </reporter-output>
        </test-method> <!-- checkSuiteSkip -->
        <test-method status="PASS" signature="checkTestSkip()[pri:0, instance:com.SuitePageCheck.TestCase_PageCheckDUReports@a4920bc]" name="checkTestSkip" is-config="true" duration-ms="4" started-at="2015-09-09T15:55:16Z" finished-at="2015-09-09T15:55:16Z">
          <reporter-output>
          </reporter-output>
        </test-method> <!-- checkTestSkip -->
        <test-method status="PASS" signature="PageCheckDUReport()[pri:0, instance:com.SuitePageCheck.TestCase_PageCheckDUReports@a4920bc]" name="PageCheckDUReport" duration-ms="56670" started-at="2015-09-09T15:55:16Z" finished-at="2015-09-09T15:56:12Z">
          <reporter-output>
          </reporter-output>
        </test-method> <!-- PageCheckDUReport -->
        <test-method status="PASS" signature="DefaultResutl(org.testng.ITestResult)[pri:0, instance:com.SuitePageCheck.TestCase_PageCheckDUReports@a4920bc]" name="DefaultResutl" is-config="true" duration-ms="1" started-at="2015-09-09T15:56:12Z" finished-at="2015-09-09T15:56:12Z">
          <params>
            <param index="0">
              <value>
                <![CDATA[[TestResult name=PageCheckDUReport status=SUCCESS method=TestCase_PageCheckDUReports.PageCheckDUReport()[pri:0, instance:com.SuitePageCheck.TestCase_PageCheckDUReports@a4920bc] output={null}]]]>
              </value>
            </param>
          </params>
          <reporter-output>
          </reporter-output>
        </test-method> <!-- DefaultResutl -->
      </class> <!-- com.SuitePageCheck.TestCase_PageCheckDUReports -->
    </test> <!-- PageCheckDUReports -->
  </suite> <!-- PageCheck Settings -->
  <suite name="Categories" duration-ms="98" started-at="2015-09-09T10:19:30Z" finished-at="2015-09-09T10:19:30Z">
    <groups>
    </groups>
    <test name="Check Runmode of Suite" duration-ms="0" started-at="2015-09-09T10:19:30Z" finished-at="2015-09-09T10:19:30Z">
    </test> <!-- Check Runmode of Suite -->
    <test name="Verify Create Category" duration-ms="4" started-at="2015-09-09T10:19:30Z" finished-at="2015-09-09T10:19:30Z">
      <class name="com.suiteCategory.TestCase_VerifyCreateCategory">
        <test-method status="SKIP" signature="checkTestSkip()[pri:0, instance:com.suiteCategory.TestCase_VerifyCreateCategory@528786e7]" name="checkTestSkip" is-config="true" duration-ms="0" started-at="2015-09-09T15:49:30Z" finished-at="2015-09-09T15:49:30Z">
          <reporter-output>
          </reporter-output>
        </test-method> <!-- checkTestSkip -->
        <test-method status="SKIP" signature="verifyCreateCategoryTest()[pri:0, instance:com.suiteCategory.TestCase_VerifyCreateCategory@528786e7]" name="verifyCreateCategoryTest" duration-ms="1" started-at="2015-09-09T15:49:30Z" finished-at="2015-09-09T15:49:30Z">
          <reporter-output>
          </reporter-output>
        </test-method> <!-- verifyCreateCategoryTest -->
        <test-method status="SKIP" signature="DefaultResult(org.testng.ITestResult)[pri:0, instance:com.suiteCategory.TestCase_VerifyCreateCategory@528786e7]" name="DefaultResult" is-config="true" duration-ms="1" started-at="2015-09-09T15:49:30Z" finished-at="2015-09-09T15:49:30Z">
          <reporter-output>
          </reporter-output>
        </test-method> <!-- DefaultResult -->
      </class> <!-- com.suiteCategory.TestCase_VerifyCreateCategory -->
    </test> <!-- Verify Create Category -->
    <test name="Verify Category Tab" duration-ms="4" started-at="2015-09-09T10:19:30Z" finished-at="2015-09-09T10:19:30Z">
      <class name="com.suiteCategory.TestCase_VerifyCategoryTab">
        <test-method status="SKIP" signature="checkTestSkip()[pri:0, instance:com.suiteCategory.TestCase_VerifyCategoryTab@24dfb3be]" name="checkTestSkip" is-config="true" duration-ms="0" started-at="2015-09-09T15:49:30Z" finished-at="2015-09-09T15:49:30Z">
          <reporter-output>
          </reporter-output>
        </test-method> <!-- checkTestSkip -->
        <test-method status="SKIP" signature="verifyDefaultCategoryTest()[pri:0, instance:com.suiteCategory.TestCase_VerifyCategoryTab@24dfb3be]" name="verifyDefaultCategoryTest" duration-ms="1" started-at="2015-09-09T15:49:30Z" finished-at="2015-09-09T15:49:30Z">
          <reporter-output>
          </reporter-output>
        </test-method> <!-- verifyDefaultCategoryTest -->
        <test-method status="SKIP" signature="DefaultResult(org.testng.ITestResult)[pri:0, instance:com.suiteCategory.TestCase_VerifyCategoryTab@24dfb3be]" name="DefaultResult" is-config="true" duration-ms="0" started-at="2015-09-09T15:49:30Z" finished-at="2015-09-09T15:49:30Z">
          <reporter-output>
          </reporter-output>
        </test-method> <!-- DefaultResult -->
      </class> <!-- com.suiteCategory.TestCase_VerifyCategoryTab -->
    </test> <!-- Verify Category Tab -->
    <test name="Verify Delete Category" duration-ms="10" started-at="2015-09-09T10:19:30Z" finished-at="2015-09-09T10:19:30Z">
      <class name="com.suiteCategory.TestCase_VerifyDeleteCategory">
        <test-method status="SKIP" signature="checkTestSkip()[pri:0, instance:com.suiteCategory.TestCase_VerifyDeleteCategory@29444c60]" name="checkTestSkip" is-config="true" duration-ms="0" started-at="2015-09-09T15:49:30Z" finished-at="2015-09-09T15:49:30Z">
          <reporter-output>
          </reporter-output>
        </test-method> <!-- checkTestSkip -->
        <test-method status="SKIP" signature="verifyDeleteCategoryTest()[pri:0, instance:com.suiteCategory.TestCase_VerifyDeleteCategory@29444c60]" name="verifyDeleteCategoryTest" duration-ms="1" started-at="2015-09-09T15:49:30Z" finished-at="2015-09-09T15:49:30Z">
          <reporter-output>
          </reporter-output>
        </test-method> <!-- verifyDeleteCategoryTest -->
        <test-method status="SKIP" signature="DefaultResult(org.testng.ITestResult)[pri:0, instance:com.suiteCategory.TestCase_VerifyDeleteCategory@29444c60]" name="DefaultResult" is-config="true" duration-ms="0" started-at="2015-09-09T15:49:30Z" finished-at="2015-09-09T15:49:30Z">
          <reporter-output>
          </reporter-output>
        </test-method> <!-- DefaultResult -->
      </class> <!-- com.suiteCategory.TestCase_VerifyDeleteCategory -->
    </test> <!-- Verify Delete Category -->
    <test name="Verify Breadcrum And Heading" duration-ms="19" started-at="2015-09-09T10:19:30Z" finished-at="2015-09-09T10:19:30Z">
      <class name="com.suiteCategory.TestCase_BreadcrumAndHeading">
        <test-method status="SKIP" signature="checkTestSkip()[pri:0, instance:com.suiteCategory.TestCase_BreadcrumAndHeading@656e1fa]" name="checkTestSkip" is-config="true" duration-ms="0" started-at="2015-09-09T15:49:30Z" finished-at="2015-09-09T15:49:30Z">
          <reporter-output>
          </reporter-output>
        </test-method> <!-- checkTestSkip -->
        <test-method status="SKIP" signature="verifyBreadcrumAndHeading()[pri:0, instance:com.suiteCategory.TestCase_BreadcrumAndHeading@656e1fa]" name="verifyBreadcrumAndHeading" duration-ms="1" started-at="2015-09-09T15:49:30Z" finished-at="2015-09-09T15:49:30Z">
          <reporter-output>
          </reporter-output>
        </test-method> <!-- verifyBreadcrumAndHeading -->
        <test-method status="SKIP" signature="DefaultResult(org.testng.ITestResult)[pri:0, instance:com.suiteCategory.TestCase_BreadcrumAndHeading@656e1fa]" name="DefaultResult" is-config="true" duration-ms="0" started-at="2015-09-09T15:49:30Z" finished-at="2015-09-09T15:49:30Z">
          <reporter-output>
          </reporter-output>
        </test-method> <!-- DefaultResult -->
      </class> <!-- com.suiteCategory.TestCase_BreadcrumAndHeading -->
    </test> <!-- Verify Breadcrum And Heading -->
    <test name="Verify results export to CSV and Excel files" duration-ms="13" started-at="2015-09-09T10:19:30Z" finished-at="2015-09-09T10:19:30Z">
      <class name="com.suiteCategory.TestCase_ExportResults_Excel_CSV">
        <test-method status="SKIP" signature="checkTestSkip()[pri:0, instance:com.suiteCategory.TestCase_ExportResults_Excel_CSV@7d15b7ce]" name="checkTestSkip" is-config="true" duration-ms="0" started-at="2015-09-09T15:49:30Z" finished-at="2015-09-09T15:49:30Z">
          <reporter-output>
          </reporter-output>
        </test-method> <!-- checkTestSkip -->
        <test-method status="SKIP" signature="verifyExportResults_Excel_CSV()[pri:0, instance:com.suiteCategory.TestCase_ExportResults_Excel_CSV@7d15b7ce]" name="verifyExportResults_Excel_CSV" duration-ms="0" started-at="2015-09-09T15:49:30Z" finished-at="2015-09-09T15:49:30Z">
          <reporter-output>
          </reporter-output>
        </test-method> <!-- verifyExportResults_Excel_CSV -->
        <test-method status="SKIP" signature="DefaultResult(org.testng.ITestResult)[pri:0, instance:com.suiteCategory.TestCase_ExportResults_Excel_CSV@7d15b7ce]" name="DefaultResult" is-config="true" duration-ms="0" started-at="2015-09-09T15:49:30Z" finished-at="2015-09-09T15:49:30Z">
          <reporter-output>
          </reporter-output>
        </test-method> <!-- DefaultResult -->
      </class> <!-- com.suiteCategory.TestCase_ExportResults_Excel_CSV -->
    </test> <!-- Verify results export to CSV and Excel files -->
    <test name="Check search and reset option under side bar grids" duration-ms="3" started-at="2015-09-09T10:19:30Z" finished-at="2015-09-09T10:19:30Z">
      <class name="com.suiteCategory.TestCase_FolderAndCategorySearch">
        <test-method status="SKIP" signature="checkTestSkip()[pri:0, instance:com.suiteCategory.TestCase_FolderAndCategorySearch@53330681]" name="checkTestSkip" is-config="true" duration-ms="0" started-at="2015-09-09T15:49:30Z" finished-at="2015-09-09T15:49:30Z">
          <reporter-output>
          </reporter-output>
        </test-method> <!-- checkTestSkip -->
        <test-method status="SKIP" signature="verifyFolderAndCategorySearch()[pri:0, instance:com.suiteCategory.TestCase_FolderAndCategorySearch@53330681]" name="verifyFolderAndCategorySearch" duration-ms="1" started-at="2015-09-09T15:49:30Z" finished-at="2015-09-09T15:49:30Z">
          <reporter-output>
          </reporter-output>
        </test-method> <!-- verifyFolderAndCategorySearch -->
        <test-method status="SKIP" signature="DefaultResult(org.testng.ITestResult)[pri:0, instance:com.suiteCategory.TestCase_FolderAndCategorySearch@53330681]" name="DefaultResult" is-config="true" duration-ms="0" started-at="2015-09-09T15:49:30Z" finished-at="2015-09-09T15:49:30Z">
          <reporter-output>
          </reporter-output>
        </test-method> <!-- DefaultResult -->
      </class> <!-- com.suiteCategory.TestCase_FolderAndCategorySearch -->
      <class name="com.suiteCategory.CategorySuiteBase">
        <test-method status="SKIP" signature="checkSuiteSkip()[pri:0, instance:com.suiteCategory.CategorySuiteBase@6762687]" name="checkSuiteSkip" is-config="true" duration-ms="0" started-at="2015-09-09T15:49:30Z" finished-at="2015-09-09T15:49:30Z">
          <exception class="org.testng.SkipException">
            <message>
              <![CDATA[Runmode of 'CategoriesSuite' is set to 'NO', hence skipping all tests in Suite!]]>
            </message>
            <full-stacktrace>
              <![CDATA[org.testng.SkipException: Runmode of 'CategoriesSuite' is set to 'NO', hence skipping all tests in Suite!
	at Util.TestUtil.checkSuiteSkip(TestUtil.java:137)
	at com.suiteCategory.CategorySuiteBase.checkSuiteSkip(CategorySuiteBase.java:14)
	at sun.reflect.NativeMethodAccessorImpl.invoke0(Native Method)
	at sun.reflect.NativeMethodAccessorImpl.invoke(Unknown Source)
	at sun.reflect.DelegatingMethodAccessorImpl.invoke(Unknown Source)
	at java.lang.reflect.Method.invoke(Unknown Source)
	at org.testng.internal.MethodInvocationHelper.invokeMethod(MethodInvocationHelper.java:84)
	at org.testng.internal.Invoker.invokeConfigurationMethod(Invoker.java:564)
	at org.testng.internal.Invoker.invokeConfigurations(Invoker.java:213)
	at org.testng.internal.Invoker.invokeConfigurations(Invoker.java:138)
	at org.testng.SuiteRunner.privateRun(SuiteRunner.java:277)
	at org.testng.SuiteRunner.run(SuiteRunner.java:240)
	at org.testng.SuiteRunnerWorker.runSuite(SuiteRunnerWorker.java:52)
	at org.testng.SuiteRunnerWorker.run(SuiteRunnerWorker.java:86)
	at org.testng.TestNG.runSuitesSequentially(TestNG.java:1224)
	at org.testng.TestNG.runSuitesSequentially(TestNG.java:1220)
	at org.testng.TestNG.runSuitesLocally(TestNG.java:1149)
	at org.testng.TestNG.run(TestNG.java:1057)
	at org.testng.remote.RemoteTestNG.run(RemoteTestNG.java:111)
	at org.testng.remote.RemoteTestNG.initAndRun(RemoteTestNG.java:204)
	at org.testng.remote.RemoteTestNG.main(RemoteTestNG.java:175)
]]>
            </full-stacktrace>
          </exception> <!-- org.testng.SkipException -->
          <reporter-output>
          </reporter-output>
        </test-method> <!-- checkSuiteSkip -->
      </class> <!-- com.suiteCategory.CategorySuiteBase -->
    </test> <!-- Check search and reset option under side bar grids -->
  </suite> <!-- Categories -->
  <suite name="Course" duration-ms="302" started-at="2015-09-09T10:19:30Z" finished-at="2015-09-09T10:19:31Z">
    <groups>
    </groups>
    <test name="Check Runmode of Suite" duration-ms="18" started-at="2015-09-09T10:19:30Z" finished-at="2015-09-09T10:19:31Z">
    </test> <!-- Check Runmode of Suite -->
    <test name="CreateNewCourse" duration-ms="4" started-at="2015-09-09T10:19:31Z" finished-at="2015-09-09T10:19:31Z">
      <class name="com.SuiteCourses.TestCase_CreateNewCourse">
        <test-method status="SKIP" signature="checkTestSkip()[pri:0, instance:com.SuiteCourses.TestCase_CreateNewCourse@7b24588d]" name="checkTestSkip" is-config="true" duration-ms="0" started-at="2015-09-09T15:49:31Z" finished-at="2015-09-09T15:49:31Z">
          <reporter-output>
          </reporter-output>
        </test-method> <!-- checkTestSkip -->
        <test-method status="SKIP" signature="CreateNewCourse()[pri:0, instance:com.SuiteCourses.TestCase_CreateNewCourse@7b24588d]" name="CreateNewCourse" duration-ms="0" started-at="2015-09-09T15:49:31Z" finished-at="2015-09-09T15:49:31Z">
          <reporter-output>
          </reporter-output>
        </test-method> <!-- CreateNewCourse -->
        <test-method status="SKIP" signature="DefaultResult(org.testng.ITestResult)[pri:0, instance:com.SuiteCourses.TestCase_CreateNewCourse@7b24588d]" name="DefaultResult" is-config="true" duration-ms="0" started-at="2015-09-09T15:49:31Z" finished-at="2015-09-09T15:49:31Z">
          <reporter-output>
          </reporter-output>
        </test-method> <!-- DefaultResult -->
      </class> <!-- com.SuiteCourses.TestCase_CreateNewCourse -->
    </test> <!-- CreateNewCourse -->
    <test name="Edit_Course" duration-ms="42" started-at="2015-09-09T10:19:31Z" finished-at="2015-09-09T10:19:31Z">
      <class name="com.SuiteCourses.TestCase_Edit_Course">
        <test-method status="SKIP" signature="checkTestSkip()[pri:0, instance:com.SuiteCourses.TestCase_Edit_Course@5ce69508]" name="checkTestSkip" is-config="true" duration-ms="0" started-at="2015-09-09T15:49:31Z" finished-at="2015-09-09T15:49:31Z">
          <reporter-output>
          </reporter-output>
        </test-method> <!-- checkTestSkip -->
        <test-method status="SKIP" signature="EditCourse()[pri:0, instance:com.SuiteCourses.TestCase_Edit_Course@5ce69508]" name="EditCourse" duration-ms="1" started-at="2015-09-09T15:49:31Z" finished-at="2015-09-09T15:49:31Z">
          <reporter-output>
          </reporter-output>
        </test-method> <!-- EditCourse -->
        <test-method status="SKIP" signature="DefaultResult(org.testng.ITestResult)[pri:0, instance:com.SuiteCourses.TestCase_Edit_Course@5ce69508]" name="DefaultResult" is-config="true" duration-ms="0" started-at="2015-09-09T15:49:31Z" finished-at="2015-09-09T15:49:31Z">
          <reporter-output>
          </reporter-output>
        </test-method> <!-- DefaultResult -->
      </class> <!-- com.SuiteCourses.TestCase_Edit_Course -->
    </test> <!-- Edit_Course -->
    <test name="AssignETToCourse" duration-ms="149" started-at="2015-09-09T10:19:31Z" finished-at="2015-09-09T10:19:31Z">
      <class name="com.SuiteCourses.TestCase_AssignETToCourse">
        <test-method status="SKIP" signature="checkTestSkip()[pri:0, instance:com.SuiteCourses.TestCase_AssignETToCourse@73e4dd9]" name="checkTestSkip" is-config="true" duration-ms="0" started-at="2015-09-09T15:49:31Z" finished-at="2015-09-09T15:49:31Z">
          <reporter-output>
          </reporter-output>
        </test-method> <!-- checkTestSkip -->
        <test-method status="SKIP" signature="AssignETToCourse()[pri:0, instance:com.SuiteCourses.TestCase_AssignETToCourse@73e4dd9]" name="AssignETToCourse" duration-ms="1" started-at="2015-09-09T15:49:31Z" finished-at="2015-09-09T15:49:31Z">
          <reporter-output>
          </reporter-output>
        </test-method> <!-- AssignETToCourse -->
        <test-method status="SKIP" signature="DefaultResult(org.testng.ITestResult)[pri:0, instance:com.SuiteCourses.TestCase_AssignETToCourse@73e4dd9]" name="DefaultResult" is-config="true" duration-ms="0" started-at="2015-09-09T15:49:31Z" finished-at="2015-09-09T15:49:31Z">
          <reporter-output>
          </reporter-output>
        </test-method> <!-- DefaultResult -->
      </class> <!-- com.SuiteCourses.TestCase_AssignETToCourse -->
    </test> <!-- AssignETToCourse -->
    <test name="Search_NewlyCreatedCourse" duration-ms="5" started-at="2015-09-09T10:19:31Z" finished-at="2015-09-09T10:19:31Z">
      <class name="com.SuiteCourses.TestCase_Search_NewlyCreatedCourse">
        <test-method status="SKIP" signature="checkTestSkip()[pri:0, instance:com.SuiteCourses.TestCase_Search_NewlyCreatedCourse@6e95b0a3]" name="checkTestSkip" is-config="true" duration-ms="0" started-at="2015-09-09T15:49:31Z" finished-at="2015-09-09T15:49:31Z">
          <reporter-output>
          </reporter-output>
        </test-method> <!-- checkTestSkip -->
        <test-method status="SKIP" signature="SearchNewlyCreatedCourse()[pri:0, instance:com.SuiteCourses.TestCase_Search_NewlyCreatedCourse@6e95b0a3]" name="SearchNewlyCreatedCourse" duration-ms="1" started-at="2015-09-09T15:49:31Z" finished-at="2015-09-09T15:49:31Z">
          <reporter-output>
          </reporter-output>
        </test-method> <!-- SearchNewlyCreatedCourse -->
        <test-method status="SKIP" signature="DefaultResult(org.testng.ITestResult)[pri:0, instance:com.SuiteCourses.TestCase_Search_NewlyCreatedCourse@6e95b0a3]" name="DefaultResult" is-config="true" duration-ms="0" started-at="2015-09-09T15:49:31Z" finished-at="2015-09-09T15:49:31Z">
          <reporter-output>
          </reporter-output>
        </test-method> <!-- DefaultResult -->
      </class> <!-- com.SuiteCourses.TestCase_Search_NewlyCreatedCourse -->
    </test> <!-- Search_NewlyCreatedCourse -->
    <test name="CourseExport" duration-ms="11" started-at="2015-09-09T10:19:31Z" finished-at="2015-09-09T10:19:31Z">
      <class name="com.SuiteCourses.TestCase_CourseExport">
        <test-method status="SKIP" signature="checkTestSkip()[pri:0, instance:com.SuiteCourses.TestCase_CourseExport@a9c6fd8]" name="checkTestSkip" is-config="true" duration-ms="0" started-at="2015-09-09T15:49:31Z" finished-at="2015-09-09T15:49:31Z">
          <reporter-output>
          </reporter-output>
        </test-method> <!-- checkTestSkip -->
        <test-method status="SKIP" signature="CourseExport()[pri:0, instance:com.SuiteCourses.TestCase_CourseExport@a9c6fd8]" name="CourseExport" duration-ms="1" started-at="2015-09-09T15:49:31Z" finished-at="2015-09-09T15:49:31Z">
          <reporter-output>
          </reporter-output>
        </test-method> <!-- CourseExport -->
        <test-method status="SKIP" signature="DefaultResult(org.testng.ITestResult)[pri:0, instance:com.SuiteCourses.TestCase_CourseExport@a9c6fd8]" name="DefaultResult" is-config="true" duration-ms="0" started-at="2015-09-09T15:49:31Z" finished-at="2015-09-09T15:49:31Z">
          <reporter-output>
          </reporter-output>
        </test-method> <!-- DefaultResult -->
      </class> <!-- com.SuiteCourses.TestCase_CourseExport -->
    </test> <!-- CourseExport -->
    <test name="ExportCourseData" duration-ms="13" started-at="2015-09-09T10:19:31Z" finished-at="2015-09-09T10:19:31Z">
      <class name="com.SuiteCourses.TestCase_ExportCourseData">
        <test-method status="SKIP" signature="checkSuiteSkip()[pri:0, instance:com.SuiteCourses.TestCase_ExportCourseData@2a91a829]" name="checkSuiteSkip" is-config="true" duration-ms="0" started-at="2015-09-09T15:49:30Z" finished-at="2015-09-09T15:49:30Z">
          <exception class="org.testng.SkipException">
            <message>
              <![CDATA[Runmode of 'CoursesSuite' is set to 'NO', hence skipping all tests in Suite!]]>
            </message>
            <full-stacktrace>
              <![CDATA[org.testng.SkipException: Runmode of 'CoursesSuite' is set to 'NO', hence skipping all tests in Suite!
	at Util.TestUtil.checkSuiteSkip(TestUtil.java:137)
	at com.SuiteCourses.TestSuiteBase.checkSuiteSkip(TestSuiteBase.java:12)
	at sun.reflect.NativeMethodAccessorImpl.invoke0(Native Method)
	at sun.reflect.NativeMethodAccessorImpl.invoke(Unknown Source)
	at sun.reflect.DelegatingMethodAccessorImpl.invoke(Unknown Source)
	at java.lang.reflect.Method.invoke(Unknown Source)
	at org.testng.internal.MethodInvocationHelper.invokeMethod(MethodInvocationHelper.java:84)
	at org.testng.internal.Invoker.invokeConfigurationMethod(Invoker.java:564)
	at org.testng.internal.Invoker.invokeConfigurations(Invoker.java:213)
	at org.testng.internal.Invoker.invokeConfigurations(Invoker.java:138)
	at org.testng.SuiteRunner.privateRun(SuiteRunner.java:277)
	at org.testng.SuiteRunner.run(SuiteRunner.java:240)
	at org.testng.SuiteRunnerWorker.runSuite(SuiteRunnerWorker.java:52)
	at org.testng.SuiteRunnerWorker.run(SuiteRunnerWorker.java:86)
	at org.testng.TestNG.runSuitesSequentially(TestNG.java:1224)
	at org.testng.TestNG.runSuitesSequentially(TestNG.java:1220)
	at org.testng.TestNG.runSuitesLocally(TestNG.java:1149)
	at org.testng.TestNG.run(TestNG.java:1057)
	at org.testng.remote.RemoteTestNG.run(RemoteTestNG.java:111)
	at org.testng.remote.RemoteTestNG.initAndRun(RemoteTestNG.java:204)
	at org.testng.remote.RemoteTestNG.main(RemoteTestNG.java:175)
]]>
            </full-stacktrace>
          </exception> <!-- org.testng.SkipException -->
          <reporter-output>
          </reporter-output>
        </test-method> <!-- checkSuiteSkip -->
        <test-method status="SKIP" signature="checkTestSkip()[pri:0, instance:com.SuiteCourses.TestCase_ExportCourseData@2a91a829]" name="checkTestSkip" is-config="true" duration-ms="0" started-at="2015-09-09T15:49:31Z" finished-at="2015-09-09T15:49:31Z">
          <reporter-output>
          </reporter-output>
        </test-method> <!-- checkTestSkip -->
        <test-method status="SKIP" signature="ExportCourseData()[pri:0, instance:com.SuiteCourses.TestCase_ExportCourseData@2a91a829]" name="ExportCourseData" duration-ms="1" started-at="2015-09-09T15:49:31Z" finished-at="2015-09-09T15:49:31Z">
          <reporter-output>
          </reporter-output>
        </test-method> <!-- ExportCourseData -->
        <test-method status="SKIP" signature="DefaultResult(org.testng.ITestResult)[pri:0, instance:com.SuiteCourses.TestCase_ExportCourseData@2a91a829]" name="DefaultResult" is-config="true" duration-ms="0" started-at="2015-09-09T15:49:31Z" finished-at="2015-09-09T15:49:31Z">
          <reporter-output>
          </reporter-output>
        </test-method> <!-- DefaultResult -->
      </class> <!-- com.SuiteCourses.TestCase_ExportCourseData -->
    </test> <!-- ExportCourseData -->
  </suite> <!-- Course -->
  <suite name="Common Test Cases" duration-ms="167" started-at="2015-09-09T10:19:28Z" finished-at="2015-09-09T10:19:28Z">
    <groups>
    </groups>
    <test name="Check Runmode of Suite" duration-ms="1" started-at="2015-09-09T10:19:28Z" finished-at="2015-09-09T10:19:28Z">
    </test> <!-- Check Runmode of Suite -->
    <test name="Check Questions Tab" duration-ms="29" started-at="2015-09-09T10:19:28Z" finished-at="2015-09-09T10:19:28Z">
      <class name="com.SuiteCommon.TestCase_CheckQuestions">
        <test-method status="SKIP" signature="checkTestSkip()[pri:0, instance:com.SuiteCommon.TestCase_CheckQuestions@40199011]" name="checkTestSkip" is-config="true" duration-ms="0" started-at="2015-09-09T15:49:28Z" finished-at="2015-09-09T15:49:28Z">
          <reporter-output>
          </reporter-output>
        </test-method> <!-- checkTestSkip -->
        <test-method status="SKIP" signature="CheckQuestionsTab()[pri:0, instance:com.SuiteCommon.TestCase_CheckQuestions@40199011]" name="CheckQuestionsTab" duration-ms="4" started-at="2015-09-09T15:49:28Z" finished-at="2015-09-09T15:49:28Z">
          <reporter-output>
          </reporter-output>
        </test-method> <!-- CheckQuestionsTab -->
        <test-method status="SKIP" signature="DefaultResult(org.testng.ITestResult)[pri:0, instance:com.SuiteCommon.TestCase_CheckQuestions@40199011]" name="DefaultResult" is-config="true" duration-ms="0" started-at="2015-09-09T15:49:28Z" finished-at="2015-09-09T15:49:28Z">
          <reporter-output>
          </reporter-output>
        </test-method> <!-- DefaultResult -->
      </class> <!-- com.SuiteCommon.TestCase_CheckQuestions -->
    </test> <!-- Check Questions Tab -->
    <test name="Check Rubrics Tab" duration-ms="14" started-at="2015-09-09T10:19:28Z" finished-at="2015-09-09T10:19:28Z">
      <class name="com.SuiteCommon.TestCase_CheckRubrics">
        <test-method status="SKIP" signature="checkTestSkip()[pri:0, instance:com.SuiteCommon.TestCase_CheckRubrics@40266966]" name="checkTestSkip" is-config="true" duration-ms="0" started-at="2015-09-09T15:49:28Z" finished-at="2015-09-09T15:49:28Z">
          <reporter-output>
          </reporter-output>
        </test-method> <!-- checkTestSkip -->
        <test-method status="SKIP" signature="CheckRubricsTab()[pri:0, instance:com.SuiteCommon.TestCase_CheckRubrics@40266966]" name="CheckRubricsTab" duration-ms="2" started-at="2015-09-09T15:49:28Z" finished-at="2015-09-09T15:49:28Z">
          <reporter-output>
          </reporter-output>
        </test-method> <!-- CheckRubricsTab -->
        <test-method status="SKIP" signature="DefaultResult(org.testng.ITestResult)[pri:0, instance:com.SuiteCommon.TestCase_CheckRubrics@40266966]" name="DefaultResult" is-config="true" duration-ms="0" started-at="2015-09-09T15:49:28Z" finished-at="2015-09-09T15:49:28Z">
          <reporter-output>
          </reporter-output>
        </test-method> <!-- DefaultResult -->
      </class> <!-- com.SuiteCommon.TestCase_CheckRubrics -->
    </test> <!-- Check Rubrics Tab -->
    <test name="Check Assessments Tab" duration-ms="5" started-at="2015-09-09T10:19:28Z" finished-at="2015-09-09T10:19:28Z">
      <class name="com.SuiteCommon.TestCase_CheckAssessments">
        <test-method status="SKIP" signature="checkTestSkip()[pri:0, instance:com.SuiteCommon.TestCase_CheckAssessments@379bc1bf]" name="checkTestSkip" is-config="true" duration-ms="0" started-at="2015-09-09T15:49:28Z" finished-at="2015-09-09T15:49:28Z">
          <reporter-output>
          </reporter-output>
        </test-method> <!-- checkTestSkip -->
        <test-method status="SKIP" signature="CheckAssessmentsTab()[pri:0, instance:com.SuiteCommon.TestCase_CheckAssessments@379bc1bf]" name="CheckAssessmentsTab" duration-ms="1" started-at="2015-09-09T15:49:28Z" finished-at="2015-09-09T15:49:28Z">
          <reporter-output>
          </reporter-output>
        </test-method> <!-- CheckAssessmentsTab -->
        <test-method status="SKIP" signature="DefaultResult(org.testng.ITestResult)[pri:0, instance:com.SuiteCommon.TestCase_CheckAssessments@379bc1bf]" name="DefaultResult" is-config="true" duration-ms="0" started-at="2015-09-09T15:49:28Z" finished-at="2015-09-09T15:49:28Z">
          <reporter-output>
          </reporter-output>
        </test-method> <!-- DefaultResult -->
      </class> <!-- com.SuiteCommon.TestCase_CheckAssessments -->
    </test> <!-- Check Assessments Tab -->
    <test name="Check Categories Tab" duration-ms="6" started-at="2015-09-09T10:19:28Z" finished-at="2015-09-09T10:19:28Z">
      <class name="com.SuiteCommon.TestCase_CheckCategories">
        <test-method status="SKIP" signature="checkTestSkip()[pri:0, instance:com.SuiteCommon.TestCase_CheckCategories@45f519ae]" name="checkTestSkip" is-config="true" duration-ms="0" started-at="2015-09-09T15:49:28Z" finished-at="2015-09-09T15:49:28Z">
          <reporter-output>
          </reporter-output>
        </test-method> <!-- checkTestSkip -->
        <test-method status="SKIP" signature="CheckCategoriesTab()[pri:0, instance:com.SuiteCommon.TestCase_CheckCategories@45f519ae]" name="CheckCategoriesTab" duration-ms="1" started-at="2015-09-09T15:49:28Z" finished-at="2015-09-09T15:49:28Z">
          <reporter-output>
          </reporter-output>
        </test-method> <!-- CheckCategoriesTab -->
        <test-method status="SKIP" signature="DefaultResult(org.testng.ITestResult)[pri:0, instance:com.SuiteCommon.TestCase_CheckCategories@45f519ae]" name="DefaultResult" is-config="true" duration-ms="0" started-at="2015-09-09T15:49:28Z" finished-at="2015-09-09T15:49:28Z">
          <reporter-output>
          </reporter-output>
        </test-method> <!-- DefaultResult -->
      </class> <!-- com.SuiteCommon.TestCase_CheckCategories -->
    </test> <!-- Check Categories Tab -->
    <test name="Check Reports Tab" duration-ms="7" started-at="2015-09-09T10:19:28Z" finished-at="2015-09-09T10:19:28Z">
      <class name="com.SuiteCommon.TestCase_CheckReports">
        <test-method status="SKIP" signature="checkTestSkip()[pri:0, instance:com.SuiteCommon.TestCase_CheckReports@233a73db]" name="checkTestSkip" is-config="true" duration-ms="0" started-at="2015-09-09T15:49:28Z" finished-at="2015-09-09T15:49:28Z">
          <reporter-output>
          </reporter-output>
        </test-method> <!-- checkTestSkip -->
        <test-method status="SKIP" signature="CheckReportsTab()[pri:0, instance:com.SuiteCommon.TestCase_CheckReports@233a73db]" name="CheckReportsTab" duration-ms="1" started-at="2015-09-09T15:49:28Z" finished-at="2015-09-09T15:49:28Z">
          <reporter-output>
          </reporter-output>
        </test-method> <!-- CheckReportsTab -->
        <test-method status="SKIP" signature="DefaultResult(org.testng.ITestResult)[pri:0, instance:com.SuiteCommon.TestCase_CheckReports@233a73db]" name="DefaultResult" is-config="true" duration-ms="0" started-at="2015-09-09T15:49:28Z" finished-at="2015-09-09T15:49:28Z">
          <reporter-output>
          </reporter-output>
        </test-method> <!-- DefaultResult -->
      </class> <!-- com.SuiteCommon.TestCase_CheckReports -->
    </test> <!-- Check Reports Tab -->
    <test name="Check Exam Takers Tab" duration-ms="6" started-at="2015-09-09T10:19:28Z" finished-at="2015-09-09T10:19:28Z">
      <class name="com.SuiteCommon.TestCase_CheckExamTakers">
        <test-method status="SKIP" signature="checkTestSkip()[pri:0, instance:com.SuiteCommon.TestCase_CheckExamTakers@747fa39a]" name="checkTestSkip" is-config="true" duration-ms="0" started-at="2015-09-09T15:49:28Z" finished-at="2015-09-09T15:49:28Z">
          <reporter-output>
          </reporter-output>
        </test-method> <!-- checkTestSkip -->
        <test-method status="SKIP" signature="CheckExamTakersTab()[pri:0, instance:com.SuiteCommon.TestCase_CheckExamTakers@747fa39a]" name="CheckExamTakersTab" duration-ms="1" started-at="2015-09-09T15:49:28Z" finished-at="2015-09-09T15:49:28Z">
          <reporter-output>
          </reporter-output>
        </test-method> <!-- CheckExamTakersTab -->
        <test-method status="SKIP" signature="DefaultResult(org.testng.ITestResult)[pri:0, instance:com.SuiteCommon.TestCase_CheckExamTakers@747fa39a]" name="DefaultResult" is-config="true" duration-ms="0" started-at="2015-09-09T15:49:28Z" finished-at="2015-09-09T15:49:28Z">
          <reporter-output>
          </reporter-output>
        </test-method> <!-- DefaultResult -->
      </class> <!-- com.SuiteCommon.TestCase_CheckExamTakers -->
    </test> <!-- Check Exam Takers Tab -->
    <test name="Check Admin Tab" duration-ms="4" started-at="2015-09-09T10:19:28Z" finished-at="2015-09-09T10:19:28Z">
      <class name="com.SuiteCommon.TestCase_CheckAdmin">
        <test-method status="SKIP" signature="checkTestSkip()[pri:0, instance:com.SuiteCommon.TestCase_CheckAdmin@773cf42a]" name="checkTestSkip" is-config="true" duration-ms="0" started-at="2015-09-09T15:49:28Z" finished-at="2015-09-09T15:49:28Z">
          <reporter-output>
          </reporter-output>
        </test-method> <!-- checkTestSkip -->
        <test-method status="SKIP" signature="CheckAdminTab()[pri:0, instance:com.SuiteCommon.TestCase_CheckAdmin@773cf42a]" name="CheckAdminTab" duration-ms="0" started-at="2015-09-09T15:49:28Z" finished-at="2015-09-09T15:49:28Z">
          <reporter-output>
          </reporter-output>
        </test-method> <!-- CheckAdminTab -->
        <test-method status="SKIP" signature="DefaultResult(org.testng.ITestResult)[pri:0, instance:com.SuiteCommon.TestCase_CheckAdmin@773cf42a]" name="DefaultResult" is-config="true" duration-ms="0" started-at="2015-09-09T15:49:28Z" finished-at="2015-09-09T15:49:28Z">
          <reporter-output>
          </reporter-output>
        </test-method> <!-- DefaultResult -->
      </class> <!-- com.SuiteCommon.TestCase_CheckAdmin -->
    </test> <!-- Check Admin Tab -->
    <test name="Check Check Community link" duration-ms="4" started-at="2015-09-09T10:19:28Z" finished-at="2015-09-09T10:19:28Z">
      <class name="com.SuiteCommon.TestCase_CheckCommunity">
        <test-method status="SKIP" signature="checkTestSkip()[pri:0, instance:com.SuiteCommon.TestCase_CheckCommunity@49940c14]" name="checkTestSkip" is-config="true" duration-ms="0" started-at="2015-09-09T15:49:28Z" finished-at="2015-09-09T15:49:28Z">
          <reporter-output>
          </reporter-output>
        </test-method> <!-- checkTestSkip -->
        <test-method status="SKIP" signature="TestCaseCommunityLink()[pri:0, instance:com.SuiteCommon.TestCase_CheckCommunity@49940c14]" name="TestCaseCommunityLink" duration-ms="0" started-at="2015-09-09T15:49:28Z" finished-at="2015-09-09T15:49:28Z">
          <reporter-output>
          </reporter-output>
        </test-method> <!-- TestCaseCommunityLink -->
        <test-method status="SKIP" signature="DefaultResult(org.testng.ITestResult)[pri:0, instance:com.SuiteCommon.TestCase_CheckCommunity@49940c14]" name="DefaultResult" is-config="true" duration-ms="0" started-at="2015-09-09T15:49:28Z" finished-at="2015-09-09T15:49:28Z">
          <reporter-output>
          </reporter-output>
        </test-method> <!-- DefaultResult -->
      </class> <!-- com.SuiteCommon.TestCase_CheckCommunity -->
    </test> <!-- Check Check Community link -->
    <test name="Check Training Video" duration-ms="6" started-at="2015-09-09T10:19:28Z" finished-at="2015-09-09T10:19:28Z">
      <class name="com.SuiteCommon.TestCase_CheckTrainingVideo">
        <test-method status="SKIP" signature="checkSuiteSkip()[pri:0, instance:com.SuiteCommon.TestCase_CheckTrainingVideo@50ee1793]" name="checkSuiteSkip" is-config="true" duration-ms="0" started-at="2015-09-09T15:49:28Z" finished-at="2015-09-09T15:49:28Z">
          <exception class="org.testng.SkipException">
            <message>
              <![CDATA[Runmode of 'CommonSuite' is set to 'NO', hence skipping all tests in Suite!]]>
            </message>
            <full-stacktrace>
              <![CDATA[org.testng.SkipException: Runmode of 'CommonSuite' is set to 'NO', hence skipping all tests in Suite!
	at Util.TestUtil.checkSuiteSkip(TestUtil.java:137)
	at com.SuiteCommon.TestSuiteBase.checkSuiteSkip(TestSuiteBase.java:12)
	at sun.reflect.NativeMethodAccessorImpl.invoke0(Native Method)
	at sun.reflect.NativeMethodAccessorImpl.invoke(Unknown Source)
	at sun.reflect.DelegatingMethodAccessorImpl.invoke(Unknown Source)
	at java.lang.reflect.Method.invoke(Unknown Source)
	at org.testng.internal.MethodInvocationHelper.invokeMethod(MethodInvocationHelper.java:84)
	at org.testng.internal.Invoker.invokeConfigurationMethod(Invoker.java:564)
	at org.testng.internal.Invoker.invokeConfigurations(Invoker.java:213)
	at org.testng.internal.Invoker.invokeConfigurations(Invoker.java:138)
	at org.testng.SuiteRunner.privateRun(SuiteRunner.java:277)
	at org.testng.SuiteRunner.run(SuiteRunner.java:240)
	at org.testng.SuiteRunnerWorker.runSuite(SuiteRunnerWorker.java:52)
	at org.testng.SuiteRunnerWorker.run(SuiteRunnerWorker.java:86)
	at org.testng.TestNG.runSuitesSequentially(TestNG.java:1224)
	at org.testng.TestNG.runSuitesSequentially(TestNG.java:1220)
	at org.testng.TestNG.runSuitesLocally(TestNG.java:1149)
	at org.testng.TestNG.run(TestNG.java:1057)
	at org.testng.remote.RemoteTestNG.run(RemoteTestNG.java:111)
	at org.testng.remote.RemoteTestNG.initAndRun(RemoteTestNG.java:204)
	at org.testng.remote.RemoteTestNG.main(RemoteTestNG.java:175)
]]>
            </full-stacktrace>
          </exception> <!-- org.testng.SkipException -->
          <reporter-output>
          </reporter-output>
        </test-method> <!-- checkSuiteSkip -->
        <test-method status="SKIP" signature="checkTestSkip()[pri:0, instance:com.SuiteCommon.TestCase_CheckTrainingVideo@50ee1793]" name="checkTestSkip" is-config="true" duration-ms="0" started-at="2015-09-09T15:49:28Z" finished-at="2015-09-09T15:49:28Z">
          <reporter-output>
          </reporter-output>
        </test-method> <!-- checkTestSkip -->
        <test-method status="SKIP" signature="CheckTrainingVideo()[pri:0, instance:com.SuiteCommon.TestCase_CheckTrainingVideo@50ee1793]" name="CheckTrainingVideo" duration-ms="1" started-at="2015-09-09T15:49:28Z" finished-at="2015-09-09T15:49:28Z">
          <reporter-output>
          </reporter-output>
        </test-method> <!-- CheckTrainingVideo -->
        <test-method status="SKIP" signature="DefaultResult(org.testng.ITestResult)[pri:0, instance:com.SuiteCommon.TestCase_CheckTrainingVideo@50ee1793]" name="DefaultResult" is-config="true" duration-ms="0" started-at="2015-09-09T15:49:28Z" finished-at="2015-09-09T15:49:28Z">
          <reporter-output>
          </reporter-output>
        </test-method> <!-- DefaultResult -->
      </class> <!-- com.SuiteCommon.TestCase_CheckTrainingVideo -->
    </test> <!-- Check Training Video -->
  </suite> <!-- Common Test Cases -->
  <suite name="Rubrics Test Cases" duration-ms="350" started-at="2015-09-09T10:19:29Z" finished-at="2015-09-09T10:19:29Z">
    <groups>
    </groups>
    <test name="Check Runmode of Suite" duration-ms="0" started-at="2015-09-09T10:19:29Z" finished-at="2015-09-09T10:19:29Z">
    </test> <!-- Check Runmode of Suite -->
    <test name="Create New Rubrics Folder" duration-ms="15" started-at="2015-09-09T10:19:29Z" finished-at="2015-09-09T10:19:29Z">
      <class name="com.suiteRubrics.TestCase_CreateNewRubricsFolder">
        <test-method status="SKIP" signature="checkTestSkip()[pri:0, instance:com.suiteRubrics.TestCase_CreateNewRubricsFolder@ee1fdae]" name="checkTestSkip" is-config="true" duration-ms="0" started-at="2015-09-09T15:49:29Z" finished-at="2015-09-09T15:49:29Z">
          <reporter-output>
          </reporter-output>
        </test-method> <!-- checkTestSkip -->
        <test-method status="SKIP" signature="VerifyCreateNewRubricsFolder()[pri:0, instance:com.suiteRubrics.TestCase_CreateNewRubricsFolder@ee1fdae]" name="VerifyCreateNewRubricsFolder" duration-ms="1" started-at="2015-09-09T15:49:29Z" finished-at="2015-09-09T15:49:29Z">
          <reporter-output>
          </reporter-output>
        </test-method> <!-- VerifyCreateNewRubricsFolder -->
        <test-method status="SKIP" signature="DefaultResult(org.testng.ITestResult)[pri:0, instance:com.suiteRubrics.TestCase_CreateNewRubricsFolder@ee1fdae]" name="DefaultResult" is-config="true" duration-ms="0" started-at="2015-09-09T15:49:29Z" finished-at="2015-09-09T15:49:29Z">
          <reporter-output>
          </reporter-output>
        </test-method> <!-- DefaultResult -->
      </class> <!-- com.suiteRubrics.TestCase_CreateNewRubricsFolder -->
    </test> <!-- Create New Rubrics Folder -->
    <test name="Create Points Based Rubric" duration-ms="35" started-at="2015-09-09T10:19:29Z" finished-at="2015-09-09T10:19:29Z">
      <class name="com.suiteRubrics.TestCase_CreatePointBasedRubric">
        <test-method status="SKIP" signature="checkTestSkip()[pri:0, instance:com.suiteRubrics.TestCase_CreatePointBasedRubric@20e5488e]" name="checkTestSkip" is-config="true" duration-ms="0" started-at="2015-09-09T15:49:29Z" finished-at="2015-09-09T15:49:29Z">
          <reporter-output>
          </reporter-output>
        </test-method> <!-- checkTestSkip -->
        <test-method status="SKIP" signature="VerifyCreatePointBasedRubric()[pri:0, instance:com.suiteRubrics.TestCase_CreatePointBasedRubric@20e5488e]" name="VerifyCreatePointBasedRubric" duration-ms="1" started-at="2015-09-09T15:49:29Z" finished-at="2015-09-09T15:49:29Z">
          <reporter-output>
          </reporter-output>
        </test-method> <!-- VerifyCreatePointBasedRubric -->
        <test-method status="SKIP" signature="DefaultResult(org.testng.ITestResult)[pri:0, instance:com.suiteRubrics.TestCase_CreatePointBasedRubric@20e5488e]" name="DefaultResult" is-config="true" duration-ms="0" started-at="2015-09-09T15:49:29Z" finished-at="2015-09-09T15:49:29Z">
          <reporter-output>
          </reporter-output>
        </test-method> <!-- DefaultResult -->
      </class> <!-- com.suiteRubrics.TestCase_CreatePointBasedRubric -->
    </test> <!-- Create Points Based Rubric -->
    <test name="Create Scale Based Rubric" duration-ms="27" started-at="2015-09-09T10:19:29Z" finished-at="2015-09-09T10:19:29Z">
      <class name="com.suiteRubrics.TestCase_CreateScaleBasedRubric">
        <test-method status="SKIP" signature="checkTestSkip()[pri:0, instance:com.suiteRubrics.TestCase_CreateScaleBasedRubric@6465e468]" name="checkTestSkip" is-config="true" duration-ms="0" started-at="2015-09-09T15:49:29Z" finished-at="2015-09-09T15:49:29Z">
          <reporter-output>
          </reporter-output>
        </test-method> <!-- checkTestSkip -->
        <test-method status="SKIP" signature="VerifyCreateScaleBasedRubric()[pri:0, instance:com.suiteRubrics.TestCase_CreateScaleBasedRubric@6465e468]" name="VerifyCreateScaleBasedRubric" duration-ms="1" started-at="2015-09-09T15:49:29Z" finished-at="2015-09-09T15:49:29Z">
          <reporter-output>
          </reporter-output>
        </test-method> <!-- VerifyCreateScaleBasedRubric -->
        <test-method status="SKIP" signature="DefaultResult(org.testng.ITestResult)[pri:0, instance:com.suiteRubrics.TestCase_CreateScaleBasedRubric@6465e468]" name="DefaultResult" is-config="true" duration-ms="0" started-at="2015-09-09T15:49:29Z" finished-at="2015-09-09T15:49:29Z">
          <reporter-output>
          </reporter-output>
        </test-method> <!-- DefaultResult -->
      </class> <!-- com.suiteRubrics.TestCase_CreateScaleBasedRubric -->
    </test> <!-- Create Scale Based Rubric -->
    <test name="Save As Rubric Template" duration-ms="4" started-at="2015-09-09T10:19:29Z" finished-at="2015-09-09T10:19:29Z">
      <class name="com.suiteRubrics.TestCase_SaveAsRubricTemplate">
        <test-method status="SKIP" signature="checkTestSkip()[pri:0, instance:com.suiteRubrics.TestCase_SaveAsRubricTemplate@375062c7]" name="checkTestSkip" is-config="true" duration-ms="0" started-at="2015-09-09T15:49:29Z" finished-at="2015-09-09T15:49:29Z">
          <reporter-output>
          </reporter-output>
        </test-method> <!-- checkTestSkip -->
        <test-method status="SKIP" signature="VerifySaveAsRubricTemplate()[pri:0, instance:com.suiteRubrics.TestCase_SaveAsRubricTemplate@375062c7]" name="VerifySaveAsRubricTemplate" duration-ms="0" started-at="2015-09-09T15:49:29Z" finished-at="2015-09-09T15:49:29Z">
          <reporter-output>
          </reporter-output>
        </test-method> <!-- VerifySaveAsRubricTemplate -->
        <test-method status="SKIP" signature="DefaultResult(org.testng.ITestResult)[pri:0, instance:com.suiteRubrics.TestCase_SaveAsRubricTemplate@375062c7]" name="DefaultResult" is-config="true" duration-ms="0" started-at="2015-09-09T15:49:29Z" finished-at="2015-09-09T15:49:29Z">
          <reporter-output>
          </reporter-output>
        </test-method> <!-- DefaultResult -->
      </class> <!-- com.suiteRubrics.TestCase_SaveAsRubricTemplate -->
    </test> <!-- Save As Rubric Template -->
    <test name="Save Rubric As A Template" duration-ms="118" started-at="2015-09-09T10:19:29Z" finished-at="2015-09-09T10:19:29Z">
      <class name="com.suiteRubrics.TestCase_SaveTemplateAsRubric">
        <test-method status="SKIP" signature="checkTestSkip()[pri:0, instance:com.suiteRubrics.TestCase_SaveTemplateAsRubric@10cafcf2]" name="checkTestSkip" is-config="true" duration-ms="0" started-at="2015-09-09T15:49:29Z" finished-at="2015-09-09T15:49:29Z">
          <reporter-output>
          </reporter-output>
        </test-method> <!-- checkTestSkip -->
        <test-method status="SKIP" signature="VerifySaveTemplateAsRubric()[pri:0, instance:com.suiteRubrics.TestCase_SaveTemplateAsRubric@10cafcf2]" name="VerifySaveTemplateAsRubric" duration-ms="114" started-at="2015-09-09T15:49:29Z" finished-at="2015-09-09T15:49:29Z">
          <reporter-output>
          </reporter-output>
        </test-method> <!-- VerifySaveTemplateAsRubric -->
        <test-method status="SKIP" signature="DefaultResult(org.testng.ITestResult)[pri:0, instance:com.suiteRubrics.TestCase_SaveTemplateAsRubric@10cafcf2]" name="DefaultResult" is-config="true" duration-ms="0" started-at="2015-09-09T15:49:29Z" finished-at="2015-09-09T15:49:29Z">
          <reporter-output>
          </reporter-output>
        </test-method> <!-- DefaultResult -->
      </class> <!-- com.suiteRubrics.TestCase_SaveTemplateAsRubric -->
    </test> <!-- Save Rubric As A Template -->
    <test name="Add Rubric Dimension and Level" duration-ms="11" started-at="2015-09-09T10:19:29Z" finished-at="2015-09-09T10:19:29Z">
      <class name="com.suiteRubrics.TestCase_AddDimensionAndLevel">
        <test-method status="SKIP" signature="checkTestSkip()[pri:0, instance:com.suiteRubrics.TestCase_AddDimensionAndLevel@682be886]" name="checkTestSkip" is-config="true" duration-ms="0" started-at="2015-09-09T15:49:29Z" finished-at="2015-09-09T15:49:29Z">
          <reporter-output>
          </reporter-output>
        </test-method> <!-- checkTestSkip -->
        <test-method status="SKIP" signature="VerifyAddDimensionAndLevel()[pri:0, instance:com.suiteRubrics.TestCase_AddDimensionAndLevel@682be886]" name="VerifyAddDimensionAndLevel" duration-ms="1" started-at="2015-09-09T15:49:29Z" finished-at="2015-09-09T15:49:29Z">
          <reporter-output>
          </reporter-output>
        </test-method> <!-- VerifyAddDimensionAndLevel -->
        <test-method status="SKIP" signature="DefaultResult(org.testng.ITestResult)[pri:0, instance:com.suiteRubrics.TestCase_AddDimensionAndLevel@682be886]" name="DefaultResult" is-config="true" duration-ms="0" started-at="2015-09-09T15:49:29Z" finished-at="2015-09-09T15:49:29Z">
          <reporter-output>
          </reporter-output>
        </test-method> <!-- DefaultResult -->
      </class> <!-- com.suiteRubrics.TestCase_AddDimensionAndLevel -->
    </test> <!-- Add Rubric Dimension and Level -->
    <test name="Delete Rubric Dimension and Level" duration-ms="5" started-at="2015-09-09T10:19:29Z" finished-at="2015-09-09T10:19:29Z">
      <class name="com.suiteRubrics.TestCase_DeleteDimensionAndLevel">
        <test-method status="SKIP" signature="checkTestSkip()[pri:0, instance:com.suiteRubrics.TestCase_DeleteDimensionAndLevel@315351de]" name="checkTestSkip" is-config="true" duration-ms="0" started-at="2015-09-09T15:49:29Z" finished-at="2015-09-09T15:49:29Z">
          <reporter-output>
          </reporter-output>
        </test-method> <!-- checkTestSkip -->
        <test-method status="SKIP" signature="VerifyDeleteDimensionAndLevel()[pri:0, instance:com.suiteRubrics.TestCase_DeleteDimensionAndLevel@315351de]" name="VerifyDeleteDimensionAndLevel" duration-ms="1" started-at="2015-09-09T15:49:29Z" finished-at="2015-09-09T15:49:29Z">
          <reporter-output>
          </reporter-output>
        </test-method> <!-- VerifyDeleteDimensionAndLevel -->
        <test-method status="SKIP" signature="DefaultResult(org.testng.ITestResult)[pri:0, instance:com.suiteRubrics.TestCase_DeleteDimensionAndLevel@315351de]" name="DefaultResult" is-config="true" duration-ms="0" started-at="2015-09-09T15:49:29Z" finished-at="2015-09-09T15:49:29Z">
          <reporter-output>
          </reporter-output>
        </test-method> <!-- DefaultResult -->
      </class> <!-- com.suiteRubrics.TestCase_DeleteDimensionAndLevel -->
    </test> <!-- Delete Rubric Dimension and Level -->
    <test name="Edit Rubric" duration-ms="8" started-at="2015-09-09T10:19:29Z" finished-at="2015-09-09T10:19:29Z">
      <class name="com.suiteRubrics.TestCase_EditRubric">
        <test-method status="SKIP" signature="checkTestSkip()[pri:0, instance:com.suiteRubrics.TestCase_EditRubric@4f9e462f]" name="checkTestSkip" is-config="true" duration-ms="0" started-at="2015-09-09T15:49:29Z" finished-at="2015-09-09T15:49:29Z">
          <reporter-output>
          </reporter-output>
        </test-method> <!-- checkTestSkip -->
        <test-method status="SKIP" signature="VerifyEditRubric()[pri:0, instance:com.suiteRubrics.TestCase_EditRubric@4f9e462f]" name="VerifyEditRubric" duration-ms="1" started-at="2015-09-09T15:49:29Z" finished-at="2015-09-09T15:49:29Z">
          <reporter-output>
          </reporter-output>
        </test-method> <!-- VerifyEditRubric -->
        <test-method status="SKIP" signature="DefaultResult(org.testng.ITestResult)[pri:0, instance:com.suiteRubrics.TestCase_EditRubric@4f9e462f]" name="DefaultResult" is-config="true" duration-ms="0" started-at="2015-09-09T15:49:29Z" finished-at="2015-09-09T15:49:29Z">
          <reporter-output>
          </reporter-output>
        </test-method> <!-- DefaultResult -->
      </class> <!-- com.suiteRubrics.TestCase_EditRubric -->
    </test> <!-- Edit Rubric -->
    <test name="Delete A Rubric" duration-ms="11" started-at="2015-09-09T10:19:29Z" finished-at="2015-09-09T10:19:29Z">
      <class name="com.suiteRubrics.TestCase_DeleteRubric">
        <test-method status="SKIP" signature="checkTestSkip()[pri:0, instance:com.suiteRubrics.TestCase_DeleteRubric@5799182a]" name="checkTestSkip" is-config="true" duration-ms="0" started-at="2015-09-09T15:49:29Z" finished-at="2015-09-09T15:49:29Z">
          <reporter-output>
          </reporter-output>
        </test-method> <!-- checkTestSkip -->
        <test-method status="SKIP" signature="VerifyDeleteRubric()[pri:0, instance:com.suiteRubrics.TestCase_DeleteRubric@5799182a]" name="VerifyDeleteRubric" duration-ms="1" started-at="2015-09-09T15:49:29Z" finished-at="2015-09-09T15:49:29Z">
          <reporter-output>
          </reporter-output>
        </test-method> <!-- VerifyDeleteRubric -->
        <test-method status="SKIP" signature="DefaultResult(org.testng.ITestResult)[pri:0, instance:com.suiteRubrics.TestCase_DeleteRubric@5799182a]" name="DefaultResult" is-config="true" duration-ms="0" started-at="2015-09-09T15:49:29Z" finished-at="2015-09-09T15:49:29Z">
          <reporter-output>
          </reporter-output>
        </test-method> <!-- DefaultResult -->
      </class> <!-- com.suiteRubrics.TestCase_DeleteRubric -->
    </test> <!-- Delete A Rubric -->
    <test name="Share Rubric Folder" duration-ms="15" started-at="2015-09-09T10:19:29Z" finished-at="2015-09-09T10:19:29Z">
      <class name="com.suiteRubrics.TestCase_ShareRubricsFolder">
        <test-method status="SKIP" signature="checkTestSkip()[pri:0, instance:com.suiteRubrics.TestCase_ShareRubricsFolder@40c90ea4]" name="checkTestSkip" is-config="true" duration-ms="0" started-at="2015-09-09T15:49:29Z" finished-at="2015-09-09T15:49:29Z">
          <reporter-output>
          </reporter-output>
        </test-method> <!-- checkTestSkip -->
        <test-method status="SKIP" signature="verifyShareRubricsFolderTest()[pri:0, instance:com.suiteRubrics.TestCase_ShareRubricsFolder@40c90ea4]" name="verifyShareRubricsFolderTest" duration-ms="1" started-at="2015-09-09T15:49:29Z" finished-at="2015-09-09T15:49:29Z">
          <reporter-output>
          </reporter-output>
        </test-method> <!-- verifyShareRubricsFolderTest -->
        <test-method status="SKIP" signature="DefaultResult(org.testng.ITestResult)[pri:0, instance:com.suiteRubrics.TestCase_ShareRubricsFolder@40c90ea4]" name="DefaultResult" is-config="true" duration-ms="0" started-at="2015-09-09T15:49:29Z" finished-at="2015-09-09T15:49:29Z">
          <reporter-output>
          </reporter-output>
        </test-method> <!-- DefaultResult -->
      </class> <!-- com.suiteRubrics.TestCase_ShareRubricsFolder -->
    </test> <!-- Share Rubric Folder -->
    <test name="Edit Rubric Folder" duration-ms="5" started-at="2015-09-09T10:19:29Z" finished-at="2015-09-09T10:19:29Z">
      <class name="com.suiteRubrics.TestCase_EditRubricsFolder">
        <test-method status="SKIP" signature="checkTestSkip()[pri:0, instance:com.suiteRubrics.TestCase_EditRubricsFolder@35af4d51]" name="checkTestSkip" is-config="true" duration-ms="0" started-at="2015-09-09T15:49:29Z" finished-at="2015-09-09T15:49:29Z">
          <reporter-output>
          </reporter-output>
        </test-method> <!-- checkTestSkip -->
        <test-method status="SKIP" signature="VerifyEditRubricsFolder()[pri:0, instance:com.suiteRubrics.TestCase_EditRubricsFolder@35af4d51]" name="VerifyEditRubricsFolder" duration-ms="1" started-at="2015-09-09T15:49:29Z" finished-at="2015-09-09T15:49:29Z">
          <reporter-output>
          </reporter-output>
        </test-method> <!-- VerifyEditRubricsFolder -->
        <test-method status="SKIP" signature="DefaultResult(org.testng.ITestResult)[pri:0, instance:com.suiteRubrics.TestCase_EditRubricsFolder@35af4d51]" name="DefaultResult" is-config="true" duration-ms="0" started-at="2015-09-09T15:49:29Z" finished-at="2015-09-09T15:49:29Z">
          <reporter-output>
          </reporter-output>
        </test-method> <!-- DefaultResult -->
      </class> <!-- com.suiteRubrics.TestCase_EditRubricsFolder -->
    </test> <!-- Edit Rubric Folder -->
    <test name="Delete Rubric Folder" duration-ms="3" started-at="2015-09-09T10:19:29Z" finished-at="2015-09-09T10:19:29Z">
      <class name="com.suiteRubrics.TestSuiteBase">
        <test-method status="SKIP" signature="checkSuiteSkip()[pri:0, instance:com.suiteRubrics.TestSuiteBase@72391879]" name="checkSuiteSkip" is-config="true" duration-ms="0" started-at="2015-09-09T15:49:29Z" finished-at="2015-09-09T15:49:29Z">
          <exception class="org.testng.SkipException">
            <message>
              <![CDATA[Runmode of 'RubricsSuite' is set to 'NO', hence skipping all tests in Suite!]]>
            </message>
            <full-stacktrace>
              <![CDATA[org.testng.SkipException: Runmode of 'RubricsSuite' is set to 'NO', hence skipping all tests in Suite!
	at Util.TestUtil.checkSuiteSkip(TestUtil.java:137)
	at com.suiteRubrics.TestSuiteBase.checkSuiteSkip(TestSuiteBase.java:11)
	at sun.reflect.NativeMethodAccessorImpl.invoke0(Native Method)
	at sun.reflect.NativeMethodAccessorImpl.invoke(Unknown Source)
	at sun.reflect.DelegatingMethodAccessorImpl.invoke(Unknown Source)
	at java.lang.reflect.Method.invoke(Unknown Source)
	at org.testng.internal.MethodInvocationHelper.invokeMethod(MethodInvocationHelper.java:84)
	at org.testng.internal.Invoker.invokeConfigurationMethod(Invoker.java:564)
	at org.testng.internal.Invoker.invokeConfigurations(Invoker.java:213)
	at org.testng.internal.Invoker.invokeConfigurations(Invoker.java:138)
	at org.testng.SuiteRunner.privateRun(SuiteRunner.java:277)
	at org.testng.SuiteRunner.run(SuiteRunner.java:240)
	at org.testng.SuiteRunnerWorker.runSuite(SuiteRunnerWorker.java:52)
	at org.testng.SuiteRunnerWorker.run(SuiteRunnerWorker.java:86)
	at org.testng.TestNG.runSuitesSequentially(TestNG.java:1224)
	at org.testng.TestNG.runSuitesSequentially(TestNG.java:1220)
	at org.testng.TestNG.runSuitesLocally(TestNG.java:1149)
	at org.testng.TestNG.run(TestNG.java:1057)
	at org.testng.remote.RemoteTestNG.run(RemoteTestNG.java:111)
	at org.testng.remote.RemoteTestNG.initAndRun(RemoteTestNG.java:204)
	at org.testng.remote.RemoteTestNG.main(RemoteTestNG.java:175)
]]>
            </full-stacktrace>
          </exception> <!-- org.testng.SkipException -->
          <reporter-output>
          </reporter-output>
        </test-method> <!-- checkSuiteSkip -->
      </class> <!-- com.suiteRubrics.TestSuiteBase -->
      <class name="com.suiteRubrics.TestCase_DeleteRubricFolder">
        <test-method status="SKIP" signature="checkTestSkip()[pri:0, instance:com.suiteRubrics.TestCase_DeleteRubricFolder@7a6de1c4]" name="checkTestSkip" is-config="true" duration-ms="0" started-at="2015-09-09T15:49:29Z" finished-at="2015-09-09T15:49:29Z">
          <reporter-output>
          </reporter-output>
        </test-method> <!-- checkTestSkip -->
        <test-method status="SKIP" signature="VerifyDeleteRubricFolder()[pri:0, instance:com.suiteRubrics.TestCase_DeleteRubricFolder@7a6de1c4]" name="VerifyDeleteRubricFolder" duration-ms="1" started-at="2015-09-09T15:49:29Z" finished-at="2015-09-09T15:49:29Z">
          <reporter-output>
          </reporter-output>
        </test-method> <!-- VerifyDeleteRubricFolder -->
        <test-method status="SKIP" signature="DefaultResult(org.testng.ITestResult)[pri:0, instance:com.suiteRubrics.TestCase_DeleteRubricFolder@7a6de1c4]" name="DefaultResult" is-config="true" duration-ms="0" started-at="2015-09-09T15:49:29Z" finished-at="2015-09-09T15:49:29Z">
          <reporter-output>
          </reporter-output>
        </test-method> <!-- DefaultResult -->
      </class> <!-- com.suiteRubrics.TestCase_DeleteRubricFolder -->
    </test> <!-- Delete Rubric Folder -->
  </suite> <!-- Rubrics Test Cases -->
</testng-results>
